Unable to capture context for thread 14608 in process 484, can not generate back trace
Unable to capture context for thread 15188 in process 484, can not generate back trace
Exception at PC 0x00007FFAB076BB93
Printing stacktrace...

[0]  [0x00007FFAB076BB93]
[1]  [0x00007FFAB076BB93]
[2]  [0x00007FFAB076B4A1]
[3]  [0x00007FFAB076B3EF]
[4]  [0x00007FFAB07519FE]
[5]  [0x00007FFAB0750ED1]
[6]  [0x00007FFAB0750D76]
[7]  [0x00007FFAB06F79F6]
[8]  [0x00007FFAB06E7AFB]
[9]  [0x00007FFAB080E90A]
[10]  [0x00007FFAB0829F87]
[11]  [0x00007FFAB082A05F]
[12] (BaseThreadInitThunk+0x14) [0x00007FFB40AC7034]
[13] (RtlUserThreadStart+0x21) [0x00007FFB41982651]
Done
Exception at PC 0x00007FFAB0471A52
Attemped to write at address 0x00007FFAE8BFABA4
Printing stacktrace...

[0]  [0x00007FFAB0471A52]
[1]  [0x00007FFAB0471A52]
[2]  [0x00007FFAB0471AD4]
[3]  [0x00007FFAB05B3FF7]
[4]  [0x00007FFAB0499128]
[5]  [0x00007FFAB074DFB9]
[6]  [0x00007FFAB091EF23]
[7]  [0x00007FFAB082B06B]
[8]  [0x00007FFAB08208AF]
[9]  [0x00007FFAB0820A32]
[10] (RtlActivateActivationContextUnsafeFast+0x11d) [0x00007FFB41949A1D]
[11] (LdrShutdownProcess+0x141) [0x00007FFB4198DB91]
[12] (RtlExitUserProcess+0xad) [0x00007FFB4198DA2D]
[13] (FatalExit+0xb) [0x00007FFB40ACE0AB]
[14] (exit+0x85) [0x00007FFB410EA155]
[15] (initterm_e+0x245) [0x00007FFB410EA7C5]
[16]  [0x00000000004014CD]
[17]  [0x000000000040151B]
[18] (BaseThreadInitThunk+0x14) [0x00007FFB40AC7034]
[19] (RtlUserThreadStart+0x21) [0x00007FFB41982651]
Done
