
*** Running vivado
    with args -log design_1_axi_gpio_0_0.vds -m64 -product Vivado -mode batch -messageDb vivado.pb -notrace -source design_1_axi_gpio_0_0.tcl


****** Vivado v2017.2 (64-bit)
  **** SW Build 1909853 on Thu Jun 15 18:39:09 MDT 2017
  **** IP Build 1909766 on Thu Jun 15 19:58:00 MDT 2017
    ** Copyright 1986-2017 Xilinx, Inc. All Rights Reserved.

source design_1_axi_gpio_0_0.tcl -notrace
Starting RTL Elaboration : Time (s): cpu = 00:00:04 ; elapsed = 00:00:04 . Memory (MB): peak = 328.203 ; gain = 80.012
INFO: [Synth 8-638] synthesizing module 'design_1_axi_gpio_0_0' [c:/Users/jespe/Desktop/Uni_Civil_9_Semester/Embedded_course/ERTS_final_project/Vivado_project/project_1/project_1.srcs/sources_1/bd/design_1/ip/design_1_axi_gpio_0_0/synth/design_1_axi_gpio_0_0.vhd:86]
INFO: [Synth 8-638] synthesizing module 'axi_gpio' [c:/Users/jespe/Desktop/Uni_Civil_9_Semester/Embedded_course/ERTS_final_project/Vivado_project/project_1/project_1.srcs/sources_1/bd/design_1/ipshared/cb07/hdl/axi_gpio_v2_0_vh_rfs.vhd:1257]
INFO: [Synth 8-638] synthesizing module 'axi_lite_ipif' [c:/Users/jespe/Desktop/Uni_Civil_9_Semester/Embedded_course/ERTS_final_project/Vivado_project/project_1/project_1.srcs/sources_1/bd/design_1/ipshared/0ba0/hdl/axi_lite_ipif_v3_0_vh_rfs.vhd:2948]
INFO: [Synth 8-638] synthesizing module 'slave_attachment' [c:/Users/jespe/Desktop/Uni_Civil_9_Semester/Embedded_course/ERTS_final_project/Vivado_project/project_1/project_1.srcs/sources_1/bd/design_1/ipshared/0ba0/hdl/axi_lite_ipif_v3_0_vh_rfs.vhd:2341]
INFO: [Synth 8-638] synthesizing module 'address_decoder' [c:/Users/jespe/Desktop/Uni_Civil_9_Semester/Embedded_course/ERTS_final_project/Vivado_project/project_1/project_1.srcs/sources_1/bd/design_1/ipshared/0ba0/hdl/axi_lite_ipif_v3_0_vh_rfs.vhd:1775]
INFO: [Synth 8-638] synthesizing module 'pselect_f' [c:/Users/jespe/Desktop/Uni_Civil_9_Semester/Embedded_course/ERTS_final_project/Vivado_project/project_1/project_1.srcs/sources_1/bd/design_1/ipshared/0ba0/hdl/axi_lite_ipif_v3_0_vh_rfs.vhd:1534]
INFO: [Synth 8-256] done synthesizing module 'pselect_f' (1#1) [c:/Users/jespe/Desktop/Uni_Civil_9_Semester/Embedded_course/ERTS_final_project/Vivado_project/project_1/project_1.srcs/sources_1/bd/design_1/ipshared/0ba0/hdl/axi_lite_ipif_v3_0_vh_rfs.vhd:1534]
INFO: [Synth 8-638] synthesizing module 'pselect_f__parameterized0' [c:/Users/jespe/Desktop/Uni_Civil_9_Semester/Embedded_course/ERTS_final_project/Vivado_project/project_1/project_1.srcs/sources_1/bd/design_1/ipshared/0ba0/hdl/axi_lite_ipif_v3_0_vh_rfs.vhd:1534]
INFO: [Synth 8-256] done synthesizing module 'pselect_f__parameterized0' (1#1) [c:/Users/jespe/Desktop/Uni_Civil_9_Semester/Embedded_course/ERTS_final_project/Vivado_project/project_1/project_1.srcs/sources_1/bd/design_1/ipshared/0ba0/hdl/axi_lite_ipif_v3_0_vh_rfs.vhd:1534]
INFO: [Synth 8-638] synthesizing module 'pselect_f__parameterized1' [c:/Users/jespe/Desktop/Uni_Civil_9_Semester/Embedded_course/ERTS_final_project/Vivado_project/project_1/project_1.srcs/sources_1/bd/design_1/ipshared/0ba0/hdl/axi_lite_ipif_v3_0_vh_rfs.vhd:1534]
INFO: [Synth 8-256] done synthesizing module 'pselect_f__parameterized1' (1#1) [c:/Users/jespe/Desktop/Uni_Civil_9_Semester/Embedded_course/ERTS_final_project/Vivado_project/project_1/project_1.srcs/sources_1/bd/design_1/ipshared/0ba0/hdl/axi_lite_ipif_v3_0_vh_rfs.vhd:1534]
INFO: [Synth 8-638] synthesizing module 'pselect_f__parameterized2' [c:/Users/jespe/Desktop/Uni_Civil_9_Semester/Embedded_course/ERTS_final_project/Vivado_project/project_1/project_1.srcs/sources_1/bd/design_1/ipshared/0ba0/hdl/axi_lite_ipif_v3_0_vh_rfs.vhd:1534]
INFO: [Synth 8-256] done synthesizing module 'pselect_f__parameterized2' (1#1) [c:/Users/jespe/Desktop/Uni_Civil_9_Semester/Embedded_course/ERTS_final_project/Vivado_project/project_1/project_1.srcs/sources_1/bd/design_1/ipshared/0ba0/hdl/axi_lite_ipif_v3_0_vh_rfs.vhd:1534]
INFO: [Synth 8-638] synthesizing module 'pselect_f__parameterized3' [c:/Users/jespe/Desktop/Uni_Civil_9_Semester/Embedded_course/ERTS_final_project/Vivado_project/project_1/project_1.srcs/sources_1/bd/design_1/ipshared/0ba0/hdl/axi_lite_ipif_v3_0_vh_rfs.vhd:1534]
INFO: [Synth 8-256] done synthesizing module 'pselect_f__parameterized3' (1#1) [c:/Users/jespe/Desktop/Uni_Civil_9_Semester/Embedded_course/ERTS_final_project/Vivado_project/project_1/project_1.srcs/sources_1/bd/design_1/ipshared/0ba0/hdl/axi_lite_ipif_v3_0_vh_rfs.vhd:1534]
INFO: [Synth 8-638] synthesizing module 'pselect_f__parameterized4' [c:/Users/jespe/Desktop/Uni_Civil_9_Semester/Embedded_course/ERTS_final_project/Vivado_project/project_1/project_1.srcs/sources_1/bd/design_1/ipshared/0ba0/hdl/axi_lite_ipif_v3_0_vh_rfs.vhd:1534]
INFO: [Synth 8-256] done synthesizing module 'pselect_f__parameterized4' (1#1) [c:/Users/jespe/Desktop/Uni_Civil_9_Semester/Embedded_course/ERTS_final_project/Vivado_project/project_1/project_1.srcs/sources_1/bd/design_1/ipshared/0ba0/hdl/axi_lite_ipif_v3_0_vh_rfs.vhd:1534]
INFO: [Synth 8-638] synthesizing module 'pselect_f__parameterized5' [c:/Users/jespe/Desktop/Uni_Civil_9_Semester/Embedded_course/ERTS_final_project/Vivado_project/project_1/project_1.srcs/sources_1/bd/design_1/ipshared/0ba0/hdl/axi_lite_ipif_v3_0_vh_rfs.vhd:1534]
INFO: [Synth 8-256] done synthesizing module 'pselect_f__parameterized5' (1#1) [c:/Users/jespe/Desktop/Uni_Civil_9_Semester/Embedded_course/ERTS_final_project/Vivado_project/project_1/project_1.srcs/sources_1/bd/design_1/ipshared/0ba0/hdl/axi_lite_ipif_v3_0_vh_rfs.vhd:1534]
INFO: [Synth 8-638] synthesizing module 'pselect_f__parameterized6' [c:/Users/jespe/Desktop/Uni_Civil_9_Semester/Embedded_course/ERTS_final_project/Vivado_project/project_1/project_1.srcs/sources_1/bd/design_1/ipshared/0ba0/hdl/axi_lite_ipif_v3_0_vh_rfs.vhd:1534]
INFO: [Synth 8-256] done synthesizing module 'pselect_f__parameterized6' (1#1) [c:/Users/jespe/Desktop/Uni_Civil_9_Semester/Embedded_course/ERTS_final_project/Vivado_project/project_1/project_1.srcs/sources_1/bd/design_1/ipshared/0ba0/hdl/axi_lite_ipif_v3_0_vh_rfs.vhd:1534]
INFO: [Synth 8-638] synthesizing module 'pselect_f__parameterized7' [c:/Users/jespe/Desktop/Uni_Civil_9_Semester/Embedded_course/ERTS_final_project/Vivado_project/project_1/project_1.srcs/sources_1/bd/design_1/ipshared/0ba0/hdl/axi_lite_ipif_v3_0_vh_rfs.vhd:1534]
INFO: [Synth 8-256] done synthesizing module 'pselect_f__parameterized7' (1#1) [c:/Users/jespe/Desktop/Uni_Civil_9_Semester/Embedded_course/ERTS_final_project/Vivado_project/project_1/project_1.srcs/sources_1/bd/design_1/ipshared/0ba0/hdl/axi_lite_ipif_v3_0_vh_rfs.vhd:1534]
INFO: [Synth 8-638] synthesizing module 'pselect_f__parameterized8' [c:/Users/jespe/Desktop/Uni_Civil_9_Semester/Embedded_course/ERTS_final_project/Vivado_project/project_1/project_1.srcs/sources_1/bd/design_1/ipshared/0ba0/hdl/axi_lite_ipif_v3_0_vh_rfs.vhd:1534]
INFO: [Synth 8-256] done synthesizing module 'pselect_f__parameterized8' (1#1) [c:/Users/jespe/Desktop/Uni_Civil_9_Semester/Embedded_course/ERTS_final_project/Vivado_project/project_1/project_1.srcs/sources_1/bd/design_1/ipshared/0ba0/hdl/axi_lite_ipif_v3_0_vh_rfs.vhd:1534]
INFO: [Synth 8-638] synthesizing module 'pselect_f__parameterized9' [c:/Users/jespe/Desktop/Uni_Civil_9_Semester/Embedded_course/ERTS_final_project/Vivado_project/project_1/project_1.srcs/sources_1/bd/design_1/ipshared/0ba0/hdl/axi_lite_ipif_v3_0_vh_rfs.vhd:1534]
INFO: [Synth 8-256] done synthesizing module 'pselect_f__parameterized9' (1#1) [c:/Users/jespe/Desktop/Uni_Civil_9_Semester/Embedded_course/ERTS_final_project/Vivado_project/project_1/project_1.srcs/sources_1/bd/design_1/ipshared/0ba0/hdl/axi_lite_ipif_v3_0_vh_rfs.vhd:1534]
INFO: [Synth 8-638] synthesizing module 'pselect_f__parameterized10' [c:/Users/jespe/Desktop/Uni_Civil_9_Semester/Embedded_course/ERTS_final_project/Vivado_project/project_1/project_1.srcs/sources_1/bd/design_1/ipshared/0ba0/hdl/axi_lite_ipif_v3_0_vh_rfs.vhd:1534]
INFO: [Synth 8-256] done synthesizing module 'pselect_f__parameterized10' (1#1) [c:/Users/jespe/Desktop/Uni_Civil_9_Semester/Embedded_course/ERTS_final_project/Vivado_project/project_1/project_1.srcs/sources_1/bd/design_1/ipshared/0ba0/hdl/axi_lite_ipif_v3_0_vh_rfs.vhd:1534]
INFO: [Synth 8-638] synthesizing module 'pselect_f__parameterized11' [c:/Users/jespe/Desktop/Uni_Civil_9_Semester/Embedded_course/ERTS_final_project/Vivado_project/project_1/project_1.srcs/sources_1/bd/design_1/ipshared/0ba0/hdl/axi_lite_ipif_v3_0_vh_rfs.vhd:1534]
INFO: [Synth 8-256] done synthesizing module 'pselect_f__parameterized11' (1#1) [c:/Users/jespe/Desktop/Uni_Civil_9_Semester/Embedded_course/ERTS_final_project/Vivado_project/project_1/project_1.srcs/sources_1/bd/design_1/ipshared/0ba0/hdl/axi_lite_ipif_v3_0_vh_rfs.vhd:1534]
INFO: [Synth 8-638] synthesizing module 'pselect_f__parameterized12' [c:/Users/jespe/Desktop/Uni_Civil_9_Semester/Embedded_course/ERTS_final_project/Vivado_project/project_1/project_1.srcs/sources_1/bd/design_1/ipshared/0ba0/hdl/axi_lite_ipif_v3_0_vh_rfs.vhd:1534]
INFO: [Synth 8-256] done synthesizing module 'pselect_f__parameterized12' (1#1) [c:/Users/jespe/Desktop/Uni_Civil_9_Semester/Embedded_course/ERTS_final_project/Vivado_project/project_1/project_1.srcs/sources_1/bd/design_1/ipshared/0ba0/hdl/axi_lite_ipif_v3_0_vh_rfs.vhd:1534]
INFO: [Synth 8-638] synthesizing module 'pselect_f__parameterized13' [c:/Users/jespe/Desktop/Uni_Civil_9_Semester/Embedded_course/ERTS_final_project/Vivado_project/project_1/project_1.srcs/sources_1/bd/design_1/ipshared/0ba0/hdl/axi_lite_ipif_v3_0_vh_rfs.vhd:1534]
INFO: [Synth 8-256] done synthesizing module 'pselect_f__parameterized13' (1#1) [c:/Users/jespe/Desktop/Uni_Civil_9_Semester/Embedded_course/ERTS_final_project/Vivado_project/project_1/project_1.srcs/sources_1/bd/design_1/ipshared/0ba0/hdl/axi_lite_ipif_v3_0_vh_rfs.vhd:1534]
INFO: [Synth 8-638] synthesizing module 'pselect_f__parameterized14' [c:/Users/jespe/Desktop/Uni_Civil_9_Semester/Embedded_course/ERTS_final_project/Vivado_project/project_1/project_1.srcs/sources_1/bd/design_1/ipshared/0ba0/hdl/axi_lite_ipif_v3_0_vh_rfs.vhd:1534]
INFO: [Synth 8-256] done synthesizing module 'pselect_f__parameterized14' (1#1) [c:/Users/jespe/Desktop/Uni_Civil_9_Semester/Embedded_course/ERTS_final_project/Vivado_project/project_1/project_1.srcs/sources_1/bd/design_1/ipshared/0ba0/hdl/axi_lite_ipif_v3_0_vh_rfs.vhd:1534]
INFO: [Synth 8-638] synthesizing module 'pselect_f__parameterized15' [c:/Users/jespe/Desktop/Uni_Civil_9_Semester/Embedded_course/ERTS_final_project/Vivado_project/project_1/project_1.srcs/sources_1/bd/design_1/ipshared/0ba0/hdl/axi_lite_ipif_v3_0_vh_rfs.vhd:1534]
INFO: [Synth 8-256] done synthesizing module 'pselect_f__parameterized15' (1#1) [c:/Users/jespe/Desktop/Uni_Civil_9_Semester/Embedded_course/ERTS_final_project/Vivado_project/project_1/project_1.srcs/sources_1/bd/design_1/ipshared/0ba0/hdl/axi_lite_ipif_v3_0_vh_rfs.vhd:1534]
INFO: [Synth 8-638] synthesizing module 'pselect_f__parameterized16' [c:/Users/jespe/Desktop/Uni_Civil_9_Semester/Embedded_course/ERTS_final_project/Vivado_project/project_1/project_1.srcs/sources_1/bd/design_1/ipshared/0ba0/hdl/axi_lite_ipif_v3_0_vh_rfs.vhd:1534]
INFO: [Synth 8-256] done synthesizing module 'pselect_f__parameterized16' (1#1) [c:/Users/jespe/Desktop/Uni_Civil_9_Semester/Embedded_course/ERTS_final_project/Vivado_project/project_1/project_1.srcs/sources_1/bd/design_1/ipshared/0ba0/hdl/axi_lite_ipif_v3_0_vh_rfs.vhd:1534]
INFO: [Synth 8-638] synthesizing module 'pselect_f__parameterized17' [c:/Users/jespe/Desktop/Uni_Civil_9_Semester/Embedded_course/ERTS_final_project/Vivado_project/project_1/project_1.srcs/sources_1/bd/design_1/ipshared/0ba0/hdl/axi_lite_ipif_v3_0_vh_rfs.vhd:1534]
INFO: [Synth 8-256] done synthesizing module 'pselect_f__parameterized17' (1#1) [c:/Users/jespe/Desktop/Uni_Civil_9_Semester/Embedded_course/ERTS_final_project/Vivado_project/project_1/project_1.srcs/sources_1/bd/design_1/ipshared/0ba0/hdl/axi_lite_ipif_v3_0_vh_rfs.vhd:1534]
INFO: [Synth 8-638] synthesizing module 'pselect_f__parameterized18' [c:/Users/jespe/Desktop/Uni_Civil_9_Semester/Embedded_course/ERTS_final_project/Vivado_project/project_1/project_1.srcs/sources_1/bd/design_1/ipshared/0ba0/hdl/axi_lite_ipif_v3_0_vh_rfs.vhd:1534]
INFO: [Synth 8-256] done synthesizing module 'pselect_f__parameterized18' (1#1) [c:/Users/jespe/Desktop/Uni_Civil_9_Semester/Embedded_course/ERTS_final_project/Vivado_project/project_1/project_1.srcs/sources_1/bd/design_1/ipshared/0ba0/hdl/axi_lite_ipif_v3_0_vh_rfs.vhd:1534]
INFO: [Synth 8-638] synthesizing module 'pselect_f__parameterized19' [c:/Users/jespe/Desktop/Uni_Civil_9_Semester/Embedded_course/ERTS_final_project/Vivado_project/project_1/project_1.srcs/sources_1/bd/design_1/ipshared/0ba0/hdl/axi_lite_ipif_v3_0_vh_rfs.vhd:1534]
INFO: [Synth 8-256] done synthesizing module 'pselect_f__parameterized19' (1#1) [c:/Users/jespe/Desktop/Uni_Civil_9_Semester/Embedded_course/ERTS_final_project/Vivado_project/project_1/project_1.srcs/sources_1/bd/design_1/ipshared/0ba0/hdl/axi_lite_ipif_v3_0_vh_rfs.vhd:1534]
INFO: [Synth 8-638] synthesizing module 'pselect_f__parameterized20' [c:/Users/jespe/Desktop/Uni_Civil_9_Semester/Embedded_course/ERTS_final_project/Vivado_project/project_1/project_1.srcs/sources_1/bd/design_1/ipshared/0ba0/hdl/axi_lite_ipif_v3_0_vh_rfs.vhd:1534]
INFO: [Synth 8-256] done synthesizing module 'pselect_f__parameterized20' (1#1) [c:/Users/jespe/Desktop/Uni_Civil_9_Semester/Embedded_course/ERTS_final_project/Vivado_project/project_1/project_1.srcs/sources_1/bd/design_1/ipshared/0ba0/hdl/axi_lite_ipif_v3_0_vh_rfs.vhd:1534]
INFO: [Synth 8-256] done synthesizing module 'address_decoder' (2#1) [c:/Users/jespe/Desktop/Uni_Civil_9_Semester/Embedded_course/ERTS_final_project/Vivado_project/project_1/project_1.srcs/sources_1/bd/design_1/ipshared/0ba0/hdl/axi_lite_ipif_v3_0_vh_rfs.vhd:1775]
INFO: [Synth 8-256] done synthesizing module 'slave_attachment' (3#1) [c:/Users/jespe/Desktop/Uni_Civil_9_Semester/Embedded_course/ERTS_final_project/Vivado_project/project_1/project_1.srcs/sources_1/bd/design_1/ipshared/0ba0/hdl/axi_lite_ipif_v3_0_vh_rfs.vhd:2341]
INFO: [Synth 8-256] done synthesizing module 'axi_lite_ipif' (4#1) [c:/Users/jespe/Desktop/Uni_Civil_9_Semester/Embedded_course/ERTS_final_project/Vivado_project/project_1/project_1.srcs/sources_1/bd/design_1/ipshared/0ba0/hdl/axi_lite_ipif_v3_0_vh_rfs.vhd:2948]
INFO: [Synth 8-638] synthesizing module 'interrupt_control' [c:/Users/jespe/Desktop/Uni_Civil_9_Semester/Embedded_course/ERTS_final_project/Vivado_project/project_1/project_1.srcs/sources_1/bd/design_1/ipshared/e956/hdl/interrupt_control_v3_1_vh_rfs.vhd:259]
INFO: [Synth 8-256] done synthesizing module 'interrupt_control' (5#1) [c:/Users/jespe/Desktop/Uni_Civil_9_Semester/Embedded_course/ERTS_final_project/Vivado_project/project_1/project_1.srcs/sources_1/bd/design_1/ipshared/e956/hdl/interrupt_control_v3_1_vh_rfs.vhd:259]
INFO: [Synth 8-638] synthesizing module 'GPIO_Core' [c:/Users/jespe/Desktop/Uni_Civil_9_Semester/Embedded_course/ERTS_final_project/Vivado_project/project_1/project_1.srcs/sources_1/bd/design_1/ipshared/cb07/hdl/axi_gpio_v2_0_vh_rfs.vhd:177]
INFO: [Synth 8-638] synthesizing module 'cdc_sync' [c:/Users/jespe/Desktop/Uni_Civil_9_Semester/Embedded_course/ERTS_final_project/Vivado_project/project_1/project_1.srcs/sources_1/bd/design_1/ipshared/52cb/hdl/lib_cdc_v1_0_rfs.vhd:106]
INFO: [Synth 8-256] done synthesizing module 'cdc_sync' (6#1) [c:/Users/jespe/Desktop/Uni_Civil_9_Semester/Embedded_course/ERTS_final_project/Vivado_project/project_1/project_1.srcs/sources_1/bd/design_1/ipshared/52cb/hdl/lib_cdc_v1_0_rfs.vhd:106]
INFO: [Synth 8-256] done synthesizing module 'GPIO_Core' (7#1) [c:/Users/jespe/Desktop/Uni_Civil_9_Semester/Embedded_course/ERTS_final_project/Vivado_project/project_1/project_1.srcs/sources_1/bd/design_1/ipshared/cb07/hdl/axi_gpio_v2_0_vh_rfs.vhd:177]
INFO: [Synth 8-256] done synthesizing module 'axi_gpio' (8#1) [c:/Users/jespe/Desktop/Uni_Civil_9_Semester/Embedded_course/ERTS_final_project/Vivado_project/project_1/project_1.srcs/sources_1/bd/design_1/ipshared/cb07/hdl/axi_gpio_v2_0_vh_rfs.vhd:1257]
INFO: [Synth 8-256] done synthesizing module 'design_1_axi_gpio_0_0' (9#1) [c:/Users/jespe/Desktop/Uni_Civil_9_Semester/Embedded_course/ERTS_final_project/Vivado_project/project_1/project_1.srcs/sources_1/bd/design_1/ip/design_1_axi_gpio_0_0/synth/design_1_axi_gpio_0_0.vhd:86]
Finished RTL Elaboration : Time (s): cpu = 00:00:05 ; elapsed = 00:00:06 . Memory (MB): peak = 369.535 ; gain = 121.344
Finished RTL Optimization Phase 1 : Time (s): cpu = 00:00:05 ; elapsed = 00:00:06 . Memory (MB): peak = 369.535 ; gain = 121.344
INFO: [Device 21-403] Loading part xc7z010clg400-1
Constraint Validation Runtime : Time (s): cpu = 00:00:00 ; elapsed = 00:00:00.046 . Memory (MB): peak = 674.500 ; gain = 0.000
Finished Constraint Validation : Time (s): cpu = 00:00:20 ; elapsed = 00:00:22 . Memory (MB): peak = 674.500 ; gain = 426.309
Finished Loading Part and Timing Information : Time (s): cpu = 00:00:20 ; elapsed = 00:00:22 . Memory (MB): peak = 674.500 ; gain = 426.309
Finished applying 'set_property' XDC Constraints : Time (s): cpu = 00:00:20 ; elapsed = 00:00:22 . Memory (MB): peak = 674.500 ; gain = 426.309
Finished RTL Optimization Phase 2 : Time (s): cpu = 00:00:21 ; elapsed = 00:00:23 . Memory (MB): peak = 674.500 ; gain = 426.309
Finished Cross Boundary and Area Optimization : Time (s): cpu = 00:00:23 ; elapsed = 00:00:24 . Memory (MB): peak = 674.500 ; gain = 426.309
Finished Applying XDC Timing Constraints : Time (s): cpu = 00:00:39 ; elapsed = 00:00:41 . Memory (MB): peak = 674.500 ; gain = 426.309
Finished Timing Optimization : Time (s): cpu = 00:00:39 ; elapsed = 00:00:41 . Memory (MB): peak = 674.500 ; gain = 426.309
Finished Technology Mapping : Time (s): cpu = 00:00:39 ; elapsed = 00:00:41 . Memory (MB): peak = 674.500 ; gain = 426.309
Finished IO Insertion : Time (s): cpu = 00:00:40 ; elapsed = 00:00:42 . Memory (MB): peak = 674.500 ; gain = 426.309
Finished Renaming Generated Instances : Time (s): cpu = 00:00:40 ; elapsed = 00:00:42 . Memory (MB): peak = 674.500 ; gain = 426.309
Finished Rebuilding User Hierarchy : Time (s): cpu = 00:00:40 ; elapsed = 00:00:42 . Memory (MB): peak = 674.500 ; gain = 426.309
Finished Renaming Generated Ports : Time (s): cpu = 00:00:40 ; elapsed = 00:00:42 . Memory (MB): peak = 674.500 ; gain = 426.309
Finished Handling Custom Attributes : Time (s): cpu = 00:00:40 ; elapsed = 00:00:42 . Memory (MB): peak = 674.500 ; gain = 426.309
Finished Renaming Generated Nets : Time (s): cpu = 00:00:40 ; elapsed = 00:00:42 . Memory (MB): peak = 674.500 ; gain = 426.309

Report Cell Usage: 
+------+-----+------+
|      |Cell |Count |
+------+-----+------+
|1     |LUT1 |     2|
|2     |LUT2 |    12|
|3     |LUT3 |     6|
|4     |LUT4 |    19|
|5     |LUT5 |    23|
|6     |LUT6 |    36|
|7     |FDR  |    32|
|8     |FDRE |   100|
|9     |FDSE |    12|
+------+-----+------+
Finished Writing Synthesis Report : Time (s): cpu = 00:00:40 ; elapsed = 00:00:42 . Memory (MB): peak = 674.500 ; gain = 426.309
synth_design: Time (s): cpu = 00:00:42 ; elapsed = 00:00:44 . Memory (MB): peak = 674.500 ; gain = 434.078
