

================================================================
== Vivado HLS Report for 'NeuralNetwork'
================================================================
* Date:           Mon Nov 22 20:34:38 2021

* Version:        2017.2 (Build 1909853 on Thu Jun 15 18:55:24 MDT 2017)
* Project:        NeuralNetwork_HLS
* Solution:       solution1
* Product family: zynq
* Target device:  xc7z020clg400-1


================================================================
== Performance Estimates
================================================================
+ Timing (ns): 
    * Summary: 
    +--------+-------+----------+------------+
    |  Clock | Target| Estimated| Uncertainty|
    +--------+-------+----------+------------+
    |ap_clk  |   8.00|      6.91|        1.00|
    +--------+-------+----------+------------+

+ Latency (clock cycles): 
    * Summary: 
    +-----+-------+-----+-------+---------+
    |   Latency   |   Interval  | Pipeline|
    | min |  max  | min |  max  |   Type  |
    +-----+-------+-----+-------+---------+
    |    2|  57842|    3|  57843|   none  |
    +-----+-------+-----+-------+---------+

    + Detail: 
        * Instance: 
        N/A

        * Loop: 
        +----------+-------+-------+----------+-----------+-----------+-------+----------+
        |          |    Latency    | Iteration|  Initiation Interval  |  Trip |          |
        | Loop Name|  min  |  max  |  Latency |  achieved |   target  | Count | Pipelined|
        +----------+-------+-------+----------+-----------+-----------+-------+----------+
        |- Loop 1  |    300|    300|         2|          -|          -|    150|    no    |
        |- Loop 2  |  22400|  22400|         2|          -|          -|  11200|    no    |
        +----------+-------+-------+----------+-----------+-----------+-------+----------+

============================================================
+ Verbose Summary: Synthesis Manager
============================================================
InlineROM: 1
ExposeGlobal: 0
============================================================
+ Verbose Summary: CDFG Model
============================================================
IsTopModel: 1
ResetActiveHigh: 1
IsCombinational: 0
IsDatapathOnly: 0
HasWiredReturn: 1
HasMFsm: 0
HasVarLatency: 1
IsPipeline: 0
IsRtlPipelined: 0
IsInstanceOverlapped: 0
IsDontTouch: 0
HasImplIP: 0
IsGatedGlobalClock: 0


============================================================
+ Verbose Summary: Schedule
============================================================
* Number of FSM states: 8
* Pipeline: 0
* Dataflow Pipeline: 0

* FSM state transitions: 
1 --> 
	7  / (or_cond1)
	2  / (!or_cond1 & !or_cond3)
	5  / (!or_cond1 & or_cond3)
2 --> 
	8  / (!or_cond5)
	3  / (or_cond5)
3 --> 
	4  / (!tmp_i3)
	8  / (tmp_i3)
4 --> 
	3  / true
5 --> 
	6  / (!tmp_i)
	8  / (tmp_i)
6 --> 
	5  / true
7 --> 
	8  / true
8 --> 
* FSM state operations: 

 <State 1>: 5.98ns
ST_1: StgValue_9 (8)  [1/1] 0.00ns
:0  call void (...)* @_ssdm_op_SpecBitsMap([80 x i32]* %input_r) nounwind, !map !38

ST_1: StgValue_10 (9)  [1/1] 0.00ns
:1  call void (...)* @_ssdm_op_SpecBitsMap([11200 x i8]* %biasWeight_input_r) nounwind, !map !44

ST_1: StgValue_11 (10)  [1/1] 0.00ns
:2  call void (...)* @_ssdm_op_SpecBitsMap(i8 %runNN_r) nounwind, !map !50

ST_1: StgValue_12 (11)  [1/1] 0.00ns
:3  call void (...)* @_ssdm_op_SpecBitsMap(i8 %setBais_r) nounwind, !map !56

ST_1: StgValue_13 (12)  [1/1] 0.00ns
:4  call void (...)* @_ssdm_op_SpecBitsMap(i8 %setWeight_r) nounwind, !map !60

ST_1: StgValue_14 (13)  [1/1] 0.00ns
:5  call void (...)* @_ssdm_op_SpecBitsMap(i8 0) nounwind, !map !64

ST_1: StgValue_15 (14)  [1/1] 0.00ns
:6  call void (...)* @_ssdm_op_SpecTopModule([14 x i8]* @NeuralNetwork_str) nounwind

ST_1: setWeight_r_read (15)  [1/1] 1.00ns
:7  %setWeight_r_read = call i8 @_ssdm_op_Read.s_axilite.i8(i8 %setWeight_r) nounwind

ST_1: setBais_r_read (16)  [1/1] 1.00ns
:8  %setBais_r_read = call i8 @_ssdm_op_Read.s_axilite.i8(i8 %setBais_r) nounwind

ST_1: runNN_r_read (17)  [1/1] 1.00ns
:9  %runNN_r_read = call i8 @_ssdm_op_Read.s_axilite.i8(i8 %runNN_r) nounwind

ST_1: empty (18)  [1/1] 0.00ns
:10  %empty = call i32 (...)* @_ssdm_op_SpecMemCore([80 x i32]* %input_r, [1 x i8]* @p_str, [7 x i8]* @RAM_1P_str, [1 x i8]* @p_str, i32 -1, [1 x i8]* @p_str, [1 x i8]* @p_str, [1 x i8]* @p_str, [1 x i8]* @p_str, [1 x i8]* @p_str) nounwind

ST_1: StgValue_20 (19)  [1/1] 0.00ns
:11  call void (...)* @_ssdm_op_SpecInterface([80 x i32]* %input_r, [10 x i8]* @p_str4, i32 0, i32 0, [1 x i8]* @p_str, i32 0, i32 0, [5 x i8]* @p_str5, [1 x i8]* @p_str, [1 x i8]* @p_str, i32 0, i32 0, i32 0, i32 0, [1 x i8]* @p_str, [1 x i8]* @p_str) nounwind

ST_1: empty_28 (20)  [1/1] 0.00ns
:12  %empty_28 = call i32 (...)* @_ssdm_op_SpecMemCore([11200 x i8]* %biasWeight_input_r, [1 x i8]* @p_str, [7 x i8]* @RAM_1P_str, [1 x i8]* @p_str, i32 -1, [1 x i8]* @p_str, [1 x i8]* @p_str, [1 x i8]* @p_str, [1 x i8]* @p_str, [1 x i8]* @p_str) nounwind

ST_1: StgValue_22 (21)  [1/1] 0.00ns
:13  call void (...)* @_ssdm_op_SpecInterface([11200 x i8]* %biasWeight_input_r, [10 x i8]* @p_str4, i32 0, i32 0, [1 x i8]* @p_str, i32 0, i32 0, [5 x i8]* @p_str5, [1 x i8]* @p_str, [1 x i8]* @p_str, i32 0, i32 0, i32 0, i32 0, [1 x i8]* @p_str, [1 x i8]* @p_str) nounwind

ST_1: StgValue_23 (22)  [1/1] 0.00ns  loc: ../NN_Code/NN_Code/neuralnetwork_ccode.c:148
:14  call void (...)* @_ssdm_op_SpecInterface(i8 %runNN_r, [10 x i8]* @p_str4, i32 0, i32 0, [1 x i8]* @p_str, i32 0, i32 0, [5 x i8]* @p_str5, [1 x i8]* @p_str, [1 x i8]* @p_str, i32 0, i32 0, i32 0, i32 0, [1 x i8]* @p_str, [1 x i8]* @p_str) nounwind

ST_1: StgValue_24 (23)  [1/1] 0.00ns  loc: ../NN_Code/NN_Code/neuralnetwork_ccode.c:149
:15  call void (...)* @_ssdm_op_SpecInterface(i8 %setBais_r, [10 x i8]* @p_str4, i32 0, i32 0, [1 x i8]* @p_str, i32 0, i32 0, [5 x i8]* @p_str5, [1 x i8]* @p_str, [1 x i8]* @p_str, i32 0, i32 0, i32 0, i32 0, [1 x i8]* @p_str, [1 x i8]* @p_str) nounwind

ST_1: StgValue_25 (24)  [1/1] 0.00ns  loc: ../NN_Code/NN_Code/neuralnetwork_ccode.c:150
:16  call void (...)* @_ssdm_op_SpecInterface(i8 %setWeight_r, [10 x i8]* @p_str4, i32 0, i32 0, [1 x i8]* @p_str, i32 0, i32 0, [5 x i8]* @p_str5, [1 x i8]* @p_str, [1 x i8]* @p_str, i32 0, i32 0, i32 0, i32 0, [1 x i8]* @p_str, [1 x i8]* @p_str) nounwind

ST_1: StgValue_26 (25)  [1/1] 0.00ns  loc: ../NN_Code/NN_Code/neuralnetwork_ccode.c:151
:17  call void (...)* @_ssdm_op_SpecInterface(i32 0, [10 x i8]* @p_str4, i32 0, i32 0, [1 x i8]* @p_str, i32 0, i32 0, [5 x i8]* @p_str5, [1 x i8]* @p_str, [1 x i8]* @p_str, i32 0, i32 0, i32 0, i32 0, [1 x i8]* @p_str, [1 x i8]* @p_str) nounwind

ST_1: tmp_s (26)  [1/1] 2.91ns  loc: ../NN_Code/NN_Code/neuralnetwork_ccode.c:155
:18  %tmp_s = icmp eq i8 %runNN_r_read, 1

ST_1: tmp_39 (27)  [1/1] 2.91ns  loc: ../NN_Code/NN_Code/neuralnetwork_ccode.c:155
:19  %tmp_39 = icmp eq i8 %setWeight_r_read, 0

ST_1: tmp (28)  [1/1] 0.00ns  loc: ../NN_Code/NN_Code/neuralnetwork_ccode.c:155 (grouped into LUT with out node tmp_1)
:20  %tmp = or i8 %setBais_r_read, %setWeight_r_read

ST_1: tmp_1 (29)  [1/1] 2.91ns  loc: ../NN_Code/NN_Code/neuralnetwork_ccode.c:155 (out node of the LUT)
:21  %tmp_1 = icmp eq i8 %tmp, 0

ST_1: or_cond1 (30)  [1/1] 2.07ns  loc: ../NN_Code/NN_Code/neuralnetwork_ccode.c:155
:22  %or_cond1 = and i1 %tmp_1, %tmp_s

ST_1: StgValue_32 (31)  [1/1] 0.00ns  loc: ../NN_Code/NN_Code/neuralnetwork_ccode.c:155
:23  br i1 %or_cond1, label %1, label %2

ST_1: tmp_40 (33)  [1/1] 2.91ns  loc: ../NN_Code/NN_Code/neuralnetwork_ccode.c:158
:0  %tmp_40 = icmp eq i8 %runNN_r_read, 0

ST_1: tmp_41 (34)  [1/1] 2.91ns  loc: ../NN_Code/NN_Code/neuralnetwork_ccode.c:158
:1  %tmp_41 = icmp eq i8 %setBais_r_read, 1

ST_1: tmp1 (35)  [1/1] 0.00ns  loc: ../NN_Code/NN_Code/neuralnetwork_ccode.c:158 (grouped into LUT with out node or_cond3)
:2  %tmp1 = and i1 %tmp_41, %tmp_39

ST_1: or_cond3 (36)  [1/1] 2.07ns  loc: ../NN_Code/NN_Code/neuralnetwork_ccode.c:158 (out node of the LUT)
:3  %or_cond3 = and i1 %tmp1, %tmp_40

ST_1: StgValue_37 (37)  [1/1] 0.00ns  loc: ../NN_Code/NN_Code/neuralnetwork_ccode.c:158
:4  br i1 %or_cond3, label %.preheader4.preheader, label %4

ST_1: tmp_42 (39)  [1/1] 0.00ns  loc: ../NN_Code/NN_Code/neuralnetwork_ccode.c:162 (grouped into LUT with out node tmp_43)
:0  %tmp_42 = or i8 %setBais_r_read, %runNN_r_read

ST_1: tmp_43 (40)  [1/1] 2.91ns  loc: ../NN_Code/NN_Code/neuralnetwork_ccode.c:162 (out node of the LUT)
:1  %tmp_43 = icmp eq i8 %tmp_42, 0

ST_1: tmp_44 (41)  [1/1] 2.91ns  loc: ../NN_Code/NN_Code/neuralnetwork_ccode.c:162
:2  %tmp_44 = icmp eq i8 %setWeight_r_read, 1

ST_1: or_cond5 (42)  [1/1] 2.07ns  loc: ../NN_Code/NN_Code/neuralnetwork_ccode.c:162
:3  %or_cond5 = and i1 %tmp_43, %tmp_44

ST_1: StgValue_42 (62)  [1/1] 1.59ns  loc: ../NN_Code/NN_Code/neuralnetwork_ccode.c:23->../NN_Code/NN_Code/neuralnetwork_ccode.c:159
.preheader4.preheader:0  br label %.preheader4

ST_1: res (79)  [2/2] 0.00ns  loc: ../NN_Code/NN_Code/neuralnetwork_ccode.c:156
:0  %res = call fastcc zeroext i8 @run_classification([80 x i32]* %input_r) nounwind


 <State 2>: 1.77ns
ST_2: StgValue_44 (43)  [1/1] 1.77ns  loc: ../NN_Code/NN_Code/neuralnetwork_ccode.c:162
:4  br i1 %or_cond5, label %.preheader.preheader, label %._crit_edge

ST_2: StgValue_45 (45)  [1/1] 1.59ns  loc: ../NN_Code/NN_Code/neuralnetwork_ccode.c:44->../NN_Code/NN_Code/neuralnetwork_ccode.c:163
.preheader.preheader:0  br label %.preheader


 <State 3>: 3.01ns
ST_3: i_i2 (47)  [1/1] 0.00ns
.preheader:0  %i_i2 = phi i14 [ %i_3, %5 ], [ 0, %.preheader.preheader ]

ST_3: tmp_i3 (48)  [1/1] 3.01ns  loc: ../NN_Code/NN_Code/neuralnetwork_ccode.c:44->../NN_Code/NN_Code/neuralnetwork_ccode.c:163
.preheader:1  %tmp_i3 = icmp eq i14 %i_i2, -5184

ST_3: empty_30 (49)  [1/1] 0.00ns
.preheader:2  %empty_30 = call i32 (...)* @_ssdm_op_SpecLoopTripCount(i64 11200, i64 11200, i64 11200) nounwind

ST_3: i_3 (50)  [1/1] 2.34ns  loc: ../NN_Code/NN_Code/neuralnetwork_ccode.c:44->../NN_Code/NN_Code/neuralnetwork_ccode.c:163
.preheader:3  %i_3 = add i14 %i_i2, 1

ST_3: StgValue_50 (51)  [1/1] 0.00ns  loc: ../NN_Code/NN_Code/neuralnetwork_ccode.c:44->../NN_Code/NN_Code/neuralnetwork_ccode.c:163
.preheader:4  br i1 %tmp_i3, label %._crit_edge.loopexit, label %5

ST_3: tmp_4_i (53)  [1/1] 0.00ns  loc: ../NN_Code/NN_Code/neuralnetwork_ccode.c:46->../NN_Code/NN_Code/neuralnetwork_ccode.c:163
:0  %tmp_4_i = zext i14 %i_i2 to i32

ST_3: biasWeight_input_r_a_1 (54)  [1/1] 0.00ns  loc: ../NN_Code/NN_Code/neuralnetwork_ccode.c:46->../NN_Code/NN_Code/neuralnetwork_ccode.c:163
:1  %biasWeight_input_r_a_1 = getelementptr [11200 x i8]* %biasWeight_input_r, i32 0, i32 %tmp_4_i

ST_3: biasWeight_input_r_l_1 (55)  [2/2] 2.57ns  loc: ../NN_Code/NN_Code/neuralnetwork_ccode.c:46->../NN_Code/NN_Code/neuralnetwork_ccode.c:163
:2  %biasWeight_input_r_l_1 = load i8* %biasWeight_input_r_a_1, align 1

ST_3: StgValue_54 (60)  [1/1] 1.77ns
._crit_edge.loopexit:0  br label %._crit_edge


 <State 4>: 5.82ns
ST_4: biasWeight_input_r_l_1 (55)  [1/2] 2.57ns  loc: ../NN_Code/NN_Code/neuralnetwork_ccode.c:46->../NN_Code/NN_Code/neuralnetwork_ccode.c:163
:2  %biasWeight_input_r_l_1 = load i8* %biasWeight_input_r_a_1, align 1

ST_4: weights_addr (56)  [1/1] 0.00ns  loc: ../NN_Code/NN_Code/neuralnetwork_ccode.c:46->../NN_Code/NN_Code/neuralnetwork_ccode.c:163
:3  %weights_addr = getelementptr inbounds [11200 x i8]* @weights_s, i32 0, i32 %tmp_4_i

ST_4: StgValue_57 (57)  [1/1] 3.25ns  loc: ../NN_Code/NN_Code/neuralnetwork_ccode.c:46->../NN_Code/NN_Code/neuralnetwork_ccode.c:163
:4  store i8 %biasWeight_input_r_l_1, i8* %weights_addr, align 1

ST_4: StgValue_58 (58)  [1/1] 0.00ns  loc: ../NN_Code/NN_Code/neuralnetwork_ccode.c:44->../NN_Code/NN_Code/neuralnetwork_ccode.c:163
:5  br label %.preheader


 <State 5>: 2.91ns
ST_5: i_i (64)  [1/1] 0.00ns
.preheader4:0  %i_i = phi i8 [ %i, %3 ], [ 0, %.preheader4.preheader ]

ST_5: tmp_i (65)  [1/1] 2.91ns  loc: ../NN_Code/NN_Code/neuralnetwork_ccode.c:23->../NN_Code/NN_Code/neuralnetwork_ccode.c:159
.preheader4:1  %tmp_i = icmp eq i8 %i_i, -106

ST_5: empty_29 (66)  [1/1] 0.00ns
.preheader4:2  %empty_29 = call i32 (...)* @_ssdm_op_SpecLoopTripCount(i64 150, i64 150, i64 150) nounwind

ST_5: i (67)  [1/1] 2.32ns  loc: ../NN_Code/NN_Code/neuralnetwork_ccode.c:23->../NN_Code/NN_Code/neuralnetwork_ccode.c:159
.preheader4:3  %i = add i8 %i_i, 1

ST_5: StgValue_63 (68)  [1/1] 0.00ns  loc: ../NN_Code/NN_Code/neuralnetwork_ccode.c:23->../NN_Code/NN_Code/neuralnetwork_ccode.c:159
.preheader4:4  br i1 %tmp_i, label %._crit_edge.loopexit7, label %3

ST_5: tmp_6_i (70)  [1/1] 0.00ns  loc: ../NN_Code/NN_Code/neuralnetwork_ccode.c:25->../NN_Code/NN_Code/neuralnetwork_ccode.c:159
:0  %tmp_6_i = zext i8 %i_i to i32

ST_5: biasWeight_input_r_a (71)  [1/1] 0.00ns  loc: ../NN_Code/NN_Code/neuralnetwork_ccode.c:25->../NN_Code/NN_Code/neuralnetwork_ccode.c:159
:1  %biasWeight_input_r_a = getelementptr [11200 x i8]* %biasWeight_input_r, i32 0, i32 %tmp_6_i

ST_5: biasWeight_input_r_l (72)  [2/2] 2.57ns  loc: ../NN_Code/NN_Code/neuralnetwork_ccode.c:25->../NN_Code/NN_Code/neuralnetwork_ccode.c:159
:2  %biasWeight_input_r_l = load i8* %biasWeight_input_r_a, align 1

ST_5: StgValue_67 (77)  [1/1] 1.77ns
._crit_edge.loopexit7:0  br label %._crit_edge


 <State 6>: 5.82ns
ST_6: biasWeight_input_r_l (72)  [1/2] 2.57ns  loc: ../NN_Code/NN_Code/neuralnetwork_ccode.c:25->../NN_Code/NN_Code/neuralnetwork_ccode.c:159
:2  %biasWeight_input_r_l = load i8* %biasWeight_input_r_a, align 1

ST_6: bias_addr (73)  [1/1] 0.00ns  loc: ../NN_Code/NN_Code/neuralnetwork_ccode.c:25->../NN_Code/NN_Code/neuralnetwork_ccode.c:159
:3  %bias_addr = getelementptr inbounds [150 x i8]* @bias_s, i32 0, i32 %tmp_6_i

ST_6: StgValue_70 (74)  [1/1] 3.25ns  loc: ../NN_Code/NN_Code/neuralnetwork_ccode.c:25->../NN_Code/NN_Code/neuralnetwork_ccode.c:159
:4  store i8 %biasWeight_input_r_l, i8* %bias_addr, align 1

ST_6: StgValue_71 (75)  [1/1] 0.00ns  loc: ../NN_Code/NN_Code/neuralnetwork_ccode.c:23->../NN_Code/NN_Code/neuralnetwork_ccode.c:159
:5  br label %.preheader4


 <State 7>: 1.77ns
ST_7: res (79)  [1/2] 0.00ns  loc: ../NN_Code/NN_Code/neuralnetwork_ccode.c:156
:0  %res = call fastcc zeroext i8 @run_classification([80 x i32]* %input_r) nounwind

ST_7: StgValue_73 (80)  [1/1] 1.77ns  loc: ../NN_Code/NN_Code/neuralnetwork_ccode.c:157
:1  br label %._crit_edge


 <State 8>: 0.00ns
ST_8: res_2 (82)  [1/1] 0.00ns
._crit_edge:0  %res_2 = phi i8 [ %res, %1 ], [ -2, %4 ], [ -1, %._crit_edge.loopexit ], [ -1, %._crit_edge.loopexit7 ]

ST_8: StgValue_75 (83)  [1/1] 0.00ns  loc: ../NN_Code/NN_Code/neuralnetwork_ccode.c:167
._crit_edge:1  ret i8 %res_2



============================================================
+ Verbose Summary: Timing violations
============================================================
Target clock period: 8ns, clock uncertainty: 1ns.

 <State 1>: 5.98ns
The critical path consists of the following:
	s_axi read on port 'setWeight_r' [15]  (1 ns)
	'icmp' operation ('tmp_39', ../NN_Code/NN_Code/neuralnetwork_ccode.c:155) [27]  (2.91 ns)
	'and' operation ('tmp1', ../NN_Code/NN_Code/neuralnetwork_ccode.c:158) [35]  (0 ns)
	'and' operation ('or_cond3', ../NN_Code/NN_Code/neuralnetwork_ccode.c:158) [36]  (2.07 ns)

 <State 2>: 1.77ns
The critical path consists of the following:
	multiplexor before 'phi' operation ('res') with incoming values : ('res', ../NN_Code/NN_Code/neuralnetwork_ccode.c:156) [82]  (1.77 ns)

 <State 3>: 3.01ns
The critical path consists of the following:
	'phi' operation ('i') with incoming values : ('i', ../NN_Code/NN_Code/neuralnetwork_ccode.c:44->../NN_Code/NN_Code/neuralnetwork_ccode.c:163) [47]  (0 ns)
	'icmp' operation ('tmp_i3', ../NN_Code/NN_Code/neuralnetwork_ccode.c:44->../NN_Code/NN_Code/neuralnetwork_ccode.c:163) [48]  (3.01 ns)

 <State 4>: 5.82ns
The critical path consists of the following:
	'load' operation ('biasWeight_input_r_l_1', ../NN_Code/NN_Code/neuralnetwork_ccode.c:46->../NN_Code/NN_Code/neuralnetwork_ccode.c:163) on array 'biasWeight_input_r' [55]  (2.57 ns)
	'store' operation (../NN_Code/NN_Code/neuralnetwork_ccode.c:46->../NN_Code/NN_Code/neuralnetwork_ccode.c:163) of variable 'biasWeight_input_r_l_1', ../NN_Code/NN_Code/neuralnetwork_ccode.c:46->../NN_Code/NN_Code/neuralnetwork_ccode.c:163 on array 'weights_s' [57]  (3.25 ns)

 <State 5>: 2.91ns
The critical path consists of the following:
	'phi' operation ('i') with incoming values : ('i', ../NN_Code/NN_Code/neuralnetwork_ccode.c:23->../NN_Code/NN_Code/neuralnetwork_ccode.c:159) [64]  (0 ns)
	'icmp' operation ('tmp_i', ../NN_Code/NN_Code/neuralnetwork_ccode.c:23->../NN_Code/NN_Code/neuralnetwork_ccode.c:159) [65]  (2.91 ns)

 <State 6>: 5.82ns
The critical path consists of the following:
	'load' operation ('biasWeight_input_r_l', ../NN_Code/NN_Code/neuralnetwork_ccode.c:25->../NN_Code/NN_Code/neuralnetwork_ccode.c:159) on array 'biasWeight_input_r' [72]  (2.57 ns)
	'store' operation (../NN_Code/NN_Code/neuralnetwork_ccode.c:25->../NN_Code/NN_Code/neuralnetwork_ccode.c:159) of variable 'biasWeight_input_r_l', ../NN_Code/NN_Code/neuralnetwork_ccode.c:25->../NN_Code/NN_Code/neuralnetwork_ccode.c:159 on array 'bias_s' [74]  (3.25 ns)

 <State 7>: 1.77ns
The critical path consists of the following:
	'call' operation ('res', ../NN_Code/NN_Code/neuralnetwork_ccode.c:156) to 'run_classification' [79]  (0 ns)
	multiplexor before 'phi' operation ('res') with incoming values : ('res', ../NN_Code/NN_Code/neuralnetwork_ccode.c:156) [82]  (1.77 ns)

 <State 8>: 0ns
The critical path consists of the following:


============================================================
+ Verbose Summary: Binding
============================================================
N/A
* FSMD analyzer results:
  - Output states:
 - Input state : 
  - Chain level:
	State 1
	State 2
	State 3
	State 4
	State 5
	State 6
	State 7
	State 8


============================================================
+ Verbose Summary: Datapath Resource usage 
============================================================
N/A
