

================================================================
== Vivado HLS Report for 'runLayer'
================================================================
* Date:           Tue Nov 30 08:52:41 2021

* Version:        2017.2 (Build 1909853 on Thu Jun 15 18:55:24 MDT 2017)
* Project:        NeuralNetwork_HLS
* Solution:       solution1
* Product family: zynq
* Target device:  xc7z010clg400-1


================================================================
== Performance Estimates
================================================================
+ Timing (ns): 
    * Summary: 
    +--------+-------+----------+------------+
    |  Clock | Target| Estimated| Uncertainty|
    +--------+-------+----------+------------+
    |ap_clk  |   8.00|      9.63|        1.00|
    +--------+-------+----------+------------+

+ Latency (clock cycles): 
    * Summary: 
    +------+-------+------+-------+---------+
    |    Latency   |   Interval   | Pipeline|
    |  min |  max  |  min |  max  |   Type  |
    +------+-------+------+-------+---------+
    |  4241|  29681|  4241|  29681|   none  |
    +------+-------+------+-------+---------+

    + Detail: 
        * Instance: 
        N/A

        * Loop: 
        +-----------------------+------+-------+----------+-----------+-----------+---------+----------+
        |                       |    Latency   | Iteration|  Initiation Interval  |   Trip  |          |
        |       Loop Name       |  min |  max  |  Latency |  achieved |   target  |  Count  | Pipelined|
        +-----------------------+------+-------+----------+-----------+-----------+---------+----------+
        |- runLayer_outerloop   |  4240|  29680|       424|          -|          -| 10 ~ 70 |    no    |
        | + runLayer_innerloop  |   420|    420|         6|          -|          -|       70|    no    |
        +-----------------------+------+-------+----------+-----------+-----------+---------+----------+

============================================================
+ Verbose Summary: Synthesis Manager
============================================================
InlineROM: 1
ExposeGlobal: 0
============================================================
+ Verbose Summary: CDFG Model
============================================================
IsTopModel: 0
ResetActiveHigh: 1
IsCombinational: 0
IsDatapathOnly: 0
HasWiredReturn: 1
HasMFsm: 0
HasVarLatency: 1
IsPipeline: 0
IsRtlPipelined: 0
IsInstanceOverlapped: 0
IsDontTouch: 0
HasImplIP: 0
IsGatedGlobalClock: 0


============================================================
+ Verbose Summary: Schedule
============================================================
* Number of FSM states: 10
* Pipeline: 0
* Dataflow Pipeline: 0

* FSM state transitions: 
1 --> 
	2  / true
2 --> 
	3  / (tmp_2)
3 --> 
	4  / (!exitcond)
	9  / (exitcond)
4 --> 
	5  / true
5 --> 
	6  / true
6 --> 
	7  / true
7 --> 
	8  / true
8 --> 
	3  / true
9 --> 
	10  / true
10 --> 
	2  / true
* FSM state operations: 

 <State 1>: 6.43ns
ST_1: numOfOutNeurons_read (7)  [1/1] 0.00ns
:0  %numOfOutNeurons_read = call i8 @_ssdm_op_Read.ap_auto.i8(i8 %numOfOutNeurons)

ST_1: layer_read (8)  [1/1] 0.00ns
:1  %layer_read = call i4 @_ssdm_op_Read.ap_auto.i4(i4 %layer)

ST_1: layer_cast1 (9)  [1/1] 0.00ns
:2  %layer_cast1 = zext i4 %layer_read to i8

ST_1: tmp_10 (10)  [1/1] 0.00ns  loc: ../NN_Code/NN_Code/neuralnetwork_ccode.cpp:20->../NN_Code/NN_Code/neuralnetwork_ccode.cpp:64
:3  %tmp_10 = trunc i4 %layer_read to i3

ST_1: tmp_i1 (11)  [1/1] 2.07ns  loc: ../NN_Code/NN_Code/neuralnetwork_ccode.cpp:20->../NN_Code/NN_Code/neuralnetwork_ccode.cpp:64
:4  %tmp_i1 = icmp eq i3 %tmp_10, 1

ST_1: tmp_21_i (12)  [1/1] 6.43ns  loc: ../NN_Code/NN_Code/neuralnetwork_ccode.cpp:24->../NN_Code/NN_Code/neuralnetwork_ccode.cpp:64
:5  %tmp_21_i = mul i8 70, %layer_cast1

ST_1: tmp_i2 (13)  [1/1] 2.07ns  loc: ../NN_Code/NN_Code/neuralnetwork_ccode.cpp:24->../NN_Code/NN_Code/neuralnetwork_ccode.cpp:64
:6  %tmp_i2 = icmp eq i3 %tmp_10, 2

ST_1: tmp_11 (14)  [1/1] 0.00ns  loc: ../NN_Code/NN_Code/neuralnetwork_ccode.cpp:42->../NN_Code/NN_Code/neuralnetwork_ccode.cpp:61 (grouped into LUT with out node startIndex_1_i)
:7  %tmp_11 = call i1 @_ssdm_op_BitSelect.i1.i4.i32(i4 %layer_read, i32 1)

ST_1: rev (15)  [1/1] 0.00ns  loc: ../NN_Code/NN_Code/neuralnetwork_ccode.cpp:42->../NN_Code/NN_Code/neuralnetwork_ccode.cpp:61 (grouped into LUT with out node startIndex_1_i)
:8  %rev = xor i1 %tmp_11, true

ST_1: p_mux_cast (16)  [1/1] 0.00ns  loc: ../NN_Code/NN_Code/neuralnetwork_ccode.cpp:24->../NN_Code/NN_Code/neuralnetwork_ccode.cpp:64 (grouped into LUT with out node startIndex_1_i)
:9  %p_mux_cast = select i1 %tmp_i2, i14 -5884, i14 5600

ST_1: tmp_3 (17)  [1/1] 0.00ns  loc: ../NN_Code/NN_Code/neuralnetwork_ccode.cpp:24->../NN_Code/NN_Code/neuralnetwork_ccode.cpp:64 (grouped into LUT with out node startIndex_1_i)
:10  %tmp_3 = or i1 %tmp_i2, %rev

ST_1: startIndex_1_i (18)  [1/1] 2.07ns  loc: ../NN_Code/NN_Code/neuralnetwork_ccode.cpp:24->../NN_Code/NN_Code/neuralnetwork_ccode.cpp:64 (out node of the LUT)
:11  %startIndex_1_i = select i1 %tmp_3, i14 %p_mux_cast, i14 0

ST_1: p_i (19)  [1/1] 0.00ns  loc: ../NN_Code/NN_Code/neuralnetwork_ccode.cpp:20->../NN_Code/NN_Code/neuralnetwork_ccode.cpp:64 (grouped into LUT with out node p_i_10)
:12  %p_i = select i1 %tmp_i1, i6 10, i6 -28

ST_1: tmp (20)  [1/1] 0.00ns  loc: ../NN_Code/NN_Code/neuralnetwork_ccode.cpp:20->../NN_Code/NN_Code/neuralnetwork_ccode.cpp:64 (grouped into LUT with out node p_i_10)
:13  %tmp = or i1 %tmp_i1, %tmp_i2

ST_1: p_i_10 (21)  [1/1] 2.07ns  loc: ../NN_Code/NN_Code/neuralnetwork_ccode.cpp:20->../NN_Code/NN_Code/neuralnetwork_ccode.cpp:64 (out node of the LUT)
:14  %p_i_10 = select i1 %tmp, i6 %p_i, i6 1

ST_1: p_i_cast9 (22)  [1/1] 0.00ns  loc: ../NN_Code/NN_Code/neuralnetwork_ccode.cpp:20->../NN_Code/NN_Code/neuralnetwork_ccode.cpp:64
:15  %p_i_cast9 = sext i6 %p_i_10 to i7

ST_1: tmp_25_i_cast (23)  [1/1] 0.00ns  loc: ../NN_Code/NN_Code/neuralnetwork_ccode.cpp:29->../NN_Code/NN_Code/neuralnetwork_ccode.cpp:64
:16  %tmp_25_i_cast = zext i7 %p_i_cast9 to i15

ST_1: StgValue_28 (24)  [1/1] 1.59ns  loc: ../NN_Code/NN_Code/neuralnetwork_ccode.cpp:55
:17  br label %1


 <State 2>: 3.25ns
ST_2: outNeurons (26)  [1/1] 0.00ns
:0  %outNeurons = phi i7 [ 0, %0 ], [ %outNeurons_1, %getBias.exit ]

ST_2: tmp_1 (27)  [1/1] 0.00ns  loc: ../NN_Code/NN_Code/neuralnetwork_ccode.cpp:55
:1  %tmp_1 = zext i7 %outNeurons to i32

ST_2: tmp_1_cast_cast (28)  [1/1] 0.00ns  loc: ../NN_Code/NN_Code/neuralnetwork_ccode.cpp:55
:2  %tmp_1_cast_cast = zext i7 %outNeurons to i8

ST_2: tmp_2 (29)  [1/1] 2.91ns  loc: ../NN_Code/NN_Code/neuralnetwork_ccode.cpp:55
:3  %tmp_2 = icmp slt i8 %tmp_1_cast_cast, %numOfOutNeurons_read

ST_2: empty (30)  [1/1] 0.00ns
:4  %empty = call i32 (...)* @_ssdm_op_SpecLoopTripCount(i64 10, i64 70, i64 0)

ST_2: outNeurons_1 (31)  [1/1] 2.32ns  loc: ../NN_Code/NN_Code/neuralnetwork_ccode.cpp:55
:5  %outNeurons_1 = add i7 %outNeurons, 1

ST_2: StgValue_35 (32)  [1/1] 0.00ns  loc: ../NN_Code/NN_Code/neuralnetwork_ccode.cpp:55
:6  br i1 %tmp_2, label %2, label %4

ST_2: StgValue_36 (34)  [1/1] 0.00ns  loc: ../NN_Code/NN_Code/neuralnetwork_ccode.cpp:56
:0  call void (...)* @_ssdm_op_SpecLoopName([19 x i8]* @p_str) nounwind

ST_2: tmp_5 (35)  [1/1] 0.00ns  loc: ../NN_Code/NN_Code/neuralnetwork_ccode.cpp:56
:1  %tmp_5 = call i32 (...)* @_ssdm_op_SpecRegionBegin([19 x i8]* @p_str)

ST_2: output_addr (36)  [1/1] 0.00ns  loc: ../NN_Code/NN_Code/neuralnetwork_ccode.cpp:57
:2  %output_addr = getelementptr [70 x i32]* %output_r, i32 0, i32 %tmp_1

ST_2: StgValue_39 (37)  [1/1] 3.25ns  loc: ../NN_Code/NN_Code/neuralnetwork_ccode.cpp:57
:3  store i32 0, i32* %output_addr, align 4

ST_2: tmp_17_i_cast (38)  [1/1] 0.00ns  loc: ../NN_Code/NN_Code/neuralnetwork_ccode.cpp:59
:4  %tmp_17_i_cast = zext i7 %outNeurons to i13

ST_2: StgValue_41 (39)  [1/1] 1.59ns  loc: ../NN_Code/NN_Code/neuralnetwork_ccode.cpp:59
:5  br label %3

ST_2: StgValue_42 (85)  [1/1] 0.00ns  loc: ../NN_Code/NN_Code/neuralnetwork_ccode.cpp:66
:0  ret void


 <State 3>: 5.57ns
ST_3: inNeurons (41)  [1/1] 0.00ns
:0  %inNeurons = phi i7 [ 0, %2 ], [ %inNeurons_1, %_ifconv ]

ST_3: phi_mul (42)  [1/1] 0.00ns
:1  %phi_mul = phi i13 [ 0, %2 ], [ %next_mul, %_ifconv ]

ST_3: tmp_4 (43)  [1/1] 0.00ns  loc: ../NN_Code/NN_Code/neuralnetwork_ccode.cpp:59
:2  %tmp_4 = zext i7 %inNeurons to i32

ST_3: empty_11 (44)  [1/1] 0.00ns
:3  %empty_11 = call i32 (...)* @_ssdm_op_SpecLoopTripCount(i64 70, i64 70, i64 70)

ST_3: exitcond (45)  [1/1] 2.91ns  loc: ../NN_Code/NN_Code/neuralnetwork_ccode.cpp:59
:4  %exitcond = icmp eq i7 %inNeurons, -58

ST_3: inNeurons_1 (46)  [1/1] 2.32ns  loc: ../NN_Code/NN_Code/neuralnetwork_ccode.cpp:59
:5  %inNeurons_1 = add i7 %inNeurons, 1

ST_3: StgValue_49 (47)  [1/1] 0.00ns  loc: ../NN_Code/NN_Code/neuralnetwork_ccode.cpp:59
:6  br i1 %exitcond, label %getBias.exit, label %_ifconv

ST_3: next_mul (50)  [1/1] 2.34ns
_ifconv:1  %next_mul = add i13 %phi_mul, 70

ST_3: p_shl_i (51)  [1/1] 0.00ns  loc: ../NN_Code/NN_Code/neuralnetwork_ccode.cpp:49->../NN_Code/NN_Code/neuralnetwork_ccode.cpp:61
_ifconv:2  %p_shl_i = call i10 @_ssdm_op_BitConcatenate.i10.i7.i3(i7 %inNeurons, i3 0)

ST_3: p_shl1_i (52)  [1/1] 0.00ns  loc: ../NN_Code/NN_Code/neuralnetwork_ccode.cpp:49->../NN_Code/NN_Code/neuralnetwork_ccode.cpp:61
_ifconv:3  %p_shl1_i = call i8 @_ssdm_op_BitConcatenate.i8.i7.i1(i7 %inNeurons, i1 false)

ST_3: p_shl1_i_cast (53)  [1/1] 0.00ns  loc: ../NN_Code/NN_Code/neuralnetwork_ccode.cpp:49->../NN_Code/NN_Code/neuralnetwork_ccode.cpp:61
_ifconv:4  %p_shl1_i_cast = zext i8 %p_shl1_i to i10

ST_3: neuronIndex (54)  [1/1] 2.32ns  loc: ../NN_Code/NN_Code/neuralnetwork_ccode.cpp:49->../NN_Code/NN_Code/neuralnetwork_ccode.cpp:61
_ifconv:5  %neuronIndex = add i10 %p_shl_i, %p_shl1_i_cast

ST_3: neuronIndex_1_cast (55)  [1/1] 0.00ns  loc: ../NN_Code/NN_Code/neuralnetwork_ccode.cpp:49->../NN_Code/NN_Code/neuralnetwork_ccode.cpp:61 (grouped into LUT with out node tmp1)
_ifconv:6  %neuronIndex_1_cast = zext i10 %neuronIndex to i13

ST_3: neuronIndex_1 (56)  [1/1] 0.00ns  loc: ../NN_Code/NN_Code/neuralnetwork_ccode.cpp:24->../NN_Code/NN_Code/neuralnetwork_ccode.cpp:64 (grouped into LUT with out node tmp1)
_ifconv:7  %neuronIndex_1 = select i1 %tmp_i2, i13 %neuronIndex_1_cast, i13 %phi_mul

ST_3: tmp1 (57)  [1/1] 2.34ns  loc: ../NN_Code/NN_Code/neuralnetwork_ccode.cpp:51->../NN_Code/NN_Code/neuralnetwork_ccode.cpp:61 (out node of the LUT)
_ifconv:8  %tmp1 = add i13 %neuronIndex_1, %tmp_17_i_cast

ST_3: tmp_23_i (72)  [1/1] 2.32ns  loc: ../NN_Code/NN_Code/neuralnetwork_ccode.cpp:29->../NN_Code/NN_Code/neuralnetwork_ccode.cpp:64
getBias.exit:0  %tmp_23_i = add i8 %tmp_21_i, %tmp_1_cast_cast

ST_3: tmp_23_i_cast (73)  [1/1] 0.00ns  loc: ../NN_Code/NN_Code/neuralnetwork_ccode.cpp:29->../NN_Code/NN_Code/neuralnetwork_ccode.cpp:64
getBias.exit:1  %tmp_23_i_cast = zext i8 %tmp_23_i to i32

ST_3: bias_addr (74)  [1/1] 0.00ns  loc: ../NN_Code/NN_Code/neuralnetwork_ccode.cpp:29->../NN_Code/NN_Code/neuralnetwork_ccode.cpp:64
getBias.exit:2  %bias_addr = getelementptr inbounds [150 x i8]* @bias_s, i32 0, i32 %tmp_23_i_cast

ST_3: bias_load (75)  [2/2] 3.25ns  loc: ../NN_Code/NN_Code/neuralnetwork_ccode.cpp:29->../NN_Code/NN_Code/neuralnetwork_ccode.cpp:64
getBias.exit:3  %bias_load = load i8* %bias_addr, align 1

ST_3: output_load_1 (79)  [2/2] 3.25ns  loc: ../NN_Code/NN_Code/neuralnetwork_ccode.cpp:64
getBias.exit:7  %output_load_1 = load i32* %output_addr, align 4


 <State 4>: 5.60ns
ST_4: tmp1_cast (58)  [1/1] 0.00ns  loc: ../NN_Code/NN_Code/neuralnetwork_ccode.cpp:51->../NN_Code/NN_Code/neuralnetwork_ccode.cpp:61
_ifconv:9  %tmp1_cast = zext i13 %tmp1 to i14

ST_4: tmp_19_i (59)  [1/1] 2.34ns  loc: ../NN_Code/NN_Code/neuralnetwork_ccode.cpp:51->../NN_Code/NN_Code/neuralnetwork_ccode.cpp:61
_ifconv:10  %tmp_19_i = add i14 %tmp1_cast, %startIndex_1_i

ST_4: tmp_19_i_cast (60)  [1/1] 0.00ns  loc: ../NN_Code/NN_Code/neuralnetwork_ccode.cpp:51->../NN_Code/NN_Code/neuralnetwork_ccode.cpp:61
_ifconv:11  %tmp_19_i_cast = zext i14 %tmp_19_i to i32

ST_4: weights_addr (61)  [1/1] 0.00ns  loc: ../NN_Code/NN_Code/neuralnetwork_ccode.cpp:51->../NN_Code/NN_Code/neuralnetwork_ccode.cpp:61
_ifconv:12  %weights_addr = getelementptr inbounds [11200 x i8]* @weights_s, i32 0, i32 %tmp_19_i_cast

ST_4: weights_load (62)  [2/2] 3.25ns  loc: ../NN_Code/NN_Code/neuralnetwork_ccode.cpp:51->../NN_Code/NN_Code/neuralnetwork_ccode.cpp:61
_ifconv:13  %weights_load = load i8* %weights_addr, align 1

ST_4: input_addr (64)  [1/1] 0.00ns  loc: ../NN_Code/NN_Code/neuralnetwork_ccode.cpp:61
_ifconv:15  %input_addr = getelementptr [70 x i32]* %input_r, i32 0, i32 %tmp_4

ST_4: input_load (65)  [2/2] 3.25ns  loc: ../NN_Code/NN_Code/neuralnetwork_ccode.cpp:61
_ifconv:16  %input_load = load i32* %input_addr, align 4


 <State 5>: 3.25ns
ST_5: weights_load (62)  [1/2] 3.25ns  loc: ../NN_Code/NN_Code/neuralnetwork_ccode.cpp:51->../NN_Code/NN_Code/neuralnetwork_ccode.cpp:61
_ifconv:13  %weights_load = load i8* %weights_addr, align 1

ST_5: input_load (65)  [1/2] 3.25ns  loc: ../NN_Code/NN_Code/neuralnetwork_ccode.cpp:61
_ifconv:16  %input_load = load i32* %input_addr, align 4


 <State 6>: 6.91ns
ST_6: tmp_8 (63)  [1/1] 0.00ns  loc: ../NN_Code/NN_Code/neuralnetwork_ccode.cpp:61
_ifconv:14  %tmp_8 = sext i8 %weights_load to i32

ST_6: tmp_9 (66)  [2/2] 6.91ns  loc: ../NN_Code/NN_Code/neuralnetwork_ccode.cpp:61
_ifconv:17  %tmp_9 = mul nsw i32 %input_load, %tmp_8

ST_6: output_load (67)  [2/2] 3.25ns  loc: ../NN_Code/NN_Code/neuralnetwork_ccode.cpp:61
_ifconv:18  %output_load = load i32* %output_addr, align 4


 <State 7>: 6.91ns
ST_7: tmp_9 (66)  [1/2] 6.91ns  loc: ../NN_Code/NN_Code/neuralnetwork_ccode.cpp:61
_ifconv:17  %tmp_9 = mul nsw i32 %input_load, %tmp_8

ST_7: output_load (67)  [1/2] 3.25ns  loc: ../NN_Code/NN_Code/neuralnetwork_ccode.cpp:61
_ifconv:18  %output_load = load i32* %output_addr, align 4


 <State 8>: 6.15ns
ST_8: StgValue_77 (49)  [1/1] 0.00ns  loc: ../NN_Code/NN_Code/neuralnetwork_ccode.cpp:60
_ifconv:0  call void (...)* @_ssdm_op_SpecLoopName([19 x i8]* @p_str1) nounwind

ST_8: tmp_6 (68)  [1/1] 2.90ns  loc: ../NN_Code/NN_Code/neuralnetwork_ccode.cpp:61
_ifconv:19  %tmp_6 = add nsw i32 %output_load, %tmp_9

ST_8: StgValue_79 (69)  [1/1] 3.25ns  loc: ../NN_Code/NN_Code/neuralnetwork_ccode.cpp:61
_ifconv:20  store i32 %tmp_6, i32* %output_addr, align 4

ST_8: StgValue_80 (70)  [1/1] 0.00ns  loc: ../NN_Code/NN_Code/neuralnetwork_ccode.cpp:59
_ifconv:21  br label %3


 <State 9>: 3.25ns
ST_9: bias_load (75)  [1/2] 3.25ns  loc: ../NN_Code/NN_Code/neuralnetwork_ccode.cpp:29->../NN_Code/NN_Code/neuralnetwork_ccode.cpp:64
getBias.exit:3  %bias_load = load i8* %bias_addr, align 1

ST_9: output_load_1 (79)  [1/2] 3.25ns  loc: ../NN_Code/NN_Code/neuralnetwork_ccode.cpp:64
getBias.exit:7  %output_load_1 = load i32* %output_addr, align 4


 <State 10>: 9.63ns
ST_10: tmp_24_i_cast (76)  [1/1] 0.00ns  loc: ../NN_Code/NN_Code/neuralnetwork_ccode.cpp:29->../NN_Code/NN_Code/neuralnetwork_ccode.cpp:64
getBias.exit:4  %tmp_24_i_cast = sext i8 %bias_load to i15

ST_10: tmp_26_i (77)  [1/1] 3.36ns  loc: ../NN_Code/NN_Code/neuralnetwork_ccode.cpp:29->../NN_Code/NN_Code/neuralnetwork_ccode.cpp:64
getBias.exit:5  %tmp_26_i = mul i15 %tmp_25_i_cast, %tmp_24_i_cast

ST_10: tmp_7 (78)  [1/1] 0.00ns  loc: ../NN_Code/NN_Code/neuralnetwork_ccode.cpp:64
getBias.exit:6  %tmp_7 = sext i15 %tmp_26_i to i32

ST_10: tmp_s (80)  [1/1] 3.02ns  loc: ../NN_Code/NN_Code/neuralnetwork_ccode.cpp:64
getBias.exit:8  %tmp_s = add nsw i32 %output_load_1, %tmp_7

ST_10: StgValue_87 (81)  [1/1] 3.25ns  loc: ../NN_Code/NN_Code/neuralnetwork_ccode.cpp:64
getBias.exit:9  store i32 %tmp_s, i32* %output_addr, align 4

ST_10: empty_12 (82)  [1/1] 0.00ns  loc: ../NN_Code/NN_Code/neuralnetwork_ccode.cpp:65
getBias.exit:10  %empty_12 = call i32 (...)* @_ssdm_op_SpecRegionEnd([19 x i8]* @p_str, i32 %tmp_5)

ST_10: StgValue_89 (83)  [1/1] 0.00ns  loc: ../NN_Code/NN_Code/neuralnetwork_ccode.cpp:55
getBias.exit:11  br label %1



============================================================
+ Verbose Summary: Timing violations
============================================================
Target clock period: 8ns, clock uncertainty: 1ns.

 <State 1>: 6.43ns
The critical path consists of the following:
	wire read on port 'layer' [8]  (0 ns)
	'mul' operation ('tmp_21_i', ../NN_Code/NN_Code/neuralnetwork_ccode.cpp:24->../NN_Code/NN_Code/neuralnetwork_ccode.cpp:64) [12]  (6.43 ns)

 <State 2>: 3.25ns
The critical path consists of the following:
	'phi' operation ('outNeurons') with incoming values : ('outNeurons', ../NN_Code/NN_Code/neuralnetwork_ccode.cpp:55) [26]  (0 ns)
	'getelementptr' operation ('output_addr', ../NN_Code/NN_Code/neuralnetwork_ccode.cpp:57) [36]  (0 ns)
	'store' operation (../NN_Code/NN_Code/neuralnetwork_ccode.cpp:57) of constant 0 on array 'output_r' [37]  (3.25 ns)

 <State 3>: 5.57ns
The critical path consists of the following:
	'add' operation ('tmp_23_i', ../NN_Code/NN_Code/neuralnetwork_ccode.cpp:29->../NN_Code/NN_Code/neuralnetwork_ccode.cpp:64) [72]  (2.32 ns)
	'getelementptr' operation ('bias_addr', ../NN_Code/NN_Code/neuralnetwork_ccode.cpp:29->../NN_Code/NN_Code/neuralnetwork_ccode.cpp:64) [74]  (0 ns)
	'load' operation ('bias_load', ../NN_Code/NN_Code/neuralnetwork_ccode.cpp:29->../NN_Code/NN_Code/neuralnetwork_ccode.cpp:64) on array 'bias_s' [75]  (3.25 ns)

 <State 4>: 5.6ns
The critical path consists of the following:
	'add' operation ('tmp_19_i', ../NN_Code/NN_Code/neuralnetwork_ccode.cpp:51->../NN_Code/NN_Code/neuralnetwork_ccode.cpp:61) [59]  (2.34 ns)
	'getelementptr' operation ('weights_addr', ../NN_Code/NN_Code/neuralnetwork_ccode.cpp:51->../NN_Code/NN_Code/neuralnetwork_ccode.cpp:61) [61]  (0 ns)
	'load' operation ('weights_load', ../NN_Code/NN_Code/neuralnetwork_ccode.cpp:51->../NN_Code/NN_Code/neuralnetwork_ccode.cpp:61) on array 'weights_s' [62]  (3.25 ns)

 <State 5>: 3.25ns
The critical path consists of the following:
	'load' operation ('weights_load', ../NN_Code/NN_Code/neuralnetwork_ccode.cpp:51->../NN_Code/NN_Code/neuralnetwork_ccode.cpp:61) on array 'weights_s' [62]  (3.25 ns)

 <State 6>: 6.91ns
The critical path consists of the following:
	'mul' operation ('tmp_9', ../NN_Code/NN_Code/neuralnetwork_ccode.cpp:61) [66]  (6.91 ns)

 <State 7>: 6.91ns
The critical path consists of the following:
	'mul' operation ('tmp_9', ../NN_Code/NN_Code/neuralnetwork_ccode.cpp:61) [66]  (6.91 ns)

 <State 8>: 6.15ns
The critical path consists of the following:
	'add' operation ('tmp_6', ../NN_Code/NN_Code/neuralnetwork_ccode.cpp:61) [68]  (2.9 ns)
	'store' operation (../NN_Code/NN_Code/neuralnetwork_ccode.cpp:61) of variable 'tmp_6', ../NN_Code/NN_Code/neuralnetwork_ccode.cpp:61 on array 'output_r' [69]  (3.25 ns)

 <State 9>: 3.25ns
The critical path consists of the following:
	'load' operation ('bias_load', ../NN_Code/NN_Code/neuralnetwork_ccode.cpp:29->../NN_Code/NN_Code/neuralnetwork_ccode.cpp:64) on array 'bias_s' [75]  (3.25 ns)

 <State 10>: 9.63ns
The critical path consists of the following:
	'mul' operation ('tmp_26_i', ../NN_Code/NN_Code/neuralnetwork_ccode.cpp:29->../NN_Code/NN_Code/neuralnetwork_ccode.cpp:64) [77]  (3.36 ns)
	'add' operation ('tmp_s', ../NN_Code/NN_Code/neuralnetwork_ccode.cpp:64) [80]  (3.02 ns)
	'store' operation (../NN_Code/NN_Code/neuralnetwork_ccode.cpp:64) of variable 'tmp_s', ../NN_Code/NN_Code/neuralnetwork_ccode.cpp:64 on array 'output_r' [81]  (3.25 ns)


============================================================
+ Verbose Summary: Binding
============================================================
N/A
* FSMD analyzer results:
  - Output states:
 - Input state : 
  - Chain level:
	State 1
	State 2
	State 3
	State 4
	State 5
	State 6
	State 7
	State 8
	State 9
	State 10


============================================================
+ Verbose Summary: Datapath Resource usage 
============================================================
N/A
