Copyright 1986-2017 Xilinx, Inc. All Rights Reserved.
----------------------------------------------------------------------------------------------------------------------------------------------------------------------
| Tool Version     : Vivado v.2017.2 (win64) Build 1909853 Thu Jun 15 18:39:09 MDT 2017
| Date             : Fri Nov 26 11:31:22 2021
| Host             : DESKTOP-IFL7HB3 running 64-bit major release  (build 9200)
| Command          : report_power -file design_1_wrapper_power_routed.rpt -pb design_1_wrapper_power_summary_routed.pb -rpx design_1_wrapper_power_routed.rpx
| Design           : design_1_wrapper
| Device           : xc7z010clg400-1
| Design State     : routed
| Grade            : commercial
| Process          : typical
| Characterization : Production
----------------------------------------------------------------------------------------------------------------------------------------------------------------------

Power Report

Table of Contents
-----------------
1. Summary
1.1 On-Chip Components
1.2 Power Supply Summary
1.3 Confidence Level
2. Settings
2.1 Environment
2.2 Clock Constraints
3. Detailed Reports
3.1 By Hierarchy

1. Summary
----------

+--------------------------+--------+
| Total On-Chip Power (W)  | 1.747  |
| Dynamic (W)              | 1.618  |
| Device Static (W)        | 0.129  |
| Effective TJA (C/W)      | 11.5   |
| Max Ambient (C)          | 64.8   |
| Junction Temperature (C) | 45.2   |
| Confidence Level         | Medium |
| Setting File             | ---    |
| Simulation Activity File | ---    |
| Design Nets Matched      | NA     |
+--------------------------+--------+


1.1 On-Chip Components
----------------------

+-------------------------+-----------+----------+-----------+-----------------+
| On-Chip                 | Power (W) | Used     | Available | Utilization (%) |
+-------------------------+-----------+----------+-----------+-----------------+
| Clocks                  |     0.007 |        3 |       --- |             --- |
| Slice Logic             |     0.007 |     3153 |       --- |             --- |
|   LUT as Logic          |     0.006 |     1073 |     17600 |            6.10 |
|   Register              |    <0.001 |     1444 |     35200 |            4.10 |
|   CARRY4                |    <0.001 |       74 |      4400 |            1.68 |
|   LUT as Shift Register |    <0.001 |       62 |      6000 |            1.03 |
|   F7/F8 Muxes           |    <0.001 |        8 |     17600 |            0.05 |
|   Others                |     0.000 |      215 |       --- |             --- |
| Signals                 |     0.012 |     2829 |       --- |             --- |
| Block RAM               |     0.032 |     10.5 |        60 |           17.50 |
| DSPs                    |     0.005 |        5 |        80 |            6.25 |
| PS7                     |     1.556 |        1 |       --- |             --- |
| Static Power            |     0.129 |          |           |                 |
| Total                   |     1.747 |          |           |                 |
+-------------------------+-----------+----------+-----------+-----------------+


1.2 Power Supply Summary
------------------------

+-----------+-------------+-----------+-------------+------------+
| Source    | Voltage (V) | Total (A) | Dynamic (A) | Static (A) |
+-----------+-------------+-----------+-------------+------------+
| Vccint    |       1.000 |     0.067 |       0.060 |      0.008 |
| Vccaux    |       1.800 |     0.012 |       0.000 |      0.012 |
| Vcco33    |       3.300 |     0.000 |       0.000 |      0.000 |
| Vcco25    |       2.500 |     0.000 |       0.000 |      0.000 |
| Vcco18    |       1.800 |     0.000 |       0.000 |      0.000 |
| Vcco15    |       1.500 |     0.000 |       0.000 |      0.000 |
| Vcco135   |       1.350 |     0.000 |       0.000 |      0.000 |
| Vcco12    |       1.200 |     0.000 |       0.000 |      0.000 |
| Vccaux_io |       1.800 |     0.000 |       0.000 |      0.000 |
| Vccbram   |       1.000 |     0.003 |       0.002 |      0.001 |
| MGTAVcc   |       1.000 |     0.000 |       0.000 |      0.000 |
| MGTAVtt   |       1.200 |     0.000 |       0.000 |      0.000 |
| MGTVccaux |       1.800 |     0.000 |       0.000 |      0.000 |
| Vccpint   |       1.000 |     0.734 |       0.703 |      0.031 |
| Vccpaux   |       1.800 |     0.085 |       0.074 |      0.010 |
| Vccpll    |       1.800 |     0.017 |       0.014 |      0.003 |
| Vcco_ddr  |       1.500 |     0.458 |       0.456 |      0.002 |
| Vcco_mio0 |       3.300 |     0.003 |       0.002 |      0.001 |
| Vcco_mio1 |       1.800 |     0.004 |       0.003 |      0.001 |
| Vccadc    |       1.800 |     0.020 |       0.000 |      0.020 |
+-----------+-------------+-----------+-------------+------------+


1.3 Confidence Level
--------------------

+-----------------------------+------------+------------------------------------------------+------------------------------------------------------------------------------------------------------------+
| User Input Data             | Confidence | Details                                        | Action                                                                                                     |
+-----------------------------+------------+------------------------------------------------+------------------------------------------------------------------------------------------------------------+
| Design implementation state | High       | Design is routed                               |                                                                                                            |
| Clock nodes activity        | High       | User specified more than 95% of clocks         |                                                                                                            |
| I/O nodes activity          | High       | User specified more than 95% of inputs         |                                                                                                            |
| Internal nodes activity     | Medium     | User specified less than 25% of internal nodes | Provide missing internal nodes activity with simulation results or by editing the "By Resource Type" views |
| Device models               | High       | Device models are Production                   |                                                                                                            |
|                             |            |                                                |                                                                                                            |
| Overall confidence level    | Medium     |                                                |                                                                                                            |
+-----------------------------+------------+------------------------------------------------+------------------------------------------------------------------------------------------------------------+


2. Settings
-----------

2.1 Environment
---------------

+-----------------------+------------------------+
| Ambient Temp (C)      | 25.0                   |
| ThetaJA (C/W)         | 11.5                   |
| Airflow (LFM)         | 250                    |
| Heat Sink             | none                   |
| ThetaSA (C/W)         | 0.0                    |
| Board Selection       | medium (10"x10")       |
| # of Board Layers     | 8to11 (8 to 11 Layers) |
| Board Temperature (C) | 25.0                   |
+-----------------------+------------------------+


2.2 Clock Constraints
---------------------

+------------+-------------------------------------------------------------+-----------------+
| Clock      | Domain                                                      | Constraint (ns) |
+------------+-------------------------------------------------------------+-----------------+
| clk_fpga_0 | design_1_i/processing_system7_0/inst/FCLK_CLK_unbuffered[0] |            10.0 |
+------------+-------------------------------------------------------------+-----------------+


3. Detailed Reports
-------------------

3.1 By Hierarchy
----------------

+--------------------------------------------------+-----------+
| Name                                             | Power (W) |
+--------------------------------------------------+-----------+
| design_1_wrapper                                 |     1.618 |
|   design_1_i                                     |     1.618 |
|     NeuralNetwork_0                              |     0.055 |
|       U0                                         |     0.055 |
|         NeuralNetwork_NNIO_s_axi_U               |     0.021 |
|           int_biasWeight_input_r                 |     0.015 |
|           int_input_r                            |     0.004 |
|         bias_s_U                                 |     0.002 |
|           NeuralNetwork_biag8j_ram_U             |     0.002 |
|         grp_run_classification_fu_170            |     0.022 |
|           NeuralNetwork_mulbkb_x_U9              |     0.002 |
|             NeuralNetwork_mulbkb_MulnS_0_U       |     0.002 |
|           grp_relu_fu_266                        |    <0.001 |
|           grp_runLayer_fu_250                    |     0.008 |
|             NeuralNetwork_maccud_U2              |     0.002 |
|               NeuralNetwork_maccud_DSP48_0_U     |     0.002 |
|             NeuralNetwork_mulbkb_U1              |     0.002 |
|               NeuralNetwork_mulbkb_MulnS_0_U     |     0.002 |
|           resArray1_U                            |     0.006 |
|             run_classificatiodEe_ram_U           |     0.006 |
|           resArray2_U                            |     0.002 |
|             run_classificatiodEe_ram_U           |     0.002 |
|         weights_s_U                              |     0.009 |
|           NeuralNetwork_weifYi_ram_U             |     0.009 |
|     processing_system7_0                         |     1.557 |
|       inst                                       |     1.557 |
|     ps7_0_axi_periph                             |     0.006 |
|       s00_couplers                               |     0.006 |
|         auto_pc                                  |     0.006 |
|           inst                                   |     0.006 |
|             gen_axilite.gen_b2s_conv.axilite_b2s |     0.006 |
|               RD.ar_channel_0                    |     0.001 |
|                 ar_cmd_fsm_0                     |    <0.001 |
|                 cmd_translator_0                 |    <0.001 |
|                   incr_cmd_0                     |    <0.001 |
|                   wrap_cmd_0                     |    <0.001 |
|               RD.r_channel_0                     |     0.001 |
|                 rd_data_fifo_0                   |    <0.001 |
|                 transaction_fifo_0               |    <0.001 |
|               SI_REG                             |     0.002 |
|                 ar_pipe                          |    <0.001 |
|                 aw_pipe                          |    <0.001 |
|                 b_pipe                           |    <0.001 |
|                 r_pipe                           |    <0.001 |
|               WR.aw_channel_0                    |     0.002 |
|                 aw_cmd_fsm_0                     |    <0.001 |
|                 cmd_translator_0                 |    <0.001 |
|                   incr_cmd_0                     |    <0.001 |
|                   wrap_cmd_0                     |    <0.001 |
|               WR.b_channel_0                     |    <0.001 |
|                 bid_fifo_0                       |    <0.001 |
|                 bresp_fifo_0                     |    <0.001 |
|     rst_ps7_0_100M                               |    <0.001 |
|       U0                                         |    <0.001 |
|         EXT_LPF                                  |    <0.001 |
|           ACTIVE_LOW_EXT.ACT_LO_EXT              |    <0.001 |
|         SEQ                                      |    <0.001 |
|           SEQ_COUNTER                            |    <0.001 |
+--------------------------------------------------+-----------+


