

================================================================
== Vivado HLS Report for 'run_classification'
================================================================
* Date:           Mon Nov 22 20:34:39 2021

* Version:        2017.2 (Build 1909853 on Thu Jun 15 18:55:24 MDT 2017)
* Project:        NeuralNetwork_HLS
* Solution:       solution1
* Product family: zynq
* Target device:  xc7z020clg400-1


================================================================
== Performance Estimates
================================================================
+ Timing (ns): 
    * Summary: 
    +--------+-------+----------+------------+
    |  Clock | Target| Estimated| Uncertainty|
    +--------+-------+----------+------------+
    |ap_clk  |   8.00|      6.91|        1.00|
    +--------+-------+----------+------------+

+ Latency (clock cycles): 
    * Summary: 
    +-------+-------+-------+-------+---------+
    |    Latency    |    Interval   | Pipeline|
    |  min  |  max  |  min  |  max  |   Type  |
    +-------+-------+-------+-------+---------+
    |  57840|  57840|  57840|  57840|   none  |
    +-------+-------+-------+-------+---------+

    + Detail: 
        * Instance: 
        N/A

        * Loop: 
        +-------------------------+-------+-------+----------+-----------+-----------+------+----------+
        |                         |    Latency    | Iteration|  Initiation Interval  | Trip |          |
        |        Loop Name        |  min  |  max  |  Latency |  achieved |   target  | Count| Pipelined|
        +-------------------------+-------+-------+----------+-----------+-----------+------+----------+
        |- memset_resArray1       |     69|     69|         1|          -|          -|    70|    no    |
        |- memset_resArray2       |     69|     69|         1|          -|          -|    70|    no    |
        |- runLayer_outerloop     |  28280|  28280|       404|          -|          -|    70|    no    |
        | + runLayer_outerloop.1  |    400|    400|         5|          -|          -|    80|    no    |
        |- relu_label1            |     70|     70|         2|          1|          1|    70|    yes   |
        |- runLayer_outerloop     |  24780|  24780|       354|          -|          -|    70|    no    |
        | + runLayer_outerloop.1  |    350|    350|         5|          -|          -|    70|    no    |
        |- relu_label1            |     70|     70|         2|          1|          1|    70|    yes   |
        |- runLayer_outerloop     |   4480|   4480|        64|          -|          -|    70|    no    |
        | + runLayer_outerloop.1  |     60|     60|         6|          -|          -|    10|    no    |
        |- softmax_lite_loop      |     10|     10|         3|          1|          1|     9|    yes   |
        +-------------------------+-------+-------+----------+-----------+-----------+------+----------+



================================================================
== Utilization Estimates
================================================================
* Summary: 
+-----------------+---------+-------+--------+-------+
|       Name      | BRAM_18K| DSP48E|   FF   |  LUT  |
+-----------------+---------+-------+--------+-------+
|DSP              |        -|      -|       -|      -|
|Expression       |        -|      -|    1304|    636|
|FIFO             |        -|      -|       -|      -|
|Instance         |        -|     12|     495|    150|
|Memory           |        4|      -|       0|      0|
|Multiplexer      |        -|      -|       -|    591|
|Register         |        -|      -|     666|      -|
+-----------------+---------+-------+--------+-------+
|Total            |        4|     12|    2465|   1377|
+-----------------+---------+-------+--------+-------+
|Available        |      280|    220|  106400|  53200|
+-----------------+---------+-------+--------+-------+
|Utilization (%)  |        1|      5|       2|      2|
+-----------------+---------+-------+--------+-------+

+ Detail: 
    * Instance: 
    +-------------------------+----------------------+---------+-------+-----+----+
    |         Instance        |        Module        | BRAM_18K| DSP48E|  FF | LUT|
    +-------------------------+----------------------+---------+-------+-----+----+
    |NeuralNetwork_muldEe_U0  |NeuralNetwork_muldEe  |        0|      4|  165|  50|
    |NeuralNetwork_muldEe_U1  |NeuralNetwork_muldEe  |        0|      4|  165|  50|
    |NeuralNetwork_muleOg_U2  |NeuralNetwork_muleOg  |        0|      4|  165|  50|
    +-------------------------+----------------------+---------+-------+-----+----+
    |Total                    |                      |        0|     12|  495| 150|
    +-------------------------+----------------------+---------+-------+-----+----+

    * DSP48: 
    N/A

    * Memory: 
    +-------------+----------------------+---------+---+----+------+-----+------+-------------+
    |    Memory   |        Module        | BRAM_18K| FF| LUT| Words| Bits| Banks| W*Bits*Banks|
    +-------------+----------------------+---------+---+----+------+-----+------+-------------+
    |resArray1_U  |run_classificatiobkb  |        2|  0|   0|    70|   32|     1|         2240|
    |resArray2_U  |run_classificatiobkb  |        2|  0|   0|    70|   32|     1|         2240|
    +-------------+----------------------+---------+---+----+------+-----+------+-------------+
    |Total        |                      |        4|  0|   0|   140|   64|     2|         4480|
    +-------------+----------------------+---------+---+----+------+-----+------+-------------+

    * FIFO: 
    N/A

    * Expression: 
    +--------------------------------+----------+-------+-----+----+------------+------------+
    |          Variable Name         | Operation| DSP48E|  FF | LUT| Bitwidth P0| Bitwidth P1|
    +--------------------------------+----------+-------+-----+----+------------+------------+
    |i_1_fu_701_p2                   |     +    |      0|   26|  12|           7|           1|
    |i_2_fu_865_p2                   |     +    |      0|   17|   9|           4|           1|
    |i_fu_562_p2                     |     +    |      0|   26|  12|           7|           1|
    |inNeurons_1_fu_631_p2           |     +    |      0|   26|  12|           7|           1|
    |inNeurons_2_fu_761_p2           |     +    |      0|   17|   9|           4|           1|
    |inNeurons_fu_509_p2             |     +    |      0|   26|  12|           7|           1|
    |indvarinc3_fu_465_p2            |     +    |      0|   26|  12|           7|           1|
    |indvarinc_fu_448_p2             |     +    |      0|   26|  12|           7|           1|
    |neuronIndex_fu_787_p2           |     +    |      0|   26|  12|           7|           7|
    |next_mul2_fu_637_p2             |     +    |      0|   44|  18|          13|           7|
    |next_mul_fu_515_p2              |     +    |      0|   44|  18|          13|           7|
    |outNeurons_1_fu_592_p2          |     +    |      0|   26|  12|           7|           1|
    |outNeurons_2_fu_731_p2          |     +    |      0|   26|  12|           7|           1|
    |outNeurons_fu_488_p2            |     +    |      0|   26|  12|           7|           1|
    |tmp1_fu_606_p2                  |     +    |      0|   44|  18|          13|          13|
    |tmp2_fu_745_p2                  |     +    |      0|   47|  19|          14|          14|
    |tmp_11_fu_540_p2                |     +    |      0|  101|  37|          32|          32|
    |tmp_13_fu_550_p2                |     +    |      0|  101|  37|          32|          32|
    |tmp_19_fu_653_p2                |     +    |      0|   29|  13|           7|           8|
    |tmp_23_fu_689_p2                |     +    |      0|  101|  37|          32|          32|
    |tmp_24_fu_643_p2                |     +    |      0|   47|  19|          14|          14|
    |tmp_27_fu_673_p2                |     +    |      0|  101|  37|          32|          32|
    |tmp_30_fu_802_p2                |     +    |      0|   29|  13|           8|           8|
    |tmp_32_fu_838_p2                |     +    |      0|   29|  13|           8|           8|
    |tmp_34_fu_847_p2                |     +    |      0|  101|  37|          32|          32|
    |tmp_35_fu_797_p2                |     +    |      0|   47|  19|          14|          14|
    |tmp_38_fu_826_p2                |     +    |      0|  101|  37|          32|          32|
    |tmp_6_fu_521_p2                 |     +    |      0|   44|  18|          13|          13|
    |exitcond2_fu_725_p2             |   icmp   |      0|    0|   4|           7|           7|
    |exitcond3_fu_625_p2             |   icmp   |      0|    0|   4|           7|           7|
    |exitcond4_fu_586_p2             |   icmp   |      0|    0|   4|           7|           7|
    |exitcond5_fu_503_p2             |   icmp   |      0|    0|   4|           7|           7|
    |exitcond6_fu_482_p2             |   icmp   |      0|    0|   4|           7|           7|
    |exitcond_fu_755_p2              |   icmp   |      0|    0|   2|           4|           4|
    |exitcond_i1_fu_556_p2           |   icmp   |      0|    0|   4|           7|           7|
    |exitcond_i9_fu_854_p2           |   icmp   |      0|    0|   2|           4|           4|
    |exitcond_i_fu_695_p2            |   icmp   |      0|    0|   4|           7|           7|
    |tmp_2_i_fu_875_p2               |   icmp   |      0|    0|  16|          32|          32|
    |tmp_8_fu_471_p2                 |   icmp   |      0|    0|   4|           7|           7|
    |tmp_fu_454_p2                   |   icmp   |      0|    0|   4|           7|           7|
    |max_2_i_max1_i_fu_880_p3        |  select  |      0|    0|  32|           1|          32|
    |max_index_2_i_max_in_fu_887_p3  |  select  |      0|    0|   8|           1|           8|
    |ap_enable_pp0                   |    xor   |      0|    0|   2|           1|           2|
    |ap_enable_pp1                   |    xor   |      0|    0|   2|           1|           2|
    |ap_enable_pp2                   |    xor   |      0|    0|   2|           1|           2|
    |ap_enable_reg_pp0_iter1         |    xor   |      0|    0|   2|           1|           2|
    |ap_enable_reg_pp1_iter1         |    xor   |      0|    0|   2|           1|           2|
    |ap_enable_reg_pp2_iter1         |    xor   |      0|    0|   2|           1|           2|
    +--------------------------------+----------+-------+-----+----+------------+------------+
    |Total                           |          |      0| 1304| 636|         498|         471|
    +--------------------------------+----------+-------+-----+----+------------+------------+

    * Multiplexer: 
    +-------------------------+-----+-----------+-----+-----------+
    |           Name          | LUT | Input Size| Bits| Total Bits|
    +-------------------------+-----+-----------+-----+-----------+
    |ap_NS_fsm                |  161|         36|    1|         36|
    |ap_enable_reg_pp0_iter1  |   15|          3|    1|          3|
    |ap_enable_reg_pp1_iter1  |   15|          3|    1|          3|
    |ap_enable_reg_pp2_iter1  |    9|          2|    1|          2|
    |ap_enable_reg_pp2_iter2  |    9|          2|    1|          2|
    |bias_s_address0          |   21|          4|    8|         32|
    |i_0_i1_reg_317           |    9|          2|    7|         14|
    |i_0_i_reg_361            |    9|          2|    7|         14|
    |inNeurons_0_i1_reg_295   |    9|          2|    7|         14|
    |inNeurons_0_i6_reg_339   |    9|          2|    7|         14|
    |inNeurons_0_i_reg_383    |    9|          2|    4|          8|
    |invdar2_reg_273          |    9|          2|    7|         14|
    |invdar_reg_262           |    9|          2|    7|         14|
    |max1_i_reg_394           |    9|          2|   32|         64|
    |max_index_i_reg_404      |    9|          2|    8|         16|
    |max_index_phi_fu_420_p4  |    9|          2|    4|          8|
    |max_index_reg_416        |    9|          2|    4|          8|
    |outNeurons_0_i4_reg_328  |    9|          2|    7|         14|
    |outNeurons_0_i9_reg_284  |    9|          2|    7|         14|
    |outNeurons_0_i_reg_372   |    9|          2|    7|         14|
    |phi_mul1_reg_350         |    9|          2|   13|         26|
    |phi_mul_reg_306          |    9|          2|   13|         26|
    |reg_432                  |    9|          2|   32|         64|
    |reg_438                  |    9|          2|   32|         64|
    |resArray1_address0       |   33|          6|    7|         42|
    |resArray1_address1       |   40|          7|    7|         49|
    |resArray1_d0             |   27|          5|   32|        160|
    |resArray1_d1             |   15|          3|   32|         96|
    |resArray2_address0       |   27|          5|    7|         35|
    |resArray2_address1       |   15|          3|    7|         21|
    |resArray2_d0             |   21|          4|   32|        128|
    |weights_s_address0       |   21|          4|   14|         56|
    +-------------------------+-----+-----------+-----+-----------+
    |Total                    |  591|        123|  356|       1075|
    +-------------------------+-----+-----------+-----+-----------+

    * Register: 
    +---------------------------------------+----+----+-----+-----------+
    |                  Name                 | FF | LUT| Bits| Const Bits|
    +---------------------------------------+----+----+-----+-----------+
    |ap_CS_fsm                              |  35|   0|   35|          0|
    |ap_enable_reg_pp0_iter0                |   1|   0|    1|          0|
    |ap_enable_reg_pp0_iter1                |   1|   0|    1|          0|
    |ap_enable_reg_pp1_iter0                |   1|   0|    1|          0|
    |ap_enable_reg_pp1_iter1                |   1|   0|    1|          0|
    |ap_enable_reg_pp2_iter0                |   1|   0|    1|          0|
    |ap_enable_reg_pp2_iter1                |   1|   0|    1|          0|
    |ap_enable_reg_pp2_iter2                |   1|   0|    1|          0|
    |ap_reg_pp2_iter1_exitcond_i9_reg_1163  |   1|   0|    1|          0|
    |ap_reg_pp2_iter1_max_index_reg_416     |   4|   0|    4|          0|
    |exitcond_i9_reg_1163                   |   1|   0|    1|          0|
    |i_0_i1_reg_317                         |   7|   0|    7|          0|
    |i_0_i_reg_361                          |   7|   0|    7|          0|
    |i_2_reg_1172                           |   4|   0|    4|          0|
    |inNeurons_0_i1_reg_295                 |   7|   0|    7|          0|
    |inNeurons_0_i6_reg_339                 |   7|   0|    7|          0|
    |inNeurons_0_i_reg_383                  |   4|   0|    4|          0|
    |inNeurons_1_reg_1028                   |   7|   0|    7|          0|
    |inNeurons_2_reg_1123                   |   4|   0|    4|          0|
    |inNeurons_reg_938                      |   7|   0|    7|          0|
    |input_r_load_reg_963                   |  32|   0|   32|          0|
    |invdar2_reg_273                        |   7|   0|    7|          0|
    |invdar_reg_262                         |   7|   0|    7|          0|
    |max1_i_reg_394                         |  32|   0|   32|          0|
    |max_1_reg_1177                         |  32|   0|   32|          0|
    |max_index_i_reg_404                    |   8|   0|    8|          0|
    |max_index_reg_416                      |   4|   0|    4|          0|
    |next_mul2_reg_1033                     |  13|   0|   13|          0|
    |next_mul_reg_943                       |  13|   0|   13|          0|
    |outNeurons_0_i4_reg_328                |   7|   0|    7|          0|
    |outNeurons_0_i9_reg_284                |   7|   0|    7|          0|
    |outNeurons_0_i_reg_372                 |   7|   0|    7|          0|
    |outNeurons_1_reg_1005                  |   7|   0|    7|          0|
    |outNeurons_2_reg_1089                  |   7|   0|    7|          0|
    |outNeurons_reg_920                     |   7|   0|    7|          0|
    |phi_mul1_reg_350                       |  13|   0|   13|          0|
    |phi_mul_reg_306                        |  13|   0|   13|          0|
    |reg_428                                |   8|   0|    8|          0|
    |reg_432                                |  32|   0|   32|          0|
    |reg_438                                |  32|   0|   32|          0|
    |resArray1_addr_1_reg_925               |   7|   0|    7|          0|
    |resArray1_addr_2_reg_992               |   7|   0|    7|          0|
    |resArray1_addr_5_reg_1094              |   7|   0|    7|          0|
    |resArray2_addr_1_reg_1010              |   7|   0|    7|          0|
    |resArray2_addr_2_reg_1077              |   7|   0|    7|          0|
    |tmp1_cast_reg_1020                     |  13|   0|   14|          1|
    |tmp2_reg_1105                          |  14|   0|   14|          0|
    |tmp_10_reg_973                         |  32|   0|   32|          0|
    |tmp_13_reg_978                         |  32|   0|   32|          0|
    |tmp_23_cast_reg_1015                   |   7|   0|    8|          1|
    |tmp_23_reg_1063                        |  32|   0|   32|          0|
    |tmp_26_reg_1058                        |  32|   0|   32|          0|
    |tmp_29_reg_1115                        |   4|   0|   32|         28|
    |tmp_32_reg_1158                        |   8|   0|    8|          0|
    |tmp_35_reg_1128                        |  14|   0|   14|          0|
    |tmp_37_reg_1153                        |  32|   0|   32|          0|
    |tmp_38_cast_reg_1100                   |   7|   0|    8|          1|
    |tmp_5_cast_reg_930                     |   7|   0|   13|          6|
    |tmp_9_reg_911                          |   7|   0|   32|         25|
    +---------------------------------------+----+----+-----+-----------+
    |Total                                  | 666|   0|  728|         62|
    +---------------------------------------+----+----+-----+-----------+



================================================================
== Interface
================================================================
* Summary: 
+--------------------+-----+-----+------------+--------------------+--------------+
|      RTL Ports     | Dir | Bits|  Protocol  |    Source Object   |    C Type    |
+--------------------+-----+-----+------------+--------------------+--------------+
|ap_clk              |  in |    1| ap_ctrl_hs | run_classification | return value |
|ap_rst              |  in |    1| ap_ctrl_hs | run_classification | return value |
|ap_start            |  in |    1| ap_ctrl_hs | run_classification | return value |
|ap_done             | out |    1| ap_ctrl_hs | run_classification | return value |
|ap_idle             | out |    1| ap_ctrl_hs | run_classification | return value |
|ap_ready            | out |    1| ap_ctrl_hs | run_classification | return value |
|ap_return           | out |    8| ap_ctrl_hs | run_classification | return value |
|input_r_address0    | out |    7|  ap_memory |       input_r      |     array    |
|input_r_ce0         | out |    1|  ap_memory |       input_r      |     array    |
|input_r_q0          |  in |   32|  ap_memory |       input_r      |     array    |
|weights_s_address0  | out |   14|  ap_memory |      weights_s     |     array    |
|weights_s_ce0       | out |    1|  ap_memory |      weights_s     |     array    |
|weights_s_q0        |  in |    8|  ap_memory |      weights_s     |     array    |
|bias_s_address0     | out |    8|  ap_memory |       bias_s       |     array    |
|bias_s_ce0          | out |    1|  ap_memory |       bias_s       |     array    |
|bias_s_q0           |  in |    8|  ap_memory |       bias_s       |     array    |
+--------------------+-----+-----+------------+--------------------+--------------+

