Copyright 1986-2017 Xilinx, Inc. All Rights Reserved.
------------------------------------------------------------------------------------
| Tool Version : Vivado v.2017.2 (win64) Build 1909853 Thu Jun 15 18:39:09 MDT 2017
| Date         : Fri Nov 26 11:24:51 2021
| Host         : DESKTOP-IFL7HB3 running 64-bit major release  (build 9200)
| Command      : upgrade_ip
| Device       : xc7z010clg400-1
------------------------------------------------------------------------------------

Upgrade Log for IP 'design_1_NeuralNetwork_0_0'

1. Summary
----------

CAUTION (success, with warnings) in the upgrade of design_1_NeuralNetwork_0_0 (xilinx.com:hls:NeuralNetwork:1.0) from (Rev. 2111172313) to (Rev. 2111261122)

After upgrade, an IP may have parameter and port differences compared to the original customization. Please review the parameters within the IP customization GUI to ensure proper functionality. Also, please review the updated IP instantiation template to ensure proper connectivity, and update your design if required.

2. Connection Warnings
----------------------

Detected external port differences while upgrading 'design_1_NeuralNetwork_0_0'. These changes may impact your design.


-Upgraded port 's_axi_NNIO_ARADDR' width 16 differs from original width 14

-Upgraded port 's_axi_NNIO_AWADDR' width 16 differs from original width 14







Copyright 1986-2017 Xilinx, Inc. All Rights Reserved.
------------------------------------------------------------------------------------
| Tool Version : Vivado v.2017.2 (win64) Build 1909853 Thu Jun 15 18:39:09 MDT 2017
| Date         : Wed Nov 17 23:14:40 2021
| Host         : DESKTOP-IFL7HB3 running 64-bit major release  (build 9200)
| Command      : upgrade_ip
| Device       : xc7z010clg400-1
------------------------------------------------------------------------------------

Upgrade Log for IP 'design_1_NeuralNetwork_0_1'

1. Summary
----------

CAUTION (success, with warnings) in the upgrade of design_1_NeuralNetwork_0_1 (xilinx.com:hls:NeuralNetwork:1.0) from (Rev. 2111171924) to (Rev. 2111172313)

After upgrade, an IP may have parameter and port differences compared to the original customization. Please review the parameters within the IP customization GUI to ensure proper functionality. Also, please review the updated IP instantiation template to ensure proper connectivity, and update your design if required.

2. Connection Warnings
----------------------

Detected external port differences while upgrading 'design_1_NeuralNetwork_0_1'. These changes may impact your design.


-Upgraded port 's_axi_NNIO_ARADDR' width 14 differs from original width 11

-Upgraded port 's_axi_NNIO_AWADDR' width 14 differs from original width 11







Copyright 1986-2017 Xilinx, Inc. All Rights Reserved.
------------------------------------------------------------------------------------
| Tool Version : Vivado v.2017.2 (win64) Build 1909853 Thu Jun 15 18:39:09 MDT 2017
| Date         : Wed Nov 17 19:27:05 2021
| Host         : DESKTOP-IFL7HB3 running 64-bit major release  (build 9200)
| Command      : upgrade_ip
| Device       : xc7z010clg400-1
------------------------------------------------------------------------------------

Upgrade Log for IP 'design_1_NeuralNetwork_0_1'

1. Summary
----------

SUCCESS in the upgrade of design_1_NeuralNetwork_0_1 (xilinx.com:hls:NeuralNetwork:1.0) from (Rev. 2111171908) to (Rev. 2111171924)






Copyright 1986-2017 Xilinx, Inc. All Rights Reserved.
------------------------------------------------------------------------------------
| Tool Version : Vivado v.2017.2 (win64) Build 1909853 Thu Jun 15 18:39:09 MDT 2017
| Date         : Wed Nov 17 19:09:34 2021
| Host         : DESKTOP-IFL7HB3 running 64-bit major release  (build 9200)
| Command      : upgrade_ip
| Device       : xc7z010clg400-1
------------------------------------------------------------------------------------

Upgrade Log for IP 'design_1_NeuralNetwork_0_1'

1. Summary
----------

SUCCESS in the upgrade of design_1_NeuralNetwork_0_1 (xilinx.com:hls:NeuralNetwork:1.0) from (Rev. 2111171907) to (Rev. 2111171908)






Copyright 1986-2017 Xilinx, Inc. All Rights Reserved.
------------------------------------------------------------------------------------
| Tool Version : Vivado v.2017.2 (win64) Build 1909853 Thu Jun 15 18:39:09 MDT 2017
| Date         : Wed Nov 17 19:07:25 2021
| Host         : DESKTOP-IFL7HB3 running 64-bit major release  (build 9200)
| Command      : upgrade_ip
| Device       : xc7z010clg400-1
------------------------------------------------------------------------------------

Upgrade Log for IP 'design_1_NeuralNetwork_0_1'

1. Summary
----------

CAUTION (success, with warnings) in the upgrade of design_1_NeuralNetwork_0_1 (xilinx.com:hls:NeuralNetwork:1.0) from (Rev. 2111171835) to (Rev. 2111171907)

After upgrade, an IP may have parameter and port differences compared to the original customization. Please review the parameters within the IP customization GUI to ensure proper functionality. Also, please review the updated IP instantiation template to ensure proper connectivity, and update your design if required.

2. Connection Warnings
----------------------

Detected external port differences while upgrading 'design_1_NeuralNetwork_0_1'. These changes may impact your design.


-Upgraded port 's_axi_NNIO_ARADDR' width 11 differs from original width 5

-Upgraded port 's_axi_NNIO_AWADDR' width 11 differs from original width 5







Copyright 1986-2017 Xilinx, Inc. All Rights Reserved.
------------------------------------------------------------------------------------
| Tool Version : Vivado v.2017.2 (win64) Build 1909853 Thu Jun 15 18:39:09 MDT 2017
| Date         : Wed Nov 17 18:33:19 2021
| Host         : DESKTOP-IFL7HB3 running 64-bit major release  (build 9200)
| Command      : upgrade_ip
| Device       : xc7z010clg400-1
------------------------------------------------------------------------------------

Upgrade Log for IP 'design_1_NeuralNetwork_0_0'

1. Summary
----------

SUCCESS in the upgrade of design_1_NeuralNetwork_0_0 (xilinx.com:hls:NeuralNetwork:1.0) from (Rev. 2111162301) to (Rev. 2111171832)






Copyright 1986-2017 Xilinx, Inc. All Rights Reserved.
------------------------------------------------------------------------------------
| Tool Version : Vivado v.2017.2 (win64) Build 1909853 Thu Jun 15 18:39:09 MDT 2017
| Date         : Tue Nov 16 22:54:34 2021
| Host         : DESKTOP-IFL7HB3 running 64-bit major release  (build 9200)
| Command      : upgrade_ip
| Device       : xc7z010clg400-1
------------------------------------------------------------------------------------

Upgrade Log for IP 'design_1_NeuralNetwork_0_0'

1. Summary
----------

CAUTION (success, with warnings) in the upgrade of design_1_NeuralNetwork_0_0 (xilinx.com:hls:NeuralNetwork:1.0) from (Rev. 2111162218) to (Rev. 2111162254)

After upgrade, an IP may have parameter and port differences compared to the original customization. Please review the parameters within the IP customization GUI to ensure proper functionality. Also, please review the updated IP instantiation template to ensure proper connectivity, and update your design if required.

2. Connection Warnings
----------------------

Detected external port differences while upgrading 'design_1_NeuralNetwork_0_0'. These changes may impact your design.


-Upgraded port 's_axi_NNIO_ARADDR' width 10 differs from original width 15

-Upgraded port 's_axi_NNIO_AWADDR' width 10 differs from original width 15







Copyright 1986-2017 Xilinx, Inc. All Rights Reserved.
------------------------------------------------------------------------------------
| Tool Version : Vivado v.2017.2 (win64) Build 1909853 Thu Jun 15 18:39:09 MDT 2017
| Date         : Tue Nov 16 22:18:51 2021
| Host         : DESKTOP-IFL7HB3 running 64-bit major release  (build 9200)
| Command      : upgrade_ip
| Device       : xc7z010clg400-1
------------------------------------------------------------------------------------

Upgrade Log for IP 'design_1_NeuralNetwork_0_0'

1. Summary
----------

SUCCESS in the upgrade of design_1_NeuralNetwork_0_0 (xilinx.com:hls:NeuralNetwork:1.0) from (Rev. 2111162205) to (Rev. 2111162218)






Copyright 1986-2017 Xilinx, Inc. All Rights Reserved.
------------------------------------------------------------------------------------
| Tool Version : Vivado v.2017.2 (win64) Build 1909853 Thu Jun 15 18:39:09 MDT 2017
| Date         : Tue Nov 16 22:06:30 2021
| Host         : DESKTOP-IFL7HB3 running 64-bit major release  (build 9200)
| Command      : upgrade_ip
| Device       : xc7z010clg400-1
------------------------------------------------------------------------------------

Upgrade Log for IP 'design_1_NeuralNetwork_0_0'

1. Summary
----------

CAUTION (success, with warnings) in the upgrade of design_1_NeuralNetwork_0_0 (xilinx.com:hls:NeuralNetwork:1.0) from (Rev. 2111162202) to (Rev. 2111162205)

After upgrade, an IP may have parameter and port differences compared to the original customization. Please review the parameters within the IP customization GUI to ensure proper functionality. Also, please review the updated IP instantiation template to ensure proper connectivity, and update your design if required.

2. Interface Information
------------------------

Detected external interface differences while upgrading 'design_1_NeuralNetwork_0_0'.


-Upgrade has removed interface 'bias_r_address0'

-Upgrade has removed interface 'bias_r_q0'

-Upgrade has removed interface 'weight_r_address0'

-Upgrade has removed interface 'weight_r_q0'


3. Connection Warnings
----------------------

Detected external port differences while upgrading 'design_1_NeuralNetwork_0_0'. These changes may impact your design.


-Upgraded port 's_axi_NNIO_ARADDR' width 15 differs from original width 11

-Upgraded port 's_axi_NNIO_AWADDR' width 15 differs from original width 11

-Upgrade has removed port 'bias_r_address0'

-Upgrade has removed port 'bias_r_ce0'

-Upgrade has removed port 'bias_r_q0'

-Upgrade has removed port 'weight_r_address0'

-Upgrade has removed port 'weight_r_ce0'

-Upgrade has removed port 'weight_r_q0'







Copyright 1986-2017 Xilinx, Inc. All Rights Reserved.
------------------------------------------------------------------------------------
| Tool Version : Vivado v.2017.2 (win64) Build 1909853 Thu Jun 15 18:39:09 MDT 2017
| Date         : Tue Nov 16 22:03:13 2021
| Host         : DESKTOP-IFL7HB3 running 64-bit major release  (build 9200)
| Command      : upgrade_ip
| Device       : xc7z010clg400-1
------------------------------------------------------------------------------------

Upgrade Log for IP 'design_1_NeuralNetwork_0_0'

1. Summary
----------

CAUTION (success, with warnings) in the upgrade of design_1_NeuralNetwork_0_0 (xilinx.com:hls:NeuralNetwork:1.0) from (Rev. 2111162129) to (Rev. 2111162202)

After upgrade, an IP may have parameter and port differences compared to the original customization. Please review the parameters within the IP customization GUI to ensure proper functionality. Also, please review the updated IP instantiation template to ensure proper connectivity, and update your design if required.

2. Interface Information
------------------------

Detected external interface differences while upgrading 'design_1_NeuralNetwork_0_0'.


-Upgrade has added interface 'bias_r_address0' (xilinx.com:signal:data:1.0)

-Upgrade has added interface 'bias_r_q0' (xilinx.com:signal:data:1.0)

-Upgrade has added interface 'weight_r_address0' (xilinx.com:signal:data:1.0)

-Upgrade has added interface 'weight_r_q0' (xilinx.com:signal:data:1.0)


3. Connection Warnings
----------------------

Detected external port differences while upgrading 'design_1_NeuralNetwork_0_0'. These changes may impact your design.


-Upgrade has added port 'bias_r_address0'

-Upgrade has added port 'bias_r_ce0'

-Upgrade has added port 'bias_r_q0'

-Upgrade has added port 'weight_r_address0'

-Upgrade has added port 'weight_r_ce0'

-Upgrade has added port 'weight_r_q0'


