#-----------------------------------------------------------
# Webtalk v2017.2 (64-bit)
# SW Build 1909853 on Thu Jun 15 18:39:09 MDT 2017
# 
# Start of session at: Sun Dec  5 21:19:24 2021
# Process ID: 15164
# Current directory: C:/Users/jespe/Desktop/Uni_Civil_9_Semester/Embedded_course/ERTS_final_project/Vivado_project/project_1/project_1.sdk/webtalk
# Command line: wbtcv.exe -mode batch -source sdk_webtalk.tcl
# Log file: C:/Users/jespe/Desktop/Uni_Civil_9_Semester/Embedded_course/ERTS_final_project/Vivado_project/project_1/project_1.sdk/webtalk/webtalk.log
# Journal file: C:/Users/jespe/Desktop/Uni_Civil_9_Semester/Embedded_course/ERTS_final_project/Vivado_project/project_1/project_1.sdk/webtalk\webtalk.jou
#-----------------------------------------------------------
source sdk_webtalk.tcl
# webtalk_init -webtalk_dir C:\\Users\\jespe\\Desktop\\Uni_Civil_9_Semester\\Embedded_course\\ERTS_final_project\\Vivado_project\\project_1\\project_1.sdk\\webtalk
# webtalk_register_client -client project
# webtalk_add_data -client project -key date_generated -value "2021-12-05 21:19:23" -context "software_version_and_target_device"
# webtalk_add_data -client project -key product_version -value "SDK v2017.2" -context "software_version_and_target_device"
# webtalk_add_data -client project -key build_version -value "2017.2" -context "software_version_and_target_device"
# webtalk_add_data -client project -key os_platform -value "amd64" -context "software_version_and_target_device"
# webtalk_add_data -client project -key registration_id -value "" -context "software_version_and_target_device"
# webtalk_add_data -client project -key tool_flow -value "SDK" -context "software_version_and_target_device"
# webtalk_add_data -client project -key beta -value "false" -context "software_version_and_target_device"
# webtalk_add_data -client project -key route_design -value "NA" -context "software_version_and_target_device"
# webtalk_add_data -client project -key target_family -value "NA" -context "software_version_and_target_device"
# webtalk_add_data -client project -key target_device -value "NA" -context "software_version_and_target_device"
# webtalk_add_data -client project -key target_package -value "NA" -context "software_version_and_target_device"
# webtalk_add_data -client project -key target_speed -value "NA" -context "software_version_and_target_device"
# webtalk_add_data -client project -key random_id -value "tksmahug04t2iuouseammn5in4" -context "software_version_and_target_device"
# webtalk_add_data -client project -key project_id -value "2017.2_40" -context "software_version_and_target_device"
# webtalk_add_data -client project -key project_iteration -value "40" -context "software_version_and_target_device"
# webtalk_add_data -client project -key os_name -value "Microsoft Windows 8 or later , 64-bit" -context "user_environment"
# webtalk_add_data -client project -key os_release -value "major release  (build 9200)" -context "user_environment"
# webtalk_add_data -client project -key cpu_name -value "Intel(R) Core(TM) i7-7700HQ CPU @ 2.80GHz" -context "user_environment"
# webtalk_add_data -client project -key cpu_speed -value "2808 MHz" -context "user_environment"
# webtalk_add_data -client project -key total_processors -value "1" -context "user_environment"
# webtalk_add_data -client project -key system_ram -value "17.000 GB" -context "user_environment"
# webtalk_register_client -client sdk
# webtalk_add_data -client sdk -key uid -value "1638735152017" -context "sdk\\\\hardware/1638735152017"
# webtalk_add_data -client sdk -key isZynq -value "true" -context "sdk\\\\hardware/1638735152017"
# webtalk_add_data -client sdk -key isZynqMP -value "false" -context "sdk\\\\hardware/1638735152017"
# webtalk_add_data -client sdk -key Processors -value "2" -context "sdk\\\\hardware/1638735152017"
# webtalk_add_data -client sdk -key VivadoVersion -value "2017.2" -context "sdk\\\\hardware/1638735152017"
# webtalk_add_data -client sdk -key Arch -value "zynq" -context "sdk\\\\hardware/1638735152017"
# webtalk_add_data -client sdk -key Device -value "7z010" -context "sdk\\\\hardware/1638735152017"
# webtalk_add_data -client sdk -key IsHandoff -value "true" -context "sdk\\\\hardware/1638735152017"
# webtalk_add_data -client sdk -key os -value "NA" -context "sdk\\\\hardware/1638735152017"
# webtalk_add_data -client sdk -key apptemplate -value "NA" -context "sdk\\\\hardware/1638735152017"
# webtalk_add_data -client sdk -key RecordType -value "HWCreation" -context "sdk\\\\hardware/1638735152017"
# webtalk_add_data -client sdk -key uid -value "1638735198662" -context "sdk\\\\bsp/1638735198662"
# webtalk_add_data -client sdk -key hwid -value "1638735152017" -context "sdk\\\\bsp/1638735198662"
# webtalk_add_data -client sdk -key os -value "freertos901_xilinx" -context "sdk\\\\bsp/1638735198662"
# webtalk_add_data -client sdk -key apptemplate -value "empty_application" -context "sdk\\\\bsp/1638735198662"
# webtalk_add_data -client sdk -key RecordType -value "BSPCreation" -context "sdk\\\\bsp/1638735198662"
# webtalk_add_data -client sdk -key uid -value "1638735203692" -context "sdk\\\\application/1638735203692"
# webtalk_add_data -client sdk -key hwid -value "1638735152017" -context "sdk\\\\application/1638735203692"
# webtalk_add_data -client sdk -key bspid -value "1638735198662" -context "sdk\\\\application/1638735203692"
# webtalk_add_data -client sdk -key newbsp -value "true" -context "sdk\\\\application/1638735203692"
# webtalk_add_data -client sdk -key os -value "freertos901_xilinx" -context "sdk\\\\application/1638735203692"
# webtalk_add_data -client sdk -key apptemplate -value "empty_application" -context "sdk\\\\application/1638735203692"
# webtalk_add_data -client sdk -key RecordType -value "APPCreation" -context "sdk\\\\application/1638735203692"
# webtalk_add_data -client sdk -key LangUsed -value "CPP" -context "sdk\\\\application/1638735203692"
# webtalk_add_data -client sdk -key Procused -value "ps7_cortexa9" -context "sdk\\\\application/1638735203692"
# webtalk_add_data -client sdk -key projSize -value "550.578125" -context "sdk\\\\application/1638735203692"
# webtalk_add_data -client sdk -key uid -value "NA" -context "sdk\\\\bsp/1638735563134"
# webtalk_add_data -client sdk -key RecordType -value "ToolUsage" -context "sdk\\\\bsp/1638735563134"
# webtalk_add_data -client sdk -key BootgenCount -value "0" -context "sdk\\\\bsp/1638735563134"
# webtalk_add_data -client sdk -key DebugCount -value "0" -context "sdk\\\\bsp/1638735563134"
# webtalk_add_data -client sdk -key PerfCount -value "0" -context "sdk\\\\bsp/1638735563134"
# webtalk_add_data -client sdk -key FlashCount -value "0" -context "sdk\\\\bsp/1638735563134"
# webtalk_add_data -client sdk -key CrossTriggCount -value "0" -context "sdk\\\\bsp/1638735563134"
# webtalk_add_data -client sdk -key QemuDebugCount -value "0" -context "sdk\\\\bsp/1638735563134"
# webtalk_transmit -clientid 4056678926 -regid "" -xml C:\\Users\\jespe\\Desktop\\Uni_Civil_9_Semester\\Embedded_course\\ERTS_final_project\\Vivado_project\\project_1\\project_1.sdk\\webtalk\\usage_statistics_ext_sdk.xml -html C:\\Users\\jespe\\Desktop\\Uni_Civil_9_Semester\\Embedded_course\\ERTS_final_project\\Vivado_project\\project_1\\project_1.sdk\\webtalk\\usage_statistics_ext_sdk.html -wdm C:\\Users\\jespe\\Desktop\\Uni_Civil_9_Semester\\Embedded_course\\ERTS_final_project\\Vivado_project\\project_1\\project_1.sdk\\webtalk\\sdk_webtalk.wdm -intro "<H3>SDK Usage Report</H3><BR>"
# webtalk_terminate
INFO: [Common 17-206] Exiting Webtalk at Sun Dec  5 21:19:30 2021...
