INFO: [HLS 200-0] Workspace C:/Users/jespe/Desktop/Uni_Civil_9_Semester/Embedded_course/ERTS_final_project/HLS_project/NeuralNetwork_HLS/solution1_ opened at Mon Dec 06 12:45:37 +0100 2021
INFO: [HLS 200-100] Execute     config_clock -quiet -name default -period 8 -default=false 
INFO: [SYN 201-201] Setting up clock 'default' with a period of 8ns.
INFO: [HLS 200-100] Command     config_clock returned 0; 0 sec.
INFO: [HLS 200-100] Execute     config_clock -quiet -name default -uncertainty 1 
INFO: [SYN 201-201] Setting up clock 'default' with an uncertainty of 1ns.
INFO: [HLS 200-100] Command     config_clock returned 0; 0 sec.
INFO: [HLS 200-100] Execute     open_platform DefaultPlatform 
INFO: [HLS 200-100] Command     open_platform returned 0; 0.001 sec.
INFO: [HLS 200-100] Execute     import_lib C:/Xilinx/Vivado_HLS/2017.2/common/technology/xilinx/zynq/zynq 
INFO: [HLS 200-100] Execute       source C:/Xilinx/Vivado_HLS/2017.2/common/technology/xilinx/common/xilinx.lib 
INFO: [HLS 200-100] Execute         source C:/Xilinx/Vivado_HLS/2017.2/common/technology/xilinx/interface/xilinx_interface.lib 
INFO: [HLS 200-100] Execute           source C:/Xilinx/Vivado_HLS/2017.2/common/technology/xilinx/interface/plb46.lib 
INFO: [HLS 200-100] Command           ap_source returned 0; 0 sec.
INFO: [HLS 200-100] Execute           source C:/Xilinx/Vivado_HLS/2017.2/common/technology/xilinx/interface/fsl.lib 
INFO: [HLS 200-100] Command           ap_source returned 0; 0.001 sec.
INFO: [HLS 200-100] Execute           source C:/Xilinx/Vivado_HLS/2017.2/common/technology/xilinx/interface/axi4.lib 
INFO: [HLS 200-100] Command           ap_source returned 0; 0 sec.
INFO: [HLS 200-100] Execute           source C:/Xilinx/Vivado_HLS/2017.2/common/technology/xilinx/interface/maxi.lib 
INFO: [HLS 200-100] Command           ap_source returned 0; 0 sec.
INFO: [HLS 200-100] Execute           source C:/Xilinx/Vivado_HLS/2017.2/common/technology/xilinx/interface/saxilite.lib 
INFO: [HLS 200-100] Command           ap_source returned 0; 0 sec.
INFO: [HLS 200-100] Command         ap_source returned 0; 0.002 sec.
INFO: [HLS 200-100] Execute         source C:/Xilinx/Vivado_HLS/2017.2/common/technology/xilinx/common/dsp48.lib 
INFO: [HLS 200-100] Command         ap_source returned 0; 0.001 sec.
INFO: [HLS 200-100] Execute         source C:/Xilinx/Vivado_HLS/2017.2/common/technology/xilinx/ip/dds_compiler.lib 
INFO: [HLS 200-100] Command         ap_source returned 0; 0 sec.
INFO: [HLS 200-100] Execute         source C:/Xilinx/Vivado_HLS/2017.2/common/technology/xilinx/ip/xfft.lib 
INFO: [HLS 200-100] Command         ap_source returned 0; 0 sec.
INFO: [HLS 200-100] Execute         source C:/Xilinx/Vivado_HLS/2017.2/common/technology/xilinx/ip/xfir.lib 
INFO: [HLS 200-100] Command         ap_source returned 0; 0 sec.
INFO: [HLS 200-100] Command       ap_source returned 0; 0.007 sec.
INFO: [HLS 200-100] Execute       source C:/Xilinx/Vivado_HLS/2017.2/common/technology/xilinx/common/xilinx_old.lib 
INFO: [HLS 200-100] Command       ap_source returned 0; 0.001 sec.
INFO: [HLS 200-100] Execute       source C:/Xilinx/Vivado_HLS/2017.2/common/technology/xilinx/common/xilinx_vivado.lib 
INFO: [HLS 200-100] Command       ap_source returned 0; 0.001 sec.
INFO: [HLS 200-100] Execute       source C:/Xilinx/Vivado_HLS/2017.2/common/technology/xilinx/common/xilinx.hlp 
INFO: [HLS 200-100] Execute         source C:/Xilinx/Vivado_HLS/2017.2/common/technology/xilinx/common/target_info.tcl 
INFO: [HLS 200-100] Command         ap_source returned 0; 0.001 sec.
INFO: [HLS 200-100] Execute         source C:/Xilinx/Vivado_HLS/2017.2/common/technology/xilinx/interface/xilinx_interface.hlp 
INFO: [HLS 200-100] Execute           source C:/Xilinx/Vivado_HLS/2017.2/common/technology/xilinx/interface/maxi.hlp 
INFO: [HLS 200-100] Command           ap_source returned 0; 0.001 sec.
INFO: [HLS 200-100] Execute           source C:/Xilinx/Vivado_HLS/2017.2/common/technology/xilinx/interface/saxilite.hlp 
INFO: [HLS 200-100] Command           ap_source returned 0; 0 sec.
INFO: [HLS 200-100] Command         ap_source returned 0; 0.001 sec.
INFO: [HLS 200-100] Execute         source C:/Xilinx/Vivado_HLS/2017.2/common/technology/xilinx/common/dsp48.hlp 
INFO: [HLS 200-100] Command         ap_source returned 0; 0.001 sec.
INFO: [HLS 200-100] Command       ap_source returned 0; 0.005 sec.
INFO: [HLS 200-100] Execute       source C:/Xilinx/Vivado_HLS/2017.2/common/technology/xilinx/zynq/dsp48e1.hlp 
INFO: [HLS 200-100] Command       ap_source returned 0; 0 sec.
INFO: [HLS 200-100] Execute       get_default_platform 
INFO: [HLS 200-100] Command       get_default_platform returned 0; 0 sec.
INFO: [HLS 200-100] Execute       config_chip_info -quiet -resource  {SLICE 13300}  {LUT 53200}     {FF 106400} {DSP48E 220}   {BRAM 280}  
INFO: [HLS 200-100] Command       config_chip_info returned 0; 0 sec.
INFO: [HLS 200-100] Execute       config_chip_info -quiet -speed medium 
INFO: [HLS 200-100] Command       config_chip_info returned 0; 0 sec.
INFO: [HLS 200-100] Execute       source C:/Xilinx/Vivado_HLS/2017.2/common/technology/xilinx/common/xilinx.hlp 
INFO: [HLS 200-100] Execute         source C:/Xilinx/Vivado_HLS/2017.2/common/technology/xilinx/common/target_info.tcl 
INFO: [HLS 200-100] Command         ap_source returned 0; 0.002 sec.
INFO: [HLS 200-100] Execute         source C:/Xilinx/Vivado_HLS/2017.2/common/technology/xilinx/interface/xilinx_interface.hlp 
INFO: [HLS 200-100] Execute           source C:/Xilinx/Vivado_HLS/2017.2/common/technology/xilinx/interface/maxi.hlp 
INFO: [HLS 200-100] Command           ap_source returned 0; 0 sec.
INFO: [HLS 200-100] Execute           source C:/Xilinx/Vivado_HLS/2017.2/common/technology/xilinx/interface/saxilite.hlp 
INFO: [HLS 200-100] Command           ap_source returned 0; 0 sec.
INFO: [HLS 200-100] Command         ap_source returned 0; 0 sec.
INFO: [HLS 200-100] Execute         source C:/Xilinx/Vivado_HLS/2017.2/common/technology/xilinx/common/dsp48.hlp 
INFO: [HLS 200-100] Command         ap_source returned 0; 0 sec.
INFO: [HLS 200-100] Command       ap_source returned 0; 0.005 sec.
INFO: [HLS 200-100] Command     import_lib returned 0; 0.024 sec.
INFO: [HLS 200-100] Execute     source C:/Xilinx/Vivado_HLS/2017.2/common/technology/xilinx/zynq/zynq.gen 
INFO: [HLS 200-100] Execute       source C:/Xilinx/Vivado_HLS/2017.2/common/technology/xilinx/common/virtex.gen 
INFO: [HLS 200-100] Execute         source C:/Xilinx/Vivado_HLS/2017.2/common/technology/xilinx/common/xilinx.gen 
INFO: [HLS 200-100] Execute           source C:/Xilinx/Vivado_HLS/2017.2/common/technology/xilinx/interface/plb46.gen 
INFO: [HLS 200-100] Command           ap_source returned 0; 0.001 sec.
INFO: [HLS 200-100] Execute           source C:/Xilinx/Vivado_HLS/2017.2/common/technology/xilinx/interface/fsl.gen 
INFO: [HLS 200-100] Command           ap_source returned 0; 0.001 sec.
INFO: [HLS 200-100] Execute           source C:/Xilinx/Vivado_HLS/2017.2/common/technology/xilinx/interface/axi4.gen 
INFO: [HLS 200-100] Command           ap_source returned 0; 0.002 sec.
INFO: [HLS 200-100] Execute           source C:/Xilinx/Vivado_HLS/2017.2/common/technology/xilinx/interface/nativeAXI4.gen 
INFO: [HLS 200-100] Execute             source C:/Xilinx/Vivado_HLS/2017.2/common/technology/xilinx/interface/saxilite.gen 
INFO: [HLS 200-100] Command             ap_source returned 0; 0.005 sec.
INFO: [HLS 200-100] Execute             source C:/Xilinx/Vivado_HLS/2017.2/common/technology/xilinx/interface/maxi.gen 
INFO: [HLS 200-100] Command             ap_source returned 0; 0.008 sec.
INFO: [HLS 200-100] Command           ap_source returned 0; 0.013 sec.
INFO: [HLS 200-100] Execute           source C:/Xilinx/Vivado_HLS/2017.2/common/technology/xilinx/scripts/xilinxcoregen.gen 
INFO: [HLS 200-100] Command           ap_source returned 0; 0.01 sec.
INFO: [HLS 200-100] Execute           source C:/Xilinx/Vivado_HLS/2017.2/common/technology/xilinx/interface/XilEDKCoreGen.gen 
INFO: [HLS 200-100] Command           ap_source returned 0; 0.008 sec.
INFO: [HLS 200-100] Execute           source C:/Xilinx/Vivado_HLS/2017.2/common/technology/xilinx/ip/dds_compiler.gen 
INFO: [HLS 200-100] Command           ap_source returned 0; 0.003 sec.
INFO: [HLS 200-100] Execute           source C:/Xilinx/Vivado_HLS/2017.2/common/technology/xilinx/ip/util.gen 
INFO: [HLS 200-100] Command           ap_source returned 0; 0 sec.
INFO: [HLS 200-100] Execute           source C:/Xilinx/Vivado_HLS/2017.2/common/technology/xilinx/ip/xfft.gen 
INFO: [HLS 200-100] Command           ap_source returned 0; 0.093 sec.
INFO: [HLS 200-100] Execute           source C:/Xilinx/Vivado_HLS/2017.2/common/technology/xilinx/ip/xfir.gen 
INFO: [HLS 200-100] Command           ap_source returned 0; 0.001 sec.
INFO: [HLS 200-100] Command         ap_source returned 0; 0.134 sec.
INFO: [HLS 200-100] Execute         source C:/Xilinx/Vivado_HLS/2017.2/common/technology/xilinx/common/dsp48.gen 
INFO: [HLS 200-100] Command         ap_source returned 0; 0.001 sec.
INFO: [HLS 200-100] Command       ap_source returned 0; 0.137 sec.
INFO: [HLS 200-100] Command     ap_source returned 0; 0.138 sec.
INFO: [HLS 200-100] Execute     open_platform DefaultPlatform 
INFO: [HLS 200-100] Command     open_platform returned 0; 0 sec.
INFO: [HLS 200-100] Execute     import_lib C:/Xilinx/Vivado_HLS/2017.2/common/technology/xilinx/zynq/zynq_fpv6 
INFO: [HLS 200-100] Execute       source C:/Xilinx/Vivado_HLS/2017.2/common/technology/xilinx/common/xilinx_fpv7.lib 
INFO: [HLS 200-100] Execute         source C:/Xilinx/Vivado_HLS/2017.2/common/technology/xilinx/common/xilinx_hp.lib 
INFO: [HLS 200-100] Command         ap_source returned 0; 0.001 sec.
INFO: [HLS 200-100] Command       ap_source returned 0; 0.005 sec.
INFO: [HLS 200-100] Execute       source C:/Xilinx/Vivado_HLS/2017.2/common/technology/xilinx/common/xilinx_fpv.hlp 
INFO: [HLS 200-100] Execute         source C:/Xilinx/Vivado_HLS/2017.2/common/technology/xilinx/common/xilinx.hlp 
INFO: [HLS 200-100] Execute           source C:/Xilinx/Vivado_HLS/2017.2/common/technology/xilinx/common/target_info.tcl 
INFO: [HLS 200-100] Command           ap_source returned 0; 0.002 sec.
INFO: [HLS 200-100] Execute           source C:/Xilinx/Vivado_HLS/2017.2/common/technology/xilinx/interface/xilinx_interface.hlp 
INFO: [HLS 200-100] Execute             source C:/Xilinx/Vivado_HLS/2017.2/common/technology/xilinx/interface/maxi.hlp 
INFO: [HLS 200-100] Command             ap_source returned 0; 0.001 sec.
INFO: [HLS 200-100] Execute             source C:/Xilinx/Vivado_HLS/2017.2/common/technology/xilinx/interface/saxilite.hlp 
INFO: [HLS 200-100] Command             ap_source returned 0; 0 sec.
INFO: [HLS 200-100] Command           ap_source returned 0; 0.001 sec.
INFO: [HLS 200-100] Execute           source C:/Xilinx/Vivado_HLS/2017.2/common/technology/xilinx/common/dsp48.hlp 
INFO: [HLS 200-100] Command           ap_source returned 0; 0 sec.
INFO: [HLS 200-100] Command         ap_source returned 0; 0.006 sec.
INFO: [HLS 200-100] Command       ap_source returned 0; 0.007 sec.
INFO: [HLS 200-100] Execute       source C:/Xilinx/Vivado_HLS/2017.2/common/technology/xilinx/zynq/zynq_hp.hlp 
INFO: [HLS 200-100] Command       ap_source returned 0; 0.003 sec.
INFO: [HLS 200-100] Command     import_lib returned 0; 0.023 sec.
INFO: [HLS 200-100] Execute     source C:/Xilinx/Vivado_HLS/2017.2/common/technology/xilinx/zynq/zynq_fpv6.gen 
INFO: [HLS 200-100] Execute       source C:/Xilinx/Vivado_HLS/2017.2/common/technology/xilinx/common/xilinx_fpv6.gen 
INFO: [HLS 200-100] Command       ap_source returned 0; 0.001 sec.
INFO: [HLS 200-100] Command     ap_source returned 0; 0.002 sec.
INFO: [HLS 200-100] Execute     set_part xc7z010clg400-1 
INFO: [HLS 200-100] Execute       add_library xilinx/zynq/zynq:xc7z010:clg400:-1 
INFO: [HLS 200-100] Execute         get_default_platform 
INFO: [HLS 200-100] Command         get_default_platform returned 0; 0 sec.
INFO: [HLS 200-100] Execute         license_isbetapart xc7z010 
INFO: [HLS 200-100] Command         license_isbetapart returned 1; 0.012 sec.
INFO: [HLS 200-100] Execute         get_default_platform 
INFO: [HLS 200-100] Command         get_default_platform returned 0; 0 sec.
INFO: [HLS 200-100] Execute         config_chip_info -quiet -resource  {SLICE 4400}   {LUT 17600}     {FF 35200}  {DSP48E 80}    {BRAM 120}  
INFO: [HLS 200-100] Command         config_chip_info returned 0; 0 sec.
INFO: [HLS 200-100] Execute         config_chip_info -quiet -speed slow 
INFO: [HLS 200-100] Command         config_chip_info returned 0; 0 sec.
INFO: [HLS 200-100] Command       add_library returned 0; 0.016 sec.
INFO: [HLS 200-100] Execute       add_library xilinx/zynq/zynq_fpv6 
INFO: [HLS 200-100] Execute         get_default_platform 
INFO: [HLS 200-100] Command         get_default_platform returned 0; 0 sec.
INFO: [HLS 200-100] Command       add_library returned 0; 0.002 sec.
INFO: [HLS 200-10] Setting target device to 'xc7z010clg400-1'
INFO: [HLS 200-100] Execute       get_default_platform 
INFO: [HLS 200-100] Command       get_default_platform returned 0; 0 sec.
INFO: [HLS 200-100] Command     set_part returned 0; 0.063 sec.
INFO: [HLS 200-100] Execute     get_default_platform 
INFO: [HLS 200-100] Command     get_default_platform returned 0; 0 sec.
INFO: [HLS 200-100] Execute     config_chip_info -quiet -resource  {SLICE 4400}   {LUT 17600}     {FF 35200}  {DSP48E 80}    {BRAM 120}  
INFO: [HLS 200-100] Command     config_chip_info returned 0; 0 sec.
INFO: [HLS 200-100] Execute     config_chip_info -quiet -speed slow 
INFO: [HLS 200-100] Command     config_chip_info returned 0; 0 sec.
INFO: [HLS 200-100] Command   open_solution returned 0; 0.267 sec.
INFO: [HLS 200-100] Execute   cosim_design -rtl vhdl 
INFO: [HLS 200-100] Execute     source C:/Users/jespe/Desktop/Uni_Civil_9_Semester/Embedded_course/ERTS_final_project/HLS_project/NeuralNetwork_HLS/solution1_/.autopilot/db/global.setting.tcl 
INFO: [HLS 200-100] Command     ap_source returned 0; 0.001 sec.
INFO: [HLS 200-100] Execute     source C:/Users/jespe/Desktop/Uni_Civil_9_Semester/Embedded_course/ERTS_final_project/HLS_project/NeuralNetwork_HLS/solution1_/.autopilot/db/global.setting.tcl 
INFO: [HLS 200-100] Command     ap_source returned 0; 0.002 sec.
INFO: [HLS 200-100] Execute     source C:/Users/jespe/Desktop/Uni_Civil_9_Semester/Embedded_course/ERTS_final_project/HLS_project/NeuralNetwork_HLS/solution1_/.autopilot/db/global.setting.tcl 
INFO: [HLS 200-100] Command     ap_source returned 0; 0.001 sec.
INFO: [HLS 200-100] Execute     source C:/Xilinx/Vivado_HLS/2017.2/common/technology/generic/autopilot/common.gen 
INFO: [HLS 200-100] Execute       source C:/Xilinx/Vivado_HLS/2017.2/common/technology/generic/autopilot/APCoreGen.gen 
INFO: [HLS 200-100] Command       ap_source returned 0; 0.001 sec.
INFO: [HLS 200-100] Command     ap_source returned 0; 0.001 sec.
INFO: [HLS 200-100] Execute     source C:/Xilinx/Vivado_HLS/2017.2/common/technology/generic/autopilot/op.gen 
INFO: [HLS 200-100] Command     ap_source returned 0; 0 sec.
INFO: [HLS 200-100] Execute     source C:/Xilinx/Vivado_HLS/2017.2/common/technology/generic/autopilot/op_simcore.gen 
INFO: [HLS 200-100] Command     ap_source returned 0; 0.001 sec.
INFO: [HLS 200-100] Execute     source C:/Xilinx/Vivado_HLS/2017.2/common/technology/generic/autopilot/interface.gen 
INFO: [HLS 200-100] Command     ap_source returned 0; 0 sec.
INFO: [HLS 200-100] Execute     source C:/Users/jespe/Desktop/Uni_Civil_9_Semester/Embedded_course/ERTS_final_project/HLS_project/NeuralNetwork_HLS/solution1_/.autopilot/db/global.setting.tcl 
INFO: [HLS 200-100] Command     ap_source returned 0; 0.001 sec.
INFO: [HLS 200-100] Execute     source C:/Xilinx/Vivado_HLS/2017.2/common/technology/xilinx/zynq/zynq.gen 
INFO: [HLS 200-100] Execute       source C:/Xilinx/Vivado_HLS/2017.2/common/technology/xilinx/common/virtex.gen 
INFO: [HLS 200-100] Execute         source C:/Xilinx/Vivado_HLS/2017.2/common/technology/xilinx/common/xilinx.gen 
INFO: [HLS 200-100] Execute           source C:/Xilinx/Vivado_HLS/2017.2/common/technology/xilinx/interface/plb46.gen 
INFO: [HLS 200-100] Command           ap_source returned 0; 0.002 sec.
INFO: [HLS 200-100] Execute           source C:/Xilinx/Vivado_HLS/2017.2/common/technology/xilinx/interface/fsl.gen 
INFO: [HLS 200-100] Command           ap_source returned 0; 0 sec.
INFO: [HLS 200-100] Execute           source C:/Xilinx/Vivado_HLS/2017.2/common/technology/xilinx/interface/axi4.gen 
INFO: [HLS 200-100] Command           ap_source returned 0; 0.002 sec.
INFO: [HLS 200-100] Execute           source C:/Xilinx/Vivado_HLS/2017.2/common/technology/xilinx/interface/nativeAXI4.gen 
INFO: [HLS 200-100] Execute             source C:/Xilinx/Vivado_HLS/2017.2/common/technology/xilinx/interface/saxilite.gen 
INFO: [HLS 200-100] Command             ap_source returned 0; 0.004 sec.
INFO: [HLS 200-100] Execute             source C:/Xilinx/Vivado_HLS/2017.2/common/technology/xilinx/interface/maxi.gen 
INFO: [HLS 200-100] Command             ap_source returned 0; 0.008 sec.
INFO: [HLS 200-100] Command           ap_source returned 0; 0.012 sec.
INFO: [HLS 200-100] Execute           source C:/Xilinx/Vivado_HLS/2017.2/common/technology/xilinx/scripts/xilinxcoregen.gen 
INFO: [HLS 200-100] Command           ap_source returned 0; 0.01 sec.
INFO: [HLS 200-100] Execute           source C:/Xilinx/Vivado_HLS/2017.2/common/technology/xilinx/interface/XilEDKCoreGen.gen 
INFO: [HLS 200-100] Command           ap_source returned 0; 0.008 sec.
INFO: [HLS 200-100] Execute           source C:/Xilinx/Vivado_HLS/2017.2/common/technology/xilinx/ip/dds_compiler.gen 
INFO: [HLS 200-100] Command           ap_source returned 0; 0.003 sec.
INFO: [HLS 200-100] Execute           source C:/Xilinx/Vivado_HLS/2017.2/common/technology/xilinx/ip/util.gen 
INFO: [HLS 200-100] Command           ap_source returned 0; 0 sec.
INFO: [HLS 200-100] Execute           source C:/Xilinx/Vivado_HLS/2017.2/common/technology/xilinx/ip/xfft.gen 
INFO: [HLS 200-100] Command           ap_source returned 0; 0.098 sec.
INFO: [HLS 200-100] Execute           source C:/Xilinx/Vivado_HLS/2017.2/common/technology/xilinx/ip/xfir.gen 
INFO: [HLS 200-100] Command           ap_source returned 0; 0 sec.
INFO: [HLS 200-100] Command         ap_source returned 0; 0.137 sec.
INFO: [HLS 200-100] Execute         source C:/Xilinx/Vivado_HLS/2017.2/common/technology/xilinx/common/dsp48.gen 
INFO: [HLS 200-100] Command         ap_source returned 0; 0 sec.
INFO: [HLS 200-100] Command       ap_source returned 0; 0.14 sec.
INFO: [HLS 200-100] Command     ap_source returned 0; 0.14 sec.
INFO: [HLS 200-100] Execute     source C:/Xilinx/Vivado_HLS/2017.2/common/technology/xilinx/zynq/zynq_fpv6.gen 
INFO: [HLS 200-100] Execute       source C:/Xilinx/Vivado_HLS/2017.2/common/technology/xilinx/common/xilinx_fpv6.gen 
INFO: [HLS 200-100] Command       ap_source returned 0; 0.001 sec.
INFO: [HLS 200-100] Command     ap_source returned 0; 0.002 sec.
INFO: [HLS 200-100] Execute     source C:/Users/jespe/Desktop/Uni_Civil_9_Semester/Embedded_course/ERTS_final_project/HLS_project/NeuralNetwork_HLS/solution1_/.autopilot/db/global.setting.tcl 
INFO: [HLS 200-100] Command     ap_source returned 0; 0.001 sec.
INFO: [HLS 200-100] Execute     source C:/Users/jespe/Desktop/Uni_Civil_9_Semester/Embedded_course/ERTS_final_project/HLS_project/NeuralNetwork_HLS/solution1_/.autopilot/db/NeuralNetwork.rtl_wrap.cfg.tcl 
INFO: [HLS 200-100] Command     ap_source returned 0; 0.002 sec.
INFO: [HLS 200-100] Execute     source C:/Users/jespe/Desktop/Uni_Civil_9_Semester/Embedded_course/ERTS_final_project/HLS_project/NeuralNetwork_HLS/solution1_/.autopilot/db/NeuralNetwork.tbgen.tcl 
INFO: [HLS 200-100] Command     ap_source returned 0; 0.001 sec.
INFO: [HLS 200-100] Execute     is_encrypted C:/Users/jespe/Desktop/Uni_Civil_9_Semester/Embedded_course/ERTS_final_project/NN_Code/NN_Code/testbench_vivado.cpp 
INFO: [HLS 200-100] Command     is_encrypted returned 0; 0 sec.
INFO: [HLS 200-100] Execute     is_encrypted C:/Users/jespe/Desktop/Uni_Civil_9_Semester/Embedded_course/ERTS_final_project/NN_Code/NN_Code/neuralnetwork_ccode.cpp 
INFO: [HLS 200-100] Command     is_encrypted returned 0; 0 sec.
INFO: [HLS 200-100] Execute     source C:/Users/jespe/Desktop/Uni_Civil_9_Semester/Embedded_course/ERTS_final_project/HLS_project/NeuralNetwork_HLS/solution1_/.autopilot/db/NeuralNetwork.tbgen.tcl 
INFO: [HLS 200-100] Command     ap_source returned 0; 0.002 sec.
INFO: [HLS 200-100] Execute     source C:/Users/jespe/Desktop/Uni_Civil_9_Semester/Embedded_course/ERTS_final_project/HLS_project/NeuralNetwork_HLS/solution1_/.autopilot/db/NeuralNetwork.tbgen.tcl 
INFO: [HLS 200-100] Command     ap_source returned 0; 0.002 sec.
INFO: [COSIM 212-47] Using XSIM for RTL simulation.
INFO: [COSIM 212-14] Instrumenting C test bench ...
INFO: [HLS 200-0] Marker-Pragma convertor: C:/Users/jespe/Desktop/Uni_Civil_9_Semester/Embedded_course/ERTS_final_project/HLS_project/NeuralNetwork_HLS/solution1_/./sim/autowrap/testbench/testbench_vivado.cpp_pre.cpp C:/Users/jespe/Desktop/Uni_Civil_9_Semester/Embedded_course/ERTS_final_project/HLS_project/NeuralNetwork_HLS/solution1_/./sim/autowrap/testbench/testbench_vivado.cpp_pre.cpp.line.cpp ./sim/autowrap/testbench/line.tmp 1
INFO: [HLS 200-0] Converting Markers to Pragmas...
INFO: [HLS 200-0] Marker-Pragma convertor: ./sim/autowrap/testbench/testbench_vivado.cpp_pre.cpp.tb.cpp.line ./sim/autowrap/testbench/testbench_vivado.cpp_pre.cpp.tb.cpp ./sim/autowrap/testbench/line.tmp 0
INFO: [HLS 200-0] Converting Pragmas to Markers...
INFO: [HLS 200-0] Marker-Pragma convertor: C:/Users/jespe/Desktop/Uni_Civil_9_Semester/Embedded_course/ERTS_final_project/HLS_project/NeuralNetwork_HLS/solution1_/./sim/autowrap/testbench/neuralnetwork_ccode.cpp_pre.cpp C:/Users/jespe/Desktop/Uni_Civil_9_Semester/Embedded_course/ERTS_final_project/HLS_project/NeuralNetwork_HLS/solution1_/./sim/autowrap/testbench/neuralnetwork_ccode.cpp_pre.cpp.line.cpp ./sim/autowrap/testbench/line.tmp 1
INFO: [HLS 200-0] Converting Markers to Pragmas...
INFO: [HLS 200-0] Marker-Pragma convertor: ./sim/autowrap/testbench/neuralnetwork_ccode.cpp_pre.cpp.tb.cpp.line ./sim/autowrap/testbench/neuralnetwork_ccode.cpp_pre.cpp.tb.cpp ./sim/autowrap/testbench/line.tmp 0
INFO: [HLS 200-0] Converting Pragmas to Markers...
INFO: [HLS 200-100] Execute     source C:/Users/jespe/Desktop/Uni_Civil_9_Semester/Embedded_course/ERTS_final_project/HLS_project/NeuralNetwork_HLS/solution1_/./sim/autowrap/testbench/tb.status.tcl 
INFO: [HLS 200-100] Command     ap_source returned 0; 0.003 sec.
INFO: [HLS 200-100] Execute     source C:/Users/jespe/Desktop/Uni_Civil_9_Semester/Embedded_course/ERTS_final_project/HLS_project/NeuralNetwork_HLS/solution1_/.autopilot/db/global.setting.tcl 
INFO: [HLS 200-100] Command     ap_source returned 0; 0.002 sec.
INFO: [HLS 200-100] Execute     source C:/Users/jespe/Desktop/Uni_Civil_9_Semester/Embedded_course/ERTS_final_project/HLS_project/NeuralNetwork_HLS/solution1_/.autopilot/db/NeuralNetwork.rtl_wrap.cfg.tcl 
INFO: [HLS 200-100] Command     ap_source returned 0; 0.002 sec.
INFO: [HLS 200-100] Execute     source C:/Users/jespe/Desktop/Uni_Civil_9_Semester/Embedded_course/ERTS_final_project/HLS_project/NeuralNetwork_HLS/solution1_/.autopilot/db/NeuralNetwork.rtl_wrap.cfg.tcl 
INFO: [HLS 200-100] Command     ap_source returned 0; 0.002 sec.
INFO: [HLS 200-100] Execute     source C:/Users/jespe/Desktop/Uni_Civil_9_Semester/Embedded_course/ERTS_final_project/HLS_project/NeuralNetwork_HLS/solution1_/.autopilot/db/NeuralNetwork.rtl_wrap.cfg.tcl 
INFO: [HLS 200-100] Command     ap_source returned 0; 0.002 sec.
INFO: [HLS 200-100] Execute     source C:/Users/jespe/Desktop/Uni_Civil_9_Semester/Embedded_course/ERTS_final_project/HLS_project/NeuralNetwork_HLS/solution1_/.autopilot/db/NeuralNetwork.tbgen.tcl 
INFO: [HLS 200-100] Command     ap_source returned 0; 0.002 sec.
INFO: [HLS 200-100] Execute     source C:/Users/jespe/Desktop/Uni_Civil_9_Semester/Embedded_course/ERTS_final_project/HLS_project/NeuralNetwork_HLS/solution1_/.autopilot/db/NeuralNetwork.tbgen.tcl 
INFO: [HLS 200-100] Command     ap_source returned 0; 0.002 sec.
INFO: [HLS 200-100] Execute     source .run_sim.tcl 
INFO: [COSIM 212-302] Starting C TB testing ... 
INFO: [HLS 200-100] Command     ap_source returned 0; 0.289 sec.
INFO: [COSIM 212-333] Generating C post check test bench ...
INFO: [COSIM 212-12] Generating RTL test bench ...
INFO: [HLS 200-100] Execute     source C:/Users/jespe/Desktop/Uni_Civil_9_Semester/Embedded_course/ERTS_final_project/HLS_project/NeuralNetwork_HLS/solution1_/.autopilot/db/NeuralNetwork.tbgen.tcl 
INFO: [HLS 200-100] Command     ap_source returned 0; 0.001 sec.
INFO: [HLS 200-100] Execute     source C:/Users/jespe/Desktop/Uni_Civil_9_Semester/Embedded_course/ERTS_final_project/HLS_project/NeuralNetwork_HLS/solution1_/.autopilot/db/NeuralNetwork.tbgen.tcl 
INFO: [HLS 200-100] Command     ap_source returned 0; 0.001 sec.
INFO: [HLS 200-100] Execute     source C:/Users/jespe/Desktop/Uni_Civil_9_Semester/Embedded_course/ERTS_final_project/HLS_project/NeuralNetwork_HLS/solution1_/.autopilot/db/NeuralNetwork.tbgen.tcl 
INFO: [HLS 200-100] Command     ap_source returned 0; 0.001 sec.
INFO: [HLS 200-100] Execute     source C:/Users/jespe/Desktop/Uni_Civil_9_Semester/Embedded_course/ERTS_final_project/HLS_project/NeuralNetwork_HLS/solution1_/.autopilot/db/NeuralNetwork.tbgen.tcl 
INFO: [HLS 200-100] Command     ap_source returned 0; 0.001 sec.
INFO: [HLS 200-100] Execute     source ../tv/cdatafile/ref.tcl 
INFO: [HLS 200-100] Command     ap_source returned 0; 0.002 sec.
INFO: [HLS 200-100] Execute     source C:/Users/jespe/Desktop/Uni_Civil_9_Semester/Embedded_course/ERTS_final_project/HLS_project/NeuralNetwork_HLS/solution1_/.autopilot/db/NeuralNetwork.tbgen.tcl 
INFO: [HLS 200-100] Command     ap_source returned 0; 0.001 sec.
INFO: [HLS 200-100] Execute     source C:/Users/jespe/Desktop/Uni_Civil_9_Semester/Embedded_course/ERTS_final_project/HLS_project/NeuralNetwork_HLS/solution1_/.autopilot/db/NeuralNetwork.tbgen.tcl 
INFO: [HLS 200-100] Command     ap_source returned 0; 0.001 sec.
INFO: [HLS 200-100] Execute     source C:/Users/jespe/Desktop/Uni_Civil_9_Semester/Embedded_course/ERTS_final_project/HLS_project/NeuralNetwork_HLS/solution1_/.autopilot/db/NeuralNetwork.tbgen.tcl 
INFO: [HLS 200-100] Command     ap_source returned 0; 0.001 sec.
INFO: [HLS 200-100] Execute     source C:/Users/jespe/Desktop/Uni_Civil_9_Semester/Embedded_course/ERTS_final_project/HLS_project/NeuralNetwork_HLS/solution1_/.autopilot/db/NeuralNetwork.tbgen.tcl 
INFO: [HLS 200-100] Command     ap_source returned 0; 0.001 sec.
INFO: [HLS 200-100] Execute     source C:/Users/jespe/Desktop/Uni_Civil_9_Semester/Embedded_course/ERTS_final_project/HLS_project/NeuralNetwork_HLS/solution1_/.autopilot/db/NeuralNetwork.tbgen.tcl 
INFO: [HLS 200-100] Command     ap_source returned 0; 0.001 sec.
INFO: [HLS 200-100] Execute     source C:/Users/jespe/Desktop/Uni_Civil_9_Semester/Embedded_course/ERTS_final_project/HLS_project/NeuralNetwork_HLS/solution1_/.autopilot/db/NeuralNetwork.tbgen.tcl 
INFO: [HLS 200-100] Command     ap_source returned 0; 0.001 sec.
INFO: [HLS 200-100] Execute     source C:/Users/jespe/Desktop/Uni_Civil_9_Semester/Embedded_course/ERTS_final_project/HLS_project/NeuralNetwork_HLS/solution1_/.autopilot/db/NeuralNetwork.tbgen.tcl 
INFO: [HLS 200-100] Command     ap_source returned 0; 0.001 sec.
INFO: [HLS 200-100] Execute     source C:/Users/jespe/Desktop/Uni_Civil_9_Semester/Embedded_course/ERTS_final_project/HLS_project/NeuralNetwork_HLS/solution1_/.autopilot/db/NeuralNetwork.tbgen.tcl 
INFO: [HLS 200-100] Command     ap_source returned 0; 0.001 sec.
INFO: [HLS 200-100] Execute     source C:/Users/jespe/Desktop/Uni_Civil_9_Semester/Embedded_course/ERTS_final_project/HLS_project/NeuralNetwork_HLS/solution1_/.autopilot/db/NeuralNetwork.tbgen.tcl 
INFO: [HLS 200-100] Command     ap_source returned 0; 0.001 sec.
INFO: [HLS 200-100] Execute     source C:/Users/jespe/Desktop/Uni_Civil_9_Semester/Embedded_course/ERTS_final_project/HLS_project/NeuralNetwork_HLS/solution1_/.autopilot/db/NeuralNetwork.tbgen.tcl 
INFO: [HLS 200-100] Command     ap_source returned 0; 0.001 sec.
INFO: [HLS 200-100] Execute     source C:/Users/jespe/Desktop/Uni_Civil_9_Semester/Embedded_course/ERTS_final_project/HLS_project/NeuralNetwork_HLS/solution1_/.autopilot/db/NeuralNetwork.tbgen.tcl 
INFO: [HLS 200-100] Command     ap_source returned 0; 0.002 sec.
INFO: [HLS 200-100] Execute     source C:/Users/jespe/Desktop/Uni_Civil_9_Semester/Embedded_course/ERTS_final_project/HLS_project/NeuralNetwork_HLS/solution1_/.autopilot/db/NeuralNetwork.tbgen.tcl 
INFO: [HLS 200-100] Command     ap_source returned 0; 0.001 sec.
INFO: [HLS 200-100] Execute     source C:/Users/jespe/Desktop/Uni_Civil_9_Semester/Embedded_course/ERTS_final_project/HLS_project/NeuralNetwork_HLS/solution1_/.autopilot/db/NeuralNetwork.tbgen.tcl 
INFO: [HLS 200-100] Command     ap_source returned 0; 0.002 sec.
INFO: [HLS 200-100] Execute     source C:/Users/jespe/Desktop/Uni_Civil_9_Semester/Embedded_course/ERTS_final_project/HLS_project/NeuralNetwork_HLS/solution1_/.autopilot/db/NeuralNetwork.tbgen.tcl 
INFO: [HLS 200-100] Command     ap_source returned 0; 0.002 sec.
INFO: [HLS 200-100] Execute     source C:/Users/jespe/Desktop/Uni_Civil_9_Semester/Embedded_course/ERTS_final_project/HLS_project/NeuralNetwork_HLS/solution1_/.autopilot/db/NeuralNetwork.tbgen.tcl 
INFO: [HLS 200-100] Command     ap_source returned 0; 0.001 sec.
INFO: [HLS 200-100] Execute     source C:/Users/jespe/Desktop/Uni_Civil_9_Semester/Embedded_course/ERTS_final_project/HLS_project/NeuralNetwork_HLS/solution1_/.autopilot/db/NeuralNetwork.tbgen.tcl 
INFO: [HLS 200-100] Command     ap_source returned 0; 0.002 sec.
INFO: [HLS 200-100] Execute     source C:/Users/jespe/Desktop/Uni_Civil_9_Semester/Embedded_course/ERTS_final_project/HLS_project/NeuralNetwork_HLS/solution1_/.autopilot/db/NeuralNetwork.tbgen.tcl 
INFO: [HLS 200-100] Command     ap_source returned 0; 0.001 sec.
INFO: [HLS 200-100] Execute     source ../tv/cdatafile/ref.tcl 
INFO: [HLS 200-100] Command     ap_source returned 0; 0.001 sec.
INFO: [HLS 200-100] Execute     source C:/Users/jespe/Desktop/Uni_Civil_9_Semester/Embedded_course/ERTS_final_project/HLS_project/NeuralNetwork_HLS/solution1_/.autopilot/db/NeuralNetwork.tbgen.tcl 
INFO: [HLS 200-100] Command     ap_source returned 0; 0.001 sec.
INFO: [HLS 200-100] Execute     source C:/Users/jespe/Desktop/Uni_Civil_9_Semester/Embedded_course/ERTS_final_project/HLS_project/NeuralNetwork_HLS/solution1_/.autopilot/db/NeuralNetwork.tbgen.tcl 
INFO: [HLS 200-100] Command     ap_source returned 0; 0.001 sec.
INFO: [HLS 200-100] Execute     source C:/Users/jespe/Desktop/Uni_Civil_9_Semester/Embedded_course/ERTS_final_project/HLS_project/NeuralNetwork_HLS/solution1_/.autopilot/db/NeuralNetwork.tbgen.tcl 
INFO: [HLS 200-100] Command     ap_source returned 0; 0.002 sec.
INFO: [HLS 200-100] Execute     source C:/Users/jespe/Desktop/Uni_Civil_9_Semester/Embedded_course/ERTS_final_project/HLS_project/NeuralNetwork_HLS/solution1_/.autopilot/db/NeuralNetwork.tbgen.tcl 
INFO: [HLS 200-100] Command     ap_source returned 0; 0.001 sec.
INFO: [HLS 200-100] Execute     source C:/Users/jespe/Desktop/Uni_Civil_9_Semester/Embedded_course/ERTS_final_project/HLS_project/NeuralNetwork_HLS/solution1_/.autopilot/db/NeuralNetwork.tbgen.tcl 
INFO: [HLS 200-100] Command     ap_source returned 0; 0.001 sec.
INFO: [HLS 200-100] Execute     source C:/Users/jespe/Desktop/Uni_Civil_9_Semester/Embedded_course/ERTS_final_project/HLS_project/NeuralNetwork_HLS/solution1_/.autopilot/db/NeuralNetwork.tbgen.tcl 
INFO: [HLS 200-100] Command     ap_source returned 0; 0.001 sec.
INFO: [HLS 200-100] Execute     source C:/Users/jespe/Desktop/Uni_Civil_9_Semester/Embedded_course/ERTS_final_project/HLS_project/NeuralNetwork_HLS/solution1_/.autopilot/db/NeuralNetwork.tbgen.tcl 
INFO: [HLS 200-100] Command     ap_source returned 0; 0.001 sec.
INFO: [HLS 200-100] Execute     source C:/Users/jespe/Desktop/Uni_Civil_9_Semester/Embedded_course/ERTS_final_project/HLS_project/NeuralNetwork_HLS/solution1_/.autopilot/db/NeuralNetwork.tbgen.tcl 
INFO: [HLS 200-100] Command     ap_source returned 0; 0.001 sec.
INFO: [HLS 200-100] Execute     source C:/Users/jespe/Desktop/Uni_Civil_9_Semester/Embedded_course/ERTS_final_project/HLS_project/NeuralNetwork_HLS/solution1_/.autopilot/db/NeuralNetwork.tbgen.tcl 
INFO: [HLS 200-100] Command     ap_source returned 0; 0.001 sec.
INFO: [HLS 200-100] Execute     source C:/Users/jespe/Desktop/Uni_Civil_9_Semester/Embedded_course/ERTS_final_project/HLS_project/NeuralNetwork_HLS/solution1_/.autopilot/db/NeuralNetwork.tbgen.tcl 
INFO: [HLS 200-100] Command     ap_source returned 0; 0.002 sec.
INFO: [HLS 200-100] Execute     source C:/Users/jespe/Desktop/Uni_Civil_9_Semester/Embedded_course/ERTS_final_project/HLS_project/NeuralNetwork_HLS/solution1_/.autopilot/db/NeuralNetwork.tbgen.tcl 
INFO: [HLS 200-100] Command     ap_source returned 0; 0.001 sec.
INFO: [HLS 200-100] Execute     source C:/Users/jespe/Desktop/Uni_Civil_9_Semester/Embedded_course/ERTS_final_project/HLS_project/NeuralNetwork_HLS/solution1_/.autopilot/db/NeuralNetwork.tbgen.tcl 
INFO: [HLS 200-100] Command     ap_source returned 0; 0.001 sec.
INFO: [HLS 200-100] Execute     source .run_sim.tcl 
INFO: [HLS 200-100] Execute       source check_sim.tcl 
INFO: [HLS 200-100] Command       ap_source returned 0; 0.001 sec.
INFO: [HLS 200-100] Execute       source .sim.status.tcl 
INFO: [HLS 200-100] Command       ap_source returned 0; 0.001 sec.
INFO: [COSIM 212-322] Starting VHDL simulation. 
INFO: [COSIM 212-15] Starting XSIM ...
INFO: [COSIM 212-316] Starting C post checking ...
INFO: [HLS 200-100] Command     ap_source returned 0; 18.072 sec.
INFO: [COSIM 212-1000] *** C/RTL co-simulation finished: PASS ***
INFO: [HLS 200-100] Command   cosim_design returned 0; 27.976 sec.
INFO: [HLS 200-100] Command ap_source returned 0; 28.255 sec.
INFO: [HLS 200-100] Execute cleanup_all 
INFO: [HLS 200-100] Command cleanup_all returned 0; 0 sec.
