

================================================================
== Vivado HLS Report for 'run_classification'
================================================================
* Date:           Mon Dec  6 12:45:26 2021

* Version:        2017.2 (Build 1909853 on Thu Jun 15 18:55:24 MDT 2017)
* Project:        NeuralNetwork_HLS
* Solution:       solution1_
* Product family: zynq
* Target device:  xc7z010clg400-1


================================================================
== Performance Estimates
================================================================
+ Timing (ns): 
    * Summary: 
    +--------+-------+----------+------------+
    |  Clock | Target| Estimated| Uncertainty|
    +--------+-------+----------+------------+
    |ap_clk  |   8.00|      9.63|        1.00|
    +--------+-------+----------+------------+

+ Latency (clock cycles): 
    * Summary: 
    +-------+-------+-------+-------+---------+
    |    Latency    |    Interval   | Pipeline|
    |  min  |  max  |  min  |  max  |   Type  |
    +-------+-------+-------+-------+---------+
    |  23121|  23121|  23121|  23121|   none  |
    +-------+-------+-------+-------+---------+

    + Detail: 
        * Instance: 
        N/A

        * Loop: 
        +-----------------------------------------+-------+-------+----------+-----------+-----------+------+----------+
        |                                         |    Latency    | Iteration|  Initiation Interval  | Trip |          |
        |                Loop Name                |  min  |  max  |  Latency |  achieved |   target  | Count| Pipelined|
        +-----------------------------------------+-------+-------+----------+-----------+-----------+------+----------+
        |- Loop 1                                 |    140|    140|         2|          -|          -|    70|    no    |
        |- runLayer_outerloop_runLayer_innerloop  |  11203|  11203|         6|          2|          1|  5600|    yes   |
        |- relu_label1                            |    140|    140|         2|          -|          -|    70|    no    |
        |- Loop 4                                 |    210|    210|         3|          -|          -|    70|    no    |
        |- runLayer_outerloop_runLayer_innerloop  |   9804|   9804|         7|          2|          1|  4900|    yes   |
        |- relu_label1                            |    140|    140|         2|          -|          -|    70|    no    |
        |- Loop 7                                 |     40|     40|         4|          -|          -|    10|    no    |
        |- runLayer_outerloop_runLayer_innerloop  |   1404|   1404|         7|          2|          1|   700|    yes   |
        |- softmax_lite_loop                      |     27|     27|         3|          -|          -|     9|    no    |
        +-----------------------------------------+-------+-------+----------+-----------+-----------+------+----------+

============================================================
+ Verbose Summary: Synthesis Manager
============================================================
InlineROM: 1
ExposeGlobal: 0
============================================================
+ Verbose Summary: CDFG Model
============================================================
IsTopModel: 0
ResetActiveHigh: 1
IsCombinational: 0
IsDatapathOnly: 0
HasWiredReturn: 1
HasMFsm: 0
HasVarLatency: 1
IsPipeline: 0
IsRtlPipelined: 0
IsInstanceOverlapped: 0
IsDontTouch: 0
HasImplIP: 0
IsGatedGlobalClock: 0

+ Individual pipeline summary: 
  * Pipeline-0: initiation interval (II) = 2, depth = 6
  * Pipeline-1: initiation interval (II) = 2, depth = 7
  * Pipeline-2: initiation interval (II) = 2, depth = 7


============================================================
+ Verbose Summary: Schedule
============================================================
* Number of FSM states: 41
* Pipeline: 3
  Pipeline-0: II = 2, D = 6, States = { 4 5 6 7 8 9 }
  Pipeline-1: II = 2, D = 7, States = { 16 17 18 19 20 21 22 }
  Pipeline-2: II = 2, D = 7, States = { 30 31 32 33 34 35 36 }
* Dataflow Pipeline: 0

* FSM state transitions: 
1 --> 
	2  / true
2 --> 
	3  / (!exitcond1)
	4  / (exitcond1)
3 --> 
	2  / true
4 --> 
	10  / (exitcond_flatten)
	5  / (!exitcond_flatten)
5 --> 
	6  / true
6 --> 
	7  / true
7 --> 
	8  / true
8 --> 
	9  / true
9 --> 
	4  / true
10 --> 
	11  / true
11 --> 
	12  / (!exitcond_i1)
	13  / (exitcond_i1)
12 --> 
	11  / true
13 --> 
	14  / (!exitcond7)
	16  / (exitcond7)
14 --> 
	15  / true
15 --> 
	13  / true
16 --> 
	23  / (exitcond_flatten1)
	17  / (!exitcond_flatten1)
17 --> 
	18  / true
18 --> 
	19  / true
19 --> 
	20  / true
20 --> 
	21  / true
21 --> 
	22  / true
22 --> 
	16  / true
23 --> 
	24  / true
24 --> 
	25  / (!exitcond_i)
	26  / (exitcond_i)
25 --> 
	24  / true
26 --> 
	27  / (!exitcond4)
	30  / (exitcond4)
27 --> 
	28  / true
28 --> 
	29  / true
29 --> 
	26  / true
30 --> 
	37  / (exitcond_flatten2)
	31  / (!exitcond_flatten2)
31 --> 
	32  / true
32 --> 
	33  / true
33 --> 
	34  / true
34 --> 
	35  / true
35 --> 
	36  / true
36 --> 
	30  / true
37 --> 
	38  / true
38 --> 
	39  / true
39 --> 
	40  / (!exitcond)
40 --> 
	41  / true
41 --> 
	39  / true
* FSM state operations: 

 <State 1>: 1.59ns
ST_1: empty (6)  [1/1] 0.00ns
:0  %empty = call i32 (...)* @_ssdm_op_SpecMemCore([80 x i32]* %input_r, [1 x i8]* @p_str, [7 x i8]* @RAM_1P_str, [1 x i8]* @p_str, i32 -1, [1 x i8]* @p_str, [1 x i8]* @p_str, [1 x i8]* @p_str, [1 x i8]* @p_str, [1 x i8]* @p_str)

ST_1: StgValue_43 (7)  [1/1] 1.59ns  loc: ../NN_Code/NN_Code/neuralnetwork_ccode.cpp:61->../NN_Code/NN_Code/neuralnetwork_ccode.cpp:110
:1  br label %1


 <State 2>: 3.25ns
ST_2: outNeurons_0_i2 (9)  [1/1] 0.00ns
:0  %outNeurons_0_i2 = phi i7 [ 0, %0 ], [ %outNeurons, %2 ]

ST_2: tmp (10)  [1/1] 0.00ns  loc: ../NN_Code/NN_Code/neuralnetwork_ccode.cpp:61->../NN_Code/NN_Code/neuralnetwork_ccode.cpp:110
:1  %tmp = zext i7 %outNeurons_0_i2 to i32

ST_2: exitcond1 (11)  [1/1] 2.91ns  loc: ../NN_Code/NN_Code/neuralnetwork_ccode.cpp:61->../NN_Code/NN_Code/neuralnetwork_ccode.cpp:110
:2  %exitcond1 = icmp eq i7 %outNeurons_0_i2, -58

ST_2: empty_2 (12)  [1/1] 0.00ns
:3  %empty_2 = call i32 (...)* @_ssdm_op_SpecLoopTripCount(i64 70, i64 70, i64 70)

ST_2: outNeurons (13)  [1/1] 2.32ns  loc: ../NN_Code/NN_Code/neuralnetwork_ccode.cpp:61->../NN_Code/NN_Code/neuralnetwork_ccode.cpp:110
:4  %outNeurons = add i7 %outNeurons_0_i2, 1

ST_2: StgValue_49 (14)  [1/1] 0.00ns  loc: ../NN_Code/NN_Code/neuralnetwork_ccode.cpp:61->../NN_Code/NN_Code/neuralnetwork_ccode.cpp:110
:5  br i1 %exitcond1, label %.preheader.i14.preheader.preheader, label %2

ST_2: bias_addr (16)  [1/1] 0.00ns  loc: ../NN_Code/NN_Code/neuralnetwork_ccode.cpp:31->../NN_Code/NN_Code/neuralnetwork_ccode.cpp:62->../NN_Code/NN_Code/neuralnetwork_ccode.cpp:110
:0  %bias_addr = getelementptr inbounds [150 x i8]* @bias_s, i32 0, i32 %tmp

ST_2: bias_load (17)  [2/2] 3.25ns  loc: ../NN_Code/NN_Code/neuralnetwork_ccode.cpp:31->../NN_Code/NN_Code/neuralnetwork_ccode.cpp:62->../NN_Code/NN_Code/neuralnetwork_ccode.cpp:110
:1  %bias_load = load i8* %bias_addr, align 1

ST_2: StgValue_52 (23)  [1/1] 1.59ns
.preheader.i14.preheader.preheader:0  br label %.preheader.i14.preheader


 <State 3>: 6.51ns
ST_3: bias_load (17)  [1/2] 3.25ns  loc: ../NN_Code/NN_Code/neuralnetwork_ccode.cpp:31->../NN_Code/NN_Code/neuralnetwork_ccode.cpp:62->../NN_Code/NN_Code/neuralnetwork_ccode.cpp:110
:1  %bias_load = load i8* %bias_addr, align 1

ST_3: tmp_4 (18)  [1/1] 0.00ns  loc: ../NN_Code/NN_Code/neuralnetwork_ccode.cpp:62->../NN_Code/NN_Code/neuralnetwork_ccode.cpp:110
:2  %tmp_4 = sext i8 %bias_load to i32

ST_3: resArray1_addr (19)  [1/1] 0.00ns  loc: ../NN_Code/NN_Code/neuralnetwork_ccode.cpp:62->../NN_Code/NN_Code/neuralnetwork_ccode.cpp:110
:3  %resArray1_addr = getelementptr inbounds [70 x i32]* @resArray1, i32 0, i32 %tmp

ST_3: StgValue_56 (20)  [1/1] 3.25ns  loc: ../NN_Code/NN_Code/neuralnetwork_ccode.cpp:62->../NN_Code/NN_Code/neuralnetwork_ccode.cpp:110
:4  store i32 %tmp_4, i32* %resArray1_addr, align 4

ST_3: StgValue_57 (21)  [1/1] 0.00ns  loc: ../NN_Code/NN_Code/neuralnetwork_ccode.cpp:61->../NN_Code/NN_Code/neuralnetwork_ccode.cpp:110
:5  br label %1


 <State 4>: 4.98ns
ST_4: indvar_flatten (25)  [1/1] 0.00ns
.preheader.i14.preheader:0  %indvar_flatten = phi i13 [ %indvar_flatten_next, %.preheader.i14 ], [ 0, %.preheader.i14.preheader.preheader ]

ST_4: outNeurons_1_i1 (26)  [1/1] 0.00ns  loc: ../NN_Code/NN_Code/neuralnetwork_ccode.cpp:65->../NN_Code/NN_Code/neuralnetwork_ccode.cpp:110
.preheader.i14.preheader:1  %outNeurons_1_i1 = phi i7 [ %tmp_6_mid2_v, %.preheader.i14 ], [ 0, %.preheader.i14.preheader.preheader ]

ST_4: inNeurons_0_i1 (27)  [1/1] 0.00ns
.preheader.i14.preheader:2  %inNeurons_0_i1 = phi i7 [ %inNeurons, %.preheader.i14 ], [ 0, %.preheader.i14.preheader.preheader ]

ST_4: exitcond_flatten (28)  [1/1] 2.97ns
.preheader.i14.preheader:3  %exitcond_flatten = icmp eq i13 %indvar_flatten, -2592

ST_4: indvar_flatten_next (29)  [1/1] 2.34ns
.preheader.i14.preheader:4  %indvar_flatten_next = add i13 %indvar_flatten, 1

ST_4: StgValue_63 (30)  [1/1] 0.00ns
.preheader.i14.preheader:5  br i1 %exitcond_flatten, label %runLayer.exit20.preheader, label %.preheader.i14

ST_4: exitcond2 (34)  [1/1] 2.91ns  loc: ../NN_Code/NN_Code/neuralnetwork_ccode.cpp:67->../NN_Code/NN_Code/neuralnetwork_ccode.cpp:110
.preheader.i14:2  %exitcond2 = icmp eq i7 %inNeurons_0_i1, -48

ST_4: inNeurons_0_i1_mid2 (35)  [1/1] 2.07ns  loc: ../NN_Code/NN_Code/neuralnetwork_ccode.cpp:67->../NN_Code/NN_Code/neuralnetwork_ccode.cpp:110
.preheader.i14:3  %inNeurons_0_i1_mid2 = select i1 %exitcond2, i7 0, i7 %inNeurons_0_i1

ST_4: outNeurons_s (36)  [1/1] 2.32ns  loc: ../NN_Code/NN_Code/neuralnetwork_ccode.cpp:65->../NN_Code/NN_Code/neuralnetwork_ccode.cpp:110
.preheader.i14:4  %outNeurons_s = add i7 %outNeurons_1_i1, 1

ST_4: tmp_6_mid2_v (37)  [1/1] 2.07ns  loc: ../NN_Code/NN_Code/neuralnetwork_ccode.cpp:65->../NN_Code/NN_Code/neuralnetwork_ccode.cpp:110
.preheader.i14:5  %tmp_6_mid2_v = select i1 %exitcond2, i7 %outNeurons_s, i7 %outNeurons_1_i1


 <State 5>: 9.63ns
ST_5: tmp_47_i_cast_mid2 (39)  [1/1] 0.00ns  loc: ../NN_Code/NN_Code/neuralnetwork_ccode.cpp:55->../NN_Code/NN_Code/neuralnetwork_ccode.cpp:70->../NN_Code/NN_Code/neuralnetwork_ccode.cpp:110
.preheader.i14:7  %tmp_47_i_cast_mid2 = zext i7 %tmp_6_mid2_v to i13

ST_5: tmp_9 (40)  [1/1] 0.00ns  loc: ../NN_Code/NN_Code/neuralnetwork_ccode.cpp:67->../NN_Code/NN_Code/neuralnetwork_ccode.cpp:110
.preheader.i14:8  %tmp_9 = zext i7 %inNeurons_0_i1_mid2 to i32

ST_5: tmp_i_cast (44)  [1/1] 0.00ns  loc: ../NN_Code/NN_Code/neuralnetwork_ccode.cpp:55->../NN_Code/NN_Code/neuralnetwork_ccode.cpp:70->../NN_Code/NN_Code/neuralnetwork_ccode.cpp:110
.preheader.i14:12  %tmp_i_cast = zext i7 %inNeurons_0_i1_mid2 to i13

ST_5: neuronIndex_i (45)  [1/1] 3.36ns  loc: ../NN_Code/NN_Code/neuralnetwork_ccode.cpp:55->../NN_Code/NN_Code/neuralnetwork_ccode.cpp:70->../NN_Code/NN_Code/neuralnetwork_ccode.cpp:110
.preheader.i14:13  %neuronIndex_i = mul i13 %tmp_i_cast, 70

ST_5: tmp_49_i (46)  [1/1] 3.02ns  loc: ../NN_Code/NN_Code/neuralnetwork_ccode.cpp:55->../NN_Code/NN_Code/neuralnetwork_ccode.cpp:70->../NN_Code/NN_Code/neuralnetwork_ccode.cpp:110
.preheader.i14:14  %tmp_49_i = add i13 %neuronIndex_i, %tmp_47_i_cast_mid2

ST_5: tmp_49_i_cast (47)  [1/1] 0.00ns  loc: ../NN_Code/NN_Code/neuralnetwork_ccode.cpp:55->../NN_Code/NN_Code/neuralnetwork_ccode.cpp:70->../NN_Code/NN_Code/neuralnetwork_ccode.cpp:110
.preheader.i14:15  %tmp_49_i_cast = zext i13 %tmp_49_i to i32

ST_5: weights_addr (48)  [1/1] 0.00ns  loc: ../NN_Code/NN_Code/neuralnetwork_ccode.cpp:55->../NN_Code/NN_Code/neuralnetwork_ccode.cpp:70->../NN_Code/NN_Code/neuralnetwork_ccode.cpp:110
.preheader.i14:16  %weights_addr = getelementptr inbounds [11200 x i8]* @weights_s, i32 0, i32 %tmp_49_i_cast

ST_5: weights_load (49)  [2/2] 3.25ns  loc: ../NN_Code/NN_Code/neuralnetwork_ccode.cpp:55->../NN_Code/NN_Code/neuralnetwork_ccode.cpp:70->../NN_Code/NN_Code/neuralnetwork_ccode.cpp:110
.preheader.i14:17  %weights_load = load i8* %weights_addr, align 1

ST_5: input_r_addr (51)  [1/1] 0.00ns  loc: ../NN_Code/NN_Code/neuralnetwork_ccode.cpp:70->../NN_Code/NN_Code/neuralnetwork_ccode.cpp:110
.preheader.i14:19  %input_r_addr = getelementptr [80 x i32]* %input_r, i32 0, i32 %tmp_9

ST_5: input_r_load (52)  [2/2] 2.31ns  loc: ../NN_Code/NN_Code/neuralnetwork_ccode.cpp:70->../NN_Code/NN_Code/neuralnetwork_ccode.cpp:110
.preheader.i14:20  %input_r_load = load i32* %input_r_addr, align 4

ST_5: inNeurons (59)  [1/1] 2.32ns  loc: ../NN_Code/NN_Code/neuralnetwork_ccode.cpp:67->../NN_Code/NN_Code/neuralnetwork_ccode.cpp:110
.preheader.i14:27  %inNeurons = add i7 %inNeurons_0_i1_mid2, 1


 <State 6>: 3.25ns
ST_6: weights_load (49)  [1/2] 3.25ns  loc: ../NN_Code/NN_Code/neuralnetwork_ccode.cpp:55->../NN_Code/NN_Code/neuralnetwork_ccode.cpp:70->../NN_Code/NN_Code/neuralnetwork_ccode.cpp:110
.preheader.i14:17  %weights_load = load i8* %weights_addr, align 1

ST_6: input_r_load (52)  [1/2] 2.31ns  loc: ../NN_Code/NN_Code/neuralnetwork_ccode.cpp:70->../NN_Code/NN_Code/neuralnetwork_ccode.cpp:110
.preheader.i14:20  %input_r_load = load i32* %input_r_addr, align 4


 <State 7>: 6.91ns
ST_7: tmp_5 (50)  [1/1] 0.00ns  loc: ../NN_Code/NN_Code/neuralnetwork_ccode.cpp:70->../NN_Code/NN_Code/neuralnetwork_ccode.cpp:110
.preheader.i14:18  %tmp_5 = sext i8 %weights_load to i32

ST_7: tmp_8 (53)  [2/2] 6.91ns  loc: ../NN_Code/NN_Code/neuralnetwork_ccode.cpp:70->../NN_Code/NN_Code/neuralnetwork_ccode.cpp:110
.preheader.i14:21  %tmp_8 = mul nsw i32 %input_r_load, %tmp_5


 <State 8>: 6.91ns
ST_8: tmp_6_mid2 (38)  [1/1] 0.00ns  loc: ../NN_Code/NN_Code/neuralnetwork_ccode.cpp:65->../NN_Code/NN_Code/neuralnetwork_ccode.cpp:110
.preheader.i14:6  %tmp_6_mid2 = zext i7 %tmp_6_mid2_v to i32

ST_8: tmp_8 (53)  [1/2] 6.91ns  loc: ../NN_Code/NN_Code/neuralnetwork_ccode.cpp:70->../NN_Code/NN_Code/neuralnetwork_ccode.cpp:110
.preheader.i14:21  %tmp_8 = mul nsw i32 %input_r_load, %tmp_5

ST_8: resArray1_addr_1 (54)  [1/1] 0.00ns  loc: ../NN_Code/NN_Code/neuralnetwork_ccode.cpp:70->../NN_Code/NN_Code/neuralnetwork_ccode.cpp:110
.preheader.i14:22  %resArray1_addr_1 = getelementptr inbounds [70 x i32]* @resArray1, i32 0, i32 %tmp_6_mid2

ST_8: resArray1_load (55)  [2/2] 3.25ns  loc: ../NN_Code/NN_Code/neuralnetwork_ccode.cpp:70->../NN_Code/NN_Code/neuralnetwork_ccode.cpp:110
.preheader.i14:23  %resArray1_load = load i32* %resArray1_addr_1, align 4


 <State 9>: 9.41ns
ST_9: StgValue_87 (32)  [1/1] 0.00ns
.preheader.i14:0  call void (...)* @_ssdm_op_SpecLoopName([38 x i8]* @runLayer_outerloop_r)

ST_9: empty_3 (33)  [1/1] 0.00ns
.preheader.i14:1  %empty_3 = call i32 (...)* @_ssdm_op_SpecLoopTripCount(i64 5600, i64 5600, i64 5600)

ST_9: StgValue_89 (41)  [1/1] 0.00ns  loc: ../NN_Code/NN_Code/neuralnetwork_ccode.cpp:68->../NN_Code/NN_Code/neuralnetwork_ccode.cpp:110
.preheader.i14:9  call void (...)* @_ssdm_op_SpecLoopName([19 x i8]* @p_str2) nounwind

ST_9: tmp_3 (42)  [1/1] 0.00ns  loc: ../NN_Code/NN_Code/neuralnetwork_ccode.cpp:68->../NN_Code/NN_Code/neuralnetwork_ccode.cpp:110
.preheader.i14:10  %tmp_3 = call i32 (...)* @_ssdm_op_SpecRegionBegin([19 x i8]* @p_str2)

ST_9: StgValue_91 (43)  [1/1] 0.00ns  loc: ../NN_Code/NN_Code/neuralnetwork_ccode.cpp:69->../NN_Code/NN_Code/neuralnetwork_ccode.cpp:110
.preheader.i14:11  call void (...)* @_ssdm_op_SpecPipeline(i32 -1, i32 1, i32 1, i32 0, [1 x i8]* @p_str) nounwind

ST_9: resArray1_load (55)  [1/2] 3.25ns  loc: ../NN_Code/NN_Code/neuralnetwork_ccode.cpp:70->../NN_Code/NN_Code/neuralnetwork_ccode.cpp:110
.preheader.i14:23  %resArray1_load = load i32* %resArray1_addr_1, align 4

ST_9: tmp_1 (56)  [1/1] 2.90ns  loc: ../NN_Code/NN_Code/neuralnetwork_ccode.cpp:70->../NN_Code/NN_Code/neuralnetwork_ccode.cpp:110
.preheader.i14:24  %tmp_1 = add nsw i32 %resArray1_load, %tmp_8

ST_9: StgValue_94 (57)  [1/1] 3.25ns  loc: ../NN_Code/NN_Code/neuralnetwork_ccode.cpp:70->../NN_Code/NN_Code/neuralnetwork_ccode.cpp:110
.preheader.i14:25  store i32 %tmp_1, i32* %resArray1_addr_1, align 4

ST_9: empty_4 (58)  [1/1] 0.00ns  loc: ../NN_Code/NN_Code/neuralnetwork_ccode.cpp:71->../NN_Code/NN_Code/neuralnetwork_ccode.cpp:110
.preheader.i14:26  %empty_4 = call i32 (...)* @_ssdm_op_SpecRegionEnd([19 x i8]* @p_str2, i32 %tmp_3)

ST_9: StgValue_96 (60)  [1/1] 0.00ns
.preheader.i14:28  br label %.preheader.i14.preheader


 <State 10>: 1.59ns
ST_10: StgValue_97 (62)  [1/1] 1.59ns  loc: ../NN_Code/NN_Code/neuralnetwork_ccode.cpp:81->../NN_Code/NN_Code/neuralnetwork_ccode.cpp:111
runLayer.exit20.preheader:0  br label %runLayer.exit20


 <State 11>: 3.25ns
ST_11: i_0_i1 (64)  [1/1] 0.00ns
runLayer.exit20:0  %i_0_i1 = phi i7 [ %i, %._crit_edge.i27 ], [ 0, %runLayer.exit20.preheader ]

ST_11: exitcond_i1 (65)  [1/1] 2.91ns  loc: ../NN_Code/NN_Code/neuralnetwork_ccode.cpp:81->../NN_Code/NN_Code/neuralnetwork_ccode.cpp:111
runLayer.exit20:1  %exitcond_i1 = icmp eq i7 %i_0_i1, -58

ST_11: empty_5 (66)  [1/1] 0.00ns
runLayer.exit20:2  %empty_5 = call i32 (...)* @_ssdm_op_SpecLoopTripCount(i64 70, i64 70, i64 70)

ST_11: i (67)  [1/1] 2.32ns  loc: ../NN_Code/NN_Code/neuralnetwork_ccode.cpp:81->../NN_Code/NN_Code/neuralnetwork_ccode.cpp:111
runLayer.exit20:3  %i = add i7 %i_0_i1, 1

ST_11: StgValue_102 (68)  [1/1] 0.00ns  loc: ../NN_Code/NN_Code/neuralnetwork_ccode.cpp:81->../NN_Code/NN_Code/neuralnetwork_ccode.cpp:111
runLayer.exit20:4  br i1 %exitcond_i1, label %relu.exit28.preheader, label %3

ST_11: tmp_7 (71)  [1/1] 0.00ns  loc: ../NN_Code/NN_Code/neuralnetwork_ccode.cpp:83->../NN_Code/NN_Code/neuralnetwork_ccode.cpp:111
:1  %tmp_7 = zext i7 %i_0_i1 to i32

ST_11: resArray1_addr_2 (72)  [1/1] 0.00ns  loc: ../NN_Code/NN_Code/neuralnetwork_ccode.cpp:83->../NN_Code/NN_Code/neuralnetwork_ccode.cpp:111
:2  %resArray1_addr_2 = getelementptr inbounds [70 x i32]* @resArray1, i32 0, i32 %tmp_7

ST_11: resArray1_load_1 (73)  [2/2] 3.25ns  loc: ../NN_Code/NN_Code/neuralnetwork_ccode.cpp:83->../NN_Code/NN_Code/neuralnetwork_ccode.cpp:111
:3  %resArray1_load_1 = load i32* %resArray1_addr_2, align 4

ST_11: StgValue_106 (82)  [1/1] 1.59ns  loc: ../NN_Code/NN_Code/neuralnetwork_ccode.cpp:61->../NN_Code/NN_Code/neuralnetwork_ccode.cpp:112
relu.exit28.preheader:0  br label %relu.exit28


 <State 12>: 3.25ns
ST_12: StgValue_107 (70)  [1/1] 0.00ns  loc: ../NN_Code/NN_Code/neuralnetwork_ccode.cpp:82->../NN_Code/NN_Code/neuralnetwork_ccode.cpp:111
:0  call void (...)* @_ssdm_op_SpecLoopName([12 x i8]* @p_str3) nounwind

ST_12: resArray1_load_1 (73)  [1/2] 3.25ns  loc: ../NN_Code/NN_Code/neuralnetwork_ccode.cpp:83->../NN_Code/NN_Code/neuralnetwork_ccode.cpp:111
:3  %resArray1_load_1 = load i32* %resArray1_addr_2, align 4

ST_12: tmp_2 (74)  [1/1] 0.00ns  loc: ../NN_Code/NN_Code/neuralnetwork_ccode.cpp:83->../NN_Code/NN_Code/neuralnetwork_ccode.cpp:111
:4  %tmp_2 = call i1 @_ssdm_op_BitSelect.i1.i32.i32(i32 %resArray1_load_1, i32 31)

ST_12: StgValue_110 (75)  [1/1] 0.00ns  loc: ../NN_Code/NN_Code/neuralnetwork_ccode.cpp:83->../NN_Code/NN_Code/neuralnetwork_ccode.cpp:111
:5  br i1 %tmp_2, label %4, label %._crit_edge.i27

ST_12: StgValue_111 (77)  [1/1] 3.25ns  loc: ../NN_Code/NN_Code/neuralnetwork_ccode.cpp:85->../NN_Code/NN_Code/neuralnetwork_ccode.cpp:111
:0  store i32 0, i32* %resArray1_addr_2, align 4

ST_12: StgValue_112 (78)  [1/1] 0.00ns  loc: ../NN_Code/NN_Code/neuralnetwork_ccode.cpp:86->../NN_Code/NN_Code/neuralnetwork_ccode.cpp:111
:1  br label %._crit_edge.i27

ST_12: StgValue_113 (80)  [1/1] 0.00ns  loc: ../NN_Code/NN_Code/neuralnetwork_ccode.cpp:81->../NN_Code/NN_Code/neuralnetwork_ccode.cpp:111
._crit_edge.i27:0  br label %runLayer.exit20


 <State 13>: 5.57ns
ST_13: outNeurons_0_i1 (84)  [1/1] 0.00ns
relu.exit28:0  %outNeurons_0_i1 = phi i7 [ %outNeurons_1, %5 ], [ 0, %relu.exit28.preheader ]

ST_13: tmp_s (85)  [1/1] 0.00ns  loc: ../NN_Code/NN_Code/neuralnetwork_ccode.cpp:61->../NN_Code/NN_Code/neuralnetwork_ccode.cpp:112
relu.exit28:1  %tmp_s = zext i7 %outNeurons_0_i1 to i32

ST_13: exitcond7 (86)  [1/1] 2.91ns  loc: ../NN_Code/NN_Code/neuralnetwork_ccode.cpp:61->../NN_Code/NN_Code/neuralnetwork_ccode.cpp:112
relu.exit28:2  %exitcond7 = icmp eq i7 %outNeurons_0_i1, -58

ST_13: empty_6 (87)  [1/1] 0.00ns
relu.exit28:3  %empty_6 = call i32 (...)* @_ssdm_op_SpecLoopTripCount(i64 70, i64 70, i64 70)

ST_13: outNeurons_1 (88)  [1/1] 2.32ns  loc: ../NN_Code/NN_Code/neuralnetwork_ccode.cpp:61->../NN_Code/NN_Code/neuralnetwork_ccode.cpp:112
relu.exit28:4  %outNeurons_1 = add i7 %outNeurons_0_i1, 1

ST_13: StgValue_119 (89)  [1/1] 0.00ns  loc: ../NN_Code/NN_Code/neuralnetwork_ccode.cpp:61->../NN_Code/NN_Code/neuralnetwork_ccode.cpp:112
relu.exit28:5  br i1 %exitcond7, label %.preheader.i4.preheader.preheader, label %5

ST_13: neuron_assign (91)  [1/1] 0.00ns  loc: ../NN_Code/NN_Code/neuralnetwork_ccode.cpp:62->../NN_Code/NN_Code/neuralnetwork_ccode.cpp:112
:0  %neuron_assign = zext i7 %outNeurons_0_i1 to i8

ST_13: tmp_57_i (92)  [1/1] 2.32ns  loc: ../NN_Code/NN_Code/neuralnetwork_ccode.cpp:31->../NN_Code/NN_Code/neuralnetwork_ccode.cpp:62->../NN_Code/NN_Code/neuralnetwork_ccode.cpp:112
:1  %tmp_57_i = add i8 %neuron_assign, 70

ST_13: tmp_57_i_cast (93)  [1/1] 0.00ns  loc: ../NN_Code/NN_Code/neuralnetwork_ccode.cpp:31->../NN_Code/NN_Code/neuralnetwork_ccode.cpp:62->../NN_Code/NN_Code/neuralnetwork_ccode.cpp:112
:2  %tmp_57_i_cast = zext i8 %tmp_57_i to i32

ST_13: bias_addr_1 (94)  [1/1] 0.00ns  loc: ../NN_Code/NN_Code/neuralnetwork_ccode.cpp:31->../NN_Code/NN_Code/neuralnetwork_ccode.cpp:62->../NN_Code/NN_Code/neuralnetwork_ccode.cpp:112
:3  %bias_addr_1 = getelementptr inbounds [150 x i8]* @bias_s, i32 0, i32 %tmp_57_i_cast

ST_13: bias_load_1 (95)  [2/2] 3.25ns  loc: ../NN_Code/NN_Code/neuralnetwork_ccode.cpp:31->../NN_Code/NN_Code/neuralnetwork_ccode.cpp:62->../NN_Code/NN_Code/neuralnetwork_ccode.cpp:112
:4  %bias_load_1 = load i8* %bias_addr_1, align 1

ST_13: StgValue_125 (106)  [1/1] 1.59ns
.preheader.i4.preheader.preheader:0  br label %.preheader.i4.preheader


 <State 14>: 3.25ns
ST_14: bias_load_1 (95)  [1/2] 3.25ns  loc: ../NN_Code/NN_Code/neuralnetwork_ccode.cpp:31->../NN_Code/NN_Code/neuralnetwork_ccode.cpp:62->../NN_Code/NN_Code/neuralnetwork_ccode.cpp:112
:4  %bias_load_1 = load i8* %bias_addr_1, align 1


 <State 15>: 5.58ns
ST_15: p_shl (96)  [1/1] 0.00ns  loc: ../NN_Code/NN_Code/neuralnetwork_ccode.cpp:31->../NN_Code/NN_Code/neuralnetwork_ccode.cpp:62->../NN_Code/NN_Code/neuralnetwork_ccode.cpp:112
:5  %p_shl = call i11 @_ssdm_op_BitConcatenate.i11.i8.i3(i8 %bias_load_1, i3 0)

ST_15: p_shl_cast (97)  [1/1] 0.00ns  loc: ../NN_Code/NN_Code/neuralnetwork_ccode.cpp:31->../NN_Code/NN_Code/neuralnetwork_ccode.cpp:62->../NN_Code/NN_Code/neuralnetwork_ccode.cpp:112
:6  %p_shl_cast = sext i11 %p_shl to i12

ST_15: p_shl1 (98)  [1/1] 0.00ns  loc: ../NN_Code/NN_Code/neuralnetwork_ccode.cpp:31->../NN_Code/NN_Code/neuralnetwork_ccode.cpp:62->../NN_Code/NN_Code/neuralnetwork_ccode.cpp:112
:7  %p_shl1 = call i9 @_ssdm_op_BitConcatenate.i9.i8.i1(i8 %bias_load_1, i1 false)

ST_15: p_shl1_cast (99)  [1/1] 0.00ns  loc: ../NN_Code/NN_Code/neuralnetwork_ccode.cpp:31->../NN_Code/NN_Code/neuralnetwork_ccode.cpp:62->../NN_Code/NN_Code/neuralnetwork_ccode.cpp:112
:8  %p_shl1_cast = sext i9 %p_shl1 to i12

ST_15: tmp_60_i (100)  [1/1] 2.33ns  loc: ../NN_Code/NN_Code/neuralnetwork_ccode.cpp:31->../NN_Code/NN_Code/neuralnetwork_ccode.cpp:62->../NN_Code/NN_Code/neuralnetwork_ccode.cpp:112
:9  %tmp_60_i = add i12 %p_shl_cast, %p_shl1_cast

ST_15: tmp_6 (101)  [1/1] 0.00ns  loc: ../NN_Code/NN_Code/neuralnetwork_ccode.cpp:62->../NN_Code/NN_Code/neuralnetwork_ccode.cpp:112
:10  %tmp_6 = sext i12 %tmp_60_i to i32

ST_15: resArray2_addr (102)  [1/1] 0.00ns  loc: ../NN_Code/NN_Code/neuralnetwork_ccode.cpp:62->../NN_Code/NN_Code/neuralnetwork_ccode.cpp:112
:11  %resArray2_addr = getelementptr inbounds [70 x i32]* @resArray2, i32 0, i32 %tmp_s

ST_15: StgValue_134 (103)  [1/1] 3.25ns  loc: ../NN_Code/NN_Code/neuralnetwork_ccode.cpp:62->../NN_Code/NN_Code/neuralnetwork_ccode.cpp:112
:12  store i32 %tmp_6, i32* %resArray2_addr, align 4

ST_15: StgValue_135 (104)  [1/1] 0.00ns  loc: ../NN_Code/NN_Code/neuralnetwork_ccode.cpp:61->../NN_Code/NN_Code/neuralnetwork_ccode.cpp:112
:13  br label %relu.exit28


 <State 16>: 4.98ns
ST_16: indvar_flatten1 (108)  [1/1] 0.00ns
.preheader.i4.preheader:0  %indvar_flatten1 = phi i13 [ %indvar_flatten_next1, %.preheader.i4 ], [ 0, %.preheader.i4.preheader.preheader ]

ST_16: outNeurons_1_i3 (109)  [1/1] 0.00ns  loc: ../NN_Code/NN_Code/neuralnetwork_ccode.cpp:65->../NN_Code/NN_Code/neuralnetwork_ccode.cpp:112
.preheader.i4.preheader:1  %outNeurons_1_i3 = phi i7 [ %tmp_12_mid2_v, %.preheader.i4 ], [ 0, %.preheader.i4.preheader.preheader ]

ST_16: inNeurons_0_i6 (110)  [1/1] 0.00ns
.preheader.i4.preheader:2  %inNeurons_0_i6 = phi i7 [ %inNeurons_1, %.preheader.i4 ], [ 0, %.preheader.i4.preheader.preheader ]

ST_16: exitcond_flatten1 (111)  [1/1] 2.97ns
.preheader.i4.preheader:3  %exitcond_flatten1 = icmp eq i13 %indvar_flatten1, -3292

ST_16: indvar_flatten_next1 (112)  [1/1] 2.34ns
.preheader.i4.preheader:4  %indvar_flatten_next1 = add i13 %indvar_flatten1, 1

ST_16: StgValue_141 (113)  [1/1] 0.00ns
.preheader.i4.preheader:5  br i1 %exitcond_flatten1, label %runLayer.exit10.preheader, label %.preheader.i4

ST_16: exitcond3 (117)  [1/1] 2.91ns  loc: ../NN_Code/NN_Code/neuralnetwork_ccode.cpp:67->../NN_Code/NN_Code/neuralnetwork_ccode.cpp:112
.preheader.i4:2  %exitcond3 = icmp eq i7 %inNeurons_0_i6, -58

ST_16: inNeurons_0_i6_mid2 (118)  [1/1] 2.07ns  loc: ../NN_Code/NN_Code/neuralnetwork_ccode.cpp:67->../NN_Code/NN_Code/neuralnetwork_ccode.cpp:112
.preheader.i4:3  %inNeurons_0_i6_mid2 = select i1 %exitcond3, i7 0, i7 %inNeurons_0_i6

ST_16: outNeurons_2 (119)  [1/1] 2.32ns  loc: ../NN_Code/NN_Code/neuralnetwork_ccode.cpp:65->../NN_Code/NN_Code/neuralnetwork_ccode.cpp:112
.preheader.i4:4  %outNeurons_2 = add i7 %outNeurons_1_i3, 1

ST_16: tmp_12_mid2_v (120)  [1/1] 2.07ns  loc: ../NN_Code/NN_Code/neuralnetwork_ccode.cpp:65->../NN_Code/NN_Code/neuralnetwork_ccode.cpp:112
.preheader.i4:5  %tmp_12_mid2_v = select i1 %exitcond3, i7 %outNeurons_2, i7 %outNeurons_1_i3


 <State 17>: 2.34ns
ST_17: tmp23_cast_mid2_v_v (122)  [1/1] 0.00ns  loc: ../NN_Code/NN_Code/neuralnetwork_ccode.cpp:55->../NN_Code/NN_Code/neuralnetwork_ccode.cpp:70->../NN_Code/NN_Code/neuralnetwork_ccode.cpp:112
.preheader.i4:7  %tmp23_cast_mid2_v_v = zext i7 %tmp_12_mid2_v to i13

ST_17: tmp23_cast_mid2_v (123)  [1/1] 2.34ns  loc: ../NN_Code/NN_Code/neuralnetwork_ccode.cpp:55->../NN_Code/NN_Code/neuralnetwork_ccode.cpp:70->../NN_Code/NN_Code/neuralnetwork_ccode.cpp:112
.preheader.i4:8  %tmp23_cast_mid2_v = add i13 %tmp23_cast_mid2_v_v, -2592

ST_17: inNeurons_1 (144)  [1/1] 2.32ns  loc: ../NN_Code/NN_Code/neuralnetwork_ccode.cpp:67->../NN_Code/NN_Code/neuralnetwork_ccode.cpp:112
.preheader.i4:29  %inNeurons_1 = add i7 %inNeurons_0_i6_mid2, 1


 <State 18>: 9.63ns
ST_18: tmp23_cast_mid2 (124)  [1/1] 0.00ns  loc: ../NN_Code/NN_Code/neuralnetwork_ccode.cpp:55->../NN_Code/NN_Code/neuralnetwork_ccode.cpp:70->../NN_Code/NN_Code/neuralnetwork_ccode.cpp:112
.preheader.i4:9  %tmp23_cast_mid2 = zext i13 %tmp23_cast_mid2_v to i14

ST_18: tmp_10 (125)  [1/1] 0.00ns  loc: ../NN_Code/NN_Code/neuralnetwork_ccode.cpp:67->../NN_Code/NN_Code/neuralnetwork_ccode.cpp:112
.preheader.i4:10  %tmp_10 = zext i7 %inNeurons_0_i6_mid2 to i32

ST_18: tmp_i2_cast (129)  [1/1] 0.00ns  loc: ../NN_Code/NN_Code/neuralnetwork_ccode.cpp:55->../NN_Code/NN_Code/neuralnetwork_ccode.cpp:70->../NN_Code/NN_Code/neuralnetwork_ccode.cpp:112
.preheader.i4:14  %tmp_i2_cast = zext i7 %inNeurons_0_i6_mid2 to i14

ST_18: neuronIndex_i3 (130)  [1/1] 3.36ns  loc: ../NN_Code/NN_Code/neuralnetwork_ccode.cpp:55->../NN_Code/NN_Code/neuralnetwork_ccode.cpp:70->../NN_Code/NN_Code/neuralnetwork_ccode.cpp:112
.preheader.i4:15  %neuronIndex_i3 = mul i14 %tmp_i2_cast, 70

ST_18: tmp_49_i9 (131)  [1/1] 3.02ns  loc: ../NN_Code/NN_Code/neuralnetwork_ccode.cpp:55->../NN_Code/NN_Code/neuralnetwork_ccode.cpp:70->../NN_Code/NN_Code/neuralnetwork_ccode.cpp:112
.preheader.i4:16  %tmp_49_i9 = add i14 %tmp23_cast_mid2, %neuronIndex_i3

ST_18: tmp_49_i9_cast (132)  [1/1] 0.00ns  loc: ../NN_Code/NN_Code/neuralnetwork_ccode.cpp:55->../NN_Code/NN_Code/neuralnetwork_ccode.cpp:70->../NN_Code/NN_Code/neuralnetwork_ccode.cpp:112
.preheader.i4:17  %tmp_49_i9_cast = zext i14 %tmp_49_i9 to i32

ST_18: weights_addr_1 (133)  [1/1] 0.00ns  loc: ../NN_Code/NN_Code/neuralnetwork_ccode.cpp:55->../NN_Code/NN_Code/neuralnetwork_ccode.cpp:70->../NN_Code/NN_Code/neuralnetwork_ccode.cpp:112
.preheader.i4:18  %weights_addr_1 = getelementptr inbounds [11200 x i8]* @weights_s, i32 0, i32 %tmp_49_i9_cast

ST_18: weights_load_1 (134)  [2/2] 3.25ns  loc: ../NN_Code/NN_Code/neuralnetwork_ccode.cpp:55->../NN_Code/NN_Code/neuralnetwork_ccode.cpp:70->../NN_Code/NN_Code/neuralnetwork_ccode.cpp:112
.preheader.i4:19  %weights_load_1 = load i8* %weights_addr_1, align 1

ST_18: resArray1_addr_3 (136)  [1/1] 0.00ns  loc: ../NN_Code/NN_Code/neuralnetwork_ccode.cpp:70->../NN_Code/NN_Code/neuralnetwork_ccode.cpp:112
.preheader.i4:21  %resArray1_addr_3 = getelementptr inbounds [70 x i32]* @resArray1, i32 0, i32 %tmp_10

ST_18: resArray1_load_2 (137)  [2/2] 3.25ns  loc: ../NN_Code/NN_Code/neuralnetwork_ccode.cpp:70->../NN_Code/NN_Code/neuralnetwork_ccode.cpp:112
.preheader.i4:22  %resArray1_load_2 = load i32* %resArray1_addr_3, align 4


 <State 19>: 3.25ns
ST_19: weights_load_1 (134)  [1/2] 3.25ns  loc: ../NN_Code/NN_Code/neuralnetwork_ccode.cpp:55->../NN_Code/NN_Code/neuralnetwork_ccode.cpp:70->../NN_Code/NN_Code/neuralnetwork_ccode.cpp:112
.preheader.i4:19  %weights_load_1 = load i8* %weights_addr_1, align 1

ST_19: resArray1_load_2 (137)  [1/2] 3.25ns  loc: ../NN_Code/NN_Code/neuralnetwork_ccode.cpp:70->../NN_Code/NN_Code/neuralnetwork_ccode.cpp:112
.preheader.i4:22  %resArray1_load_2 = load i32* %resArray1_addr_3, align 4


 <State 20>: 6.91ns
ST_20: tmp_12 (135)  [1/1] 0.00ns  loc: ../NN_Code/NN_Code/neuralnetwork_ccode.cpp:70->../NN_Code/NN_Code/neuralnetwork_ccode.cpp:112
.preheader.i4:20  %tmp_12 = sext i8 %weights_load_1 to i32

ST_20: tmp_13 (138)  [2/2] 6.91ns  loc: ../NN_Code/NN_Code/neuralnetwork_ccode.cpp:70->../NN_Code/NN_Code/neuralnetwork_ccode.cpp:112
.preheader.i4:23  %tmp_13 = mul nsw i32 %resArray1_load_2, %tmp_12


 <State 21>: 6.91ns
ST_21: tmp_12_mid2 (121)  [1/1] 0.00ns  loc: ../NN_Code/NN_Code/neuralnetwork_ccode.cpp:65->../NN_Code/NN_Code/neuralnetwork_ccode.cpp:112
.preheader.i4:6  %tmp_12_mid2 = zext i7 %tmp_12_mid2_v to i32

ST_21: tmp_13 (138)  [1/2] 6.91ns  loc: ../NN_Code/NN_Code/neuralnetwork_ccode.cpp:70->../NN_Code/NN_Code/neuralnetwork_ccode.cpp:112
.preheader.i4:23  %tmp_13 = mul nsw i32 %resArray1_load_2, %tmp_12

ST_21: resArray2_addr_1 (139)  [1/1] 0.00ns  loc: ../NN_Code/NN_Code/neuralnetwork_ccode.cpp:70->../NN_Code/NN_Code/neuralnetwork_ccode.cpp:112
.preheader.i4:24  %resArray2_addr_1 = getelementptr inbounds [70 x i32]* @resArray2, i32 0, i32 %tmp_12_mid2

ST_21: resArray2_load (140)  [2/2] 3.25ns  loc: ../NN_Code/NN_Code/neuralnetwork_ccode.cpp:70->../NN_Code/NN_Code/neuralnetwork_ccode.cpp:112
.preheader.i4:25  %resArray2_load = load i32* %resArray2_addr_1, align 4


 <State 22>: 9.41ns
ST_22: StgValue_167 (115)  [1/1] 0.00ns
.preheader.i4:0  call void (...)* @_ssdm_op_SpecLoopName([38 x i8]* @runLayer_outerloop_r)

ST_22: empty_7 (116)  [1/1] 0.00ns
.preheader.i4:1  %empty_7 = call i32 (...)* @_ssdm_op_SpecLoopTripCount(i64 4900, i64 4900, i64 4900)

ST_22: StgValue_169 (126)  [1/1] 0.00ns  loc: ../NN_Code/NN_Code/neuralnetwork_ccode.cpp:68->../NN_Code/NN_Code/neuralnetwork_ccode.cpp:112
.preheader.i4:11  call void (...)* @_ssdm_op_SpecLoopName([19 x i8]* @p_str2) nounwind

ST_22: tmp_11 (127)  [1/1] 0.00ns  loc: ../NN_Code/NN_Code/neuralnetwork_ccode.cpp:68->../NN_Code/NN_Code/neuralnetwork_ccode.cpp:112
.preheader.i4:12  %tmp_11 = call i32 (...)* @_ssdm_op_SpecRegionBegin([19 x i8]* @p_str2)

ST_22: StgValue_171 (128)  [1/1] 0.00ns  loc: ../NN_Code/NN_Code/neuralnetwork_ccode.cpp:69->../NN_Code/NN_Code/neuralnetwork_ccode.cpp:112
.preheader.i4:13  call void (...)* @_ssdm_op_SpecPipeline(i32 -1, i32 1, i32 1, i32 0, [1 x i8]* @p_str) nounwind

ST_22: resArray2_load (140)  [1/2] 3.25ns  loc: ../NN_Code/NN_Code/neuralnetwork_ccode.cpp:70->../NN_Code/NN_Code/neuralnetwork_ccode.cpp:112
.preheader.i4:25  %resArray2_load = load i32* %resArray2_addr_1, align 4

ST_22: tmp_14 (141)  [1/1] 2.90ns  loc: ../NN_Code/NN_Code/neuralnetwork_ccode.cpp:70->../NN_Code/NN_Code/neuralnetwork_ccode.cpp:112
.preheader.i4:26  %tmp_14 = add nsw i32 %resArray2_load, %tmp_13

ST_22: StgValue_174 (142)  [1/1] 3.25ns  loc: ../NN_Code/NN_Code/neuralnetwork_ccode.cpp:70->../NN_Code/NN_Code/neuralnetwork_ccode.cpp:112
.preheader.i4:27  store i32 %tmp_14, i32* %resArray2_addr_1, align 4

ST_22: empty_8 (143)  [1/1] 0.00ns  loc: ../NN_Code/NN_Code/neuralnetwork_ccode.cpp:71->../NN_Code/NN_Code/neuralnetwork_ccode.cpp:112
.preheader.i4:28  %empty_8 = call i32 (...)* @_ssdm_op_SpecRegionEnd([19 x i8]* @p_str2, i32 %tmp_11)

ST_22: StgValue_176 (145)  [1/1] 0.00ns
.preheader.i4:30  br label %.preheader.i4.preheader


 <State 23>: 1.59ns
ST_23: StgValue_177 (147)  [1/1] 1.59ns  loc: ../NN_Code/NN_Code/neuralnetwork_ccode.cpp:81->../NN_Code/NN_Code/neuralnetwork_ccode.cpp:113
runLayer.exit10.preheader:0  br label %runLayer.exit10


 <State 24>: 3.25ns
ST_24: i_0_i (149)  [1/1] 0.00ns
runLayer.exit10:0  %i_0_i = phi i7 [ %i_1, %._crit_edge.i ], [ 0, %runLayer.exit10.preheader ]

ST_24: exitcond_i (150)  [1/1] 2.91ns  loc: ../NN_Code/NN_Code/neuralnetwork_ccode.cpp:81->../NN_Code/NN_Code/neuralnetwork_ccode.cpp:113
runLayer.exit10:1  %exitcond_i = icmp eq i7 %i_0_i, -58

ST_24: empty_9 (151)  [1/1] 0.00ns
runLayer.exit10:2  %empty_9 = call i32 (...)* @_ssdm_op_SpecLoopTripCount(i64 70, i64 70, i64 70)

ST_24: i_1 (152)  [1/1] 2.32ns  loc: ../NN_Code/NN_Code/neuralnetwork_ccode.cpp:81->../NN_Code/NN_Code/neuralnetwork_ccode.cpp:113
runLayer.exit10:3  %i_1 = add i7 %i_0_i, 1

ST_24: StgValue_182 (153)  [1/1] 0.00ns  loc: ../NN_Code/NN_Code/neuralnetwork_ccode.cpp:81->../NN_Code/NN_Code/neuralnetwork_ccode.cpp:113
runLayer.exit10:4  br i1 %exitcond_i, label %relu.exit.preheader, label %6

ST_24: tmp_15 (156)  [1/1] 0.00ns  loc: ../NN_Code/NN_Code/neuralnetwork_ccode.cpp:83->../NN_Code/NN_Code/neuralnetwork_ccode.cpp:113
:1  %tmp_15 = zext i7 %i_0_i to i32

ST_24: resArray2_addr_2 (157)  [1/1] 0.00ns  loc: ../NN_Code/NN_Code/neuralnetwork_ccode.cpp:83->../NN_Code/NN_Code/neuralnetwork_ccode.cpp:113
:2  %resArray2_addr_2 = getelementptr inbounds [70 x i32]* @resArray2, i32 0, i32 %tmp_15

ST_24: resArray2_load_1 (158)  [2/2] 3.25ns  loc: ../NN_Code/NN_Code/neuralnetwork_ccode.cpp:83->../NN_Code/NN_Code/neuralnetwork_ccode.cpp:113
:3  %resArray2_load_1 = load i32* %resArray2_addr_2, align 4

ST_24: StgValue_186 (167)  [1/1] 1.59ns  loc: ../NN_Code/NN_Code/neuralnetwork_ccode.cpp:61->../NN_Code/NN_Code/neuralnetwork_ccode.cpp:114
relu.exit.preheader:0  br label %relu.exit


 <State 25>: 3.25ns
ST_25: StgValue_187 (155)  [1/1] 0.00ns  loc: ../NN_Code/NN_Code/neuralnetwork_ccode.cpp:82->../NN_Code/NN_Code/neuralnetwork_ccode.cpp:113
:0  call void (...)* @_ssdm_op_SpecLoopName([12 x i8]* @p_str3) nounwind

ST_25: resArray2_load_1 (158)  [1/2] 3.25ns  loc: ../NN_Code/NN_Code/neuralnetwork_ccode.cpp:83->../NN_Code/NN_Code/neuralnetwork_ccode.cpp:113
:3  %resArray2_load_1 = load i32* %resArray2_addr_2, align 4

ST_25: tmp_16 (159)  [1/1] 0.00ns  loc: ../NN_Code/NN_Code/neuralnetwork_ccode.cpp:83->../NN_Code/NN_Code/neuralnetwork_ccode.cpp:113
:4  %tmp_16 = call i1 @_ssdm_op_BitSelect.i1.i32.i32(i32 %resArray2_load_1, i32 31)

ST_25: StgValue_190 (160)  [1/1] 0.00ns  loc: ../NN_Code/NN_Code/neuralnetwork_ccode.cpp:83->../NN_Code/NN_Code/neuralnetwork_ccode.cpp:113
:5  br i1 %tmp_16, label %7, label %._crit_edge.i

ST_25: StgValue_191 (162)  [1/1] 3.25ns  loc: ../NN_Code/NN_Code/neuralnetwork_ccode.cpp:85->../NN_Code/NN_Code/neuralnetwork_ccode.cpp:113
:0  store i32 0, i32* %resArray2_addr_2, align 4

ST_25: StgValue_192 (163)  [1/1] 0.00ns  loc: ../NN_Code/NN_Code/neuralnetwork_ccode.cpp:86->../NN_Code/NN_Code/neuralnetwork_ccode.cpp:113
:1  br label %._crit_edge.i

ST_25: StgValue_193 (165)  [1/1] 0.00ns  loc: ../NN_Code/NN_Code/neuralnetwork_ccode.cpp:81->../NN_Code/NN_Code/neuralnetwork_ccode.cpp:113
._crit_edge.i:0  br label %runLayer.exit10


 <State 26>: 5.57ns
ST_26: outNeurons_0_i (169)  [1/1] 0.00ns
relu.exit:0  %outNeurons_0_i = phi i4 [ %outNeurons_3, %8 ], [ 0, %relu.exit.preheader ]

ST_26: tmp_17 (170)  [1/1] 0.00ns  loc: ../NN_Code/NN_Code/neuralnetwork_ccode.cpp:61->../NN_Code/NN_Code/neuralnetwork_ccode.cpp:114
relu.exit:1  %tmp_17 = zext i4 %outNeurons_0_i to i32

ST_26: exitcond4 (171)  [1/1] 3.10ns  loc: ../NN_Code/NN_Code/neuralnetwork_ccode.cpp:61->../NN_Code/NN_Code/neuralnetwork_ccode.cpp:114
relu.exit:2  %exitcond4 = icmp eq i4 %outNeurons_0_i, -6

ST_26: empty_10 (172)  [1/1] 0.00ns
relu.exit:3  %empty_10 = call i32 (...)* @_ssdm_op_SpecLoopTripCount(i64 10, i64 10, i64 10)

ST_26: outNeurons_3 (173)  [1/1] 2.35ns  loc: ../NN_Code/NN_Code/neuralnetwork_ccode.cpp:61->../NN_Code/NN_Code/neuralnetwork_ccode.cpp:114
relu.exit:4  %outNeurons_3 = add i4 %outNeurons_0_i, 1

ST_26: StgValue_199 (174)  [1/1] 0.00ns  loc: ../NN_Code/NN_Code/neuralnetwork_ccode.cpp:61->../NN_Code/NN_Code/neuralnetwork_ccode.cpp:114
relu.exit:5  br i1 %exitcond4, label %.preheader.i.preheader.preheader, label %8

ST_26: neuron_assign_1 (176)  [1/1] 0.00ns  loc: ../NN_Code/NN_Code/neuralnetwork_ccode.cpp:62->../NN_Code/NN_Code/neuralnetwork_ccode.cpp:114
:0  %neuron_assign_1 = zext i4 %outNeurons_0_i to i8

ST_26: tmp_57_i1 (177)  [1/1] 2.32ns  loc: ../NN_Code/NN_Code/neuralnetwork_ccode.cpp:31->../NN_Code/NN_Code/neuralnetwork_ccode.cpp:62->../NN_Code/NN_Code/neuralnetwork_ccode.cpp:114
:1  %tmp_57_i1 = add i8 %neuron_assign_1, -116

ST_26: tmp_57_i1_cast (178)  [1/1] 0.00ns  loc: ../NN_Code/NN_Code/neuralnetwork_ccode.cpp:31->../NN_Code/NN_Code/neuralnetwork_ccode.cpp:62->../NN_Code/NN_Code/neuralnetwork_ccode.cpp:114
:2  %tmp_57_i1_cast = zext i8 %tmp_57_i1 to i32

ST_26: bias_addr_2 (179)  [1/1] 0.00ns  loc: ../NN_Code/NN_Code/neuralnetwork_ccode.cpp:31->../NN_Code/NN_Code/neuralnetwork_ccode.cpp:62->../NN_Code/NN_Code/neuralnetwork_ccode.cpp:114
:3  %bias_addr_2 = getelementptr inbounds [150 x i8]* @bias_s, i32 0, i32 %tmp_57_i1_cast

ST_26: bias_load_2 (180)  [2/2] 3.25ns  loc: ../NN_Code/NN_Code/neuralnetwork_ccode.cpp:31->../NN_Code/NN_Code/neuralnetwork_ccode.cpp:62->../NN_Code/NN_Code/neuralnetwork_ccode.cpp:114
:4  %bias_load_2 = load i8* %bias_addr_2, align 1

ST_26: StgValue_205 (188)  [1/1] 1.59ns
.preheader.i.preheader.preheader:0  br label %.preheader.i.preheader


 <State 27>: 3.25ns
ST_27: bias_load_2 (180)  [1/2] 3.25ns  loc: ../NN_Code/NN_Code/neuralnetwork_ccode.cpp:31->../NN_Code/NN_Code/neuralnetwork_ccode.cpp:62->../NN_Code/NN_Code/neuralnetwork_ccode.cpp:114
:4  %bias_load_2 = load i8* %bias_addr_2, align 1


 <State 28>: 6.43ns
ST_28: tmp_58_i1 (181)  [1/1] 0.00ns  loc: ../NN_Code/NN_Code/neuralnetwork_ccode.cpp:31->../NN_Code/NN_Code/neuralnetwork_ccode.cpp:62->../NN_Code/NN_Code/neuralnetwork_ccode.cpp:114
:5  %tmp_58_i1 = sext i8 %bias_load_2 to i16

ST_28: tmp_60_i1 (182)  [1/1] 6.43ns  loc: ../NN_Code/NN_Code/neuralnetwork_ccode.cpp:31->../NN_Code/NN_Code/neuralnetwork_ccode.cpp:62->../NN_Code/NN_Code/neuralnetwork_ccode.cpp:114
:6  %tmp_60_i1 = mul i16 %tmp_58_i1, 100


 <State 29>: 3.25ns
ST_29: tmp_18 (183)  [1/1] 0.00ns  loc: ../NN_Code/NN_Code/neuralnetwork_ccode.cpp:62->../NN_Code/NN_Code/neuralnetwork_ccode.cpp:114
:7  %tmp_18 = sext i16 %tmp_60_i1 to i32

ST_29: resArray1_addr_4 (184)  [1/1] 0.00ns  loc: ../NN_Code/NN_Code/neuralnetwork_ccode.cpp:62->../NN_Code/NN_Code/neuralnetwork_ccode.cpp:114
:8  %resArray1_addr_4 = getelementptr inbounds [70 x i32]* @resArray1, i32 0, i32 %tmp_17

ST_29: StgValue_211 (185)  [1/1] 3.25ns  loc: ../NN_Code/NN_Code/neuralnetwork_ccode.cpp:62->../NN_Code/NN_Code/neuralnetwork_ccode.cpp:114
:9  store i32 %tmp_18, i32* %resArray1_addr_4, align 4

ST_29: StgValue_212 (186)  [1/1] 0.00ns  loc: ../NN_Code/NN_Code/neuralnetwork_ccode.cpp:61->../NN_Code/NN_Code/neuralnetwork_ccode.cpp:114
:10  br label %relu.exit


 <State 30>: 4.98ns
ST_30: indvar_flatten2 (190)  [1/1] 0.00ns
.preheader.i.preheader:0  %indvar_flatten2 = phi i10 [ %indvar_flatten_next2, %.preheader.i ], [ 0, %.preheader.i.preheader.preheader ]

ST_30: outNeurons_1_i (191)  [1/1] 0.00ns  loc: ../NN_Code/NN_Code/neuralnetwork_ccode.cpp:65->../NN_Code/NN_Code/neuralnetwork_ccode.cpp:114
.preheader.i.preheader:1  %outNeurons_1_i = phi i4 [ %tmp_23_mid2_v, %.preheader.i ], [ 0, %.preheader.i.preheader.preheader ]

ST_30: inNeurons_0_i (192)  [1/1] 0.00ns
.preheader.i.preheader:2  %inNeurons_0_i = phi i7 [ %inNeurons_2, %.preheader.i ], [ 0, %.preheader.i.preheader.preheader ]

ST_30: exitcond_flatten2 (193)  [1/1] 3.02ns
.preheader.i.preheader:3  %exitcond_flatten2 = icmp eq i10 %indvar_flatten2, -324

ST_30: indvar_flatten_next2 (194)  [1/1] 2.32ns
.preheader.i.preheader:4  %indvar_flatten_next2 = add i10 %indvar_flatten2, 1

ST_30: StgValue_218 (195)  [1/1] 0.00ns
.preheader.i.preheader:5  br i1 %exitcond_flatten2, label %runLayer.exit, label %.preheader.i

ST_30: exitcond5 (199)  [1/1] 2.91ns  loc: ../NN_Code/NN_Code/neuralnetwork_ccode.cpp:67->../NN_Code/NN_Code/neuralnetwork_ccode.cpp:114
.preheader.i:2  %exitcond5 = icmp eq i7 %inNeurons_0_i, -58

ST_30: inNeurons_0_i_mid2 (200)  [1/1] 2.07ns  loc: ../NN_Code/NN_Code/neuralnetwork_ccode.cpp:67->../NN_Code/NN_Code/neuralnetwork_ccode.cpp:114
.preheader.i:3  %inNeurons_0_i_mid2 = select i1 %exitcond5, i7 0, i7 %inNeurons_0_i

ST_30: outNeurons_4 (201)  [1/1] 2.35ns  loc: ../NN_Code/NN_Code/neuralnetwork_ccode.cpp:65->../NN_Code/NN_Code/neuralnetwork_ccode.cpp:114
.preheader.i:4  %outNeurons_4 = add i4 %outNeurons_1_i, 1

ST_30: tmp_23_mid2_v (202)  [1/1] 2.07ns  loc: ../NN_Code/NN_Code/neuralnetwork_ccode.cpp:65->../NN_Code/NN_Code/neuralnetwork_ccode.cpp:114
.preheader.i:5  %tmp_23_mid2_v = select i1 %exitcond5, i4 %outNeurons_4, i4 %outNeurons_1_i


 <State 31>: 4.25ns
ST_31: tmp2_mid2_v (204)  [1/1] 0.00ns  loc: ../NN_Code/NN_Code/neuralnetwork_ccode.cpp:55->../NN_Code/NN_Code/neuralnetwork_ccode.cpp:70->../NN_Code/NN_Code/neuralnetwork_ccode.cpp:114
.preheader.i:7  %tmp2_mid2_v = zext i4 %tmp_23_mid2_v to i14

ST_31: tmp2_mid2 (205)  [1/1] 1.92ns  loc: ../NN_Code/NN_Code/neuralnetwork_ccode.cpp:55->../NN_Code/NN_Code/neuralnetwork_ccode.cpp:70->../NN_Code/NN_Code/neuralnetwork_ccode.cpp:114
.preheader.i:8  %tmp2_mid2 = add i14 %tmp2_mid2_v, -5884

ST_31: p_shl_i (210)  [1/1] 0.00ns  loc: ../NN_Code/NN_Code/neuralnetwork_ccode.cpp:53->../NN_Code/NN_Code/neuralnetwork_ccode.cpp:70->../NN_Code/NN_Code/neuralnetwork_ccode.cpp:114
.preheader.i:13  %p_shl_i = call i10 @_ssdm_op_BitConcatenate.i10.i7.i3(i7 %inNeurons_0_i_mid2, i3 0)

ST_31: p_shl1_i (211)  [1/1] 0.00ns  loc: ../NN_Code/NN_Code/neuralnetwork_ccode.cpp:53->../NN_Code/NN_Code/neuralnetwork_ccode.cpp:70->../NN_Code/NN_Code/neuralnetwork_ccode.cpp:114
.preheader.i:14  %p_shl1_i = call i8 @_ssdm_op_BitConcatenate.i8.i7.i1(i7 %inNeurons_0_i_mid2, i1 false)

ST_31: p_shl1_i15_cast (212)  [1/1] 0.00ns  loc: ../NN_Code/NN_Code/neuralnetwork_ccode.cpp:53->../NN_Code/NN_Code/neuralnetwork_ccode.cpp:70->../NN_Code/NN_Code/neuralnetwork_ccode.cpp:114
.preheader.i:15  %p_shl1_i15_cast = zext i8 %p_shl1_i to i10

ST_31: neuronIndex (213)  [1/1] 2.32ns  loc: ../NN_Code/NN_Code/neuralnetwork_ccode.cpp:53->../NN_Code/NN_Code/neuralnetwork_ccode.cpp:70->../NN_Code/NN_Code/neuralnetwork_ccode.cpp:114
.preheader.i:16  %neuronIndex = add i10 %p_shl1_i15_cast, %p_shl_i

ST_31: tmp_46_i17_cast (214)  [1/1] 0.00ns  loc: ../NN_Code/NN_Code/neuralnetwork_ccode.cpp:55->../NN_Code/NN_Code/neuralnetwork_ccode.cpp:70->../NN_Code/NN_Code/neuralnetwork_ccode.cpp:114
.preheader.i:17  %tmp_46_i17_cast = zext i10 %neuronIndex to i14

ST_31: tmp_49_i1 (215)  [1/1] 1.92ns  loc: ../NN_Code/NN_Code/neuralnetwork_ccode.cpp:55->../NN_Code/NN_Code/neuralnetwork_ccode.cpp:70->../NN_Code/NN_Code/neuralnetwork_ccode.cpp:114
.preheader.i:18  %tmp_49_i1 = add i14 %tmp_46_i17_cast, %tmp2_mid2

ST_31: inNeurons_2 (228)  [1/1] 2.32ns  loc: ../NN_Code/NN_Code/neuralnetwork_ccode.cpp:67->../NN_Code/NN_Code/neuralnetwork_ccode.cpp:114
.preheader.i:31  %inNeurons_2 = add i7 %inNeurons_0_i_mid2, 1


 <State 32>: 3.25ns
ST_32: tmp_19 (206)  [1/1] 0.00ns  loc: ../NN_Code/NN_Code/neuralnetwork_ccode.cpp:67->../NN_Code/NN_Code/neuralnetwork_ccode.cpp:114
.preheader.i:9  %tmp_19 = zext i7 %inNeurons_0_i_mid2 to i32

ST_32: tmp_49_i20_cast (216)  [1/1] 0.00ns  loc: ../NN_Code/NN_Code/neuralnetwork_ccode.cpp:55->../NN_Code/NN_Code/neuralnetwork_ccode.cpp:70->../NN_Code/NN_Code/neuralnetwork_ccode.cpp:114
.preheader.i:19  %tmp_49_i20_cast = zext i14 %tmp_49_i1 to i32

ST_32: weights_addr_2 (217)  [1/1] 0.00ns  loc: ../NN_Code/NN_Code/neuralnetwork_ccode.cpp:55->../NN_Code/NN_Code/neuralnetwork_ccode.cpp:70->../NN_Code/NN_Code/neuralnetwork_ccode.cpp:114
.preheader.i:20  %weights_addr_2 = getelementptr inbounds [11200 x i8]* @weights_s, i32 0, i32 %tmp_49_i20_cast

ST_32: weights_load_2 (218)  [2/2] 3.25ns  loc: ../NN_Code/NN_Code/neuralnetwork_ccode.cpp:55->../NN_Code/NN_Code/neuralnetwork_ccode.cpp:70->../NN_Code/NN_Code/neuralnetwork_ccode.cpp:114
.preheader.i:21  %weights_load_2 = load i8* %weights_addr_2, align 1

ST_32: resArray2_addr_3 (220)  [1/1] 0.00ns  loc: ../NN_Code/NN_Code/neuralnetwork_ccode.cpp:70->../NN_Code/NN_Code/neuralnetwork_ccode.cpp:114
.preheader.i:23  %resArray2_addr_3 = getelementptr inbounds [70 x i32]* @resArray2, i32 0, i32 %tmp_19

ST_32: resArray2_load_2 (221)  [2/2] 3.25ns  loc: ../NN_Code/NN_Code/neuralnetwork_ccode.cpp:70->../NN_Code/NN_Code/neuralnetwork_ccode.cpp:114
.preheader.i:24  %resArray2_load_2 = load i32* %resArray2_addr_3, align 4


 <State 33>: 3.25ns
ST_33: weights_load_2 (218)  [1/2] 3.25ns  loc: ../NN_Code/NN_Code/neuralnetwork_ccode.cpp:55->../NN_Code/NN_Code/neuralnetwork_ccode.cpp:70->../NN_Code/NN_Code/neuralnetwork_ccode.cpp:114
.preheader.i:21  %weights_load_2 = load i8* %weights_addr_2, align 1

ST_33: resArray2_load_2 (221)  [1/2] 3.25ns  loc: ../NN_Code/NN_Code/neuralnetwork_ccode.cpp:70->../NN_Code/NN_Code/neuralnetwork_ccode.cpp:114
.preheader.i:24  %resArray2_load_2 = load i32* %resArray2_addr_3, align 4


 <State 34>: 6.91ns
ST_34: tmp_21 (219)  [1/1] 0.00ns  loc: ../NN_Code/NN_Code/neuralnetwork_ccode.cpp:70->../NN_Code/NN_Code/neuralnetwork_ccode.cpp:114
.preheader.i:22  %tmp_21 = sext i8 %weights_load_2 to i32

ST_34: tmp_22 (222)  [2/2] 6.91ns  loc: ../NN_Code/NN_Code/neuralnetwork_ccode.cpp:70->../NN_Code/NN_Code/neuralnetwork_ccode.cpp:114
.preheader.i:25  %tmp_22 = mul nsw i32 %tmp_21, %resArray2_load_2


 <State 35>: 6.91ns
ST_35: tmp_23_mid2 (203)  [1/1] 0.00ns  loc: ../NN_Code/NN_Code/neuralnetwork_ccode.cpp:65->../NN_Code/NN_Code/neuralnetwork_ccode.cpp:114
.preheader.i:6  %tmp_23_mid2 = zext i4 %tmp_23_mid2_v to i32

ST_35: tmp_22 (222)  [1/2] 6.91ns  loc: ../NN_Code/NN_Code/neuralnetwork_ccode.cpp:70->../NN_Code/NN_Code/neuralnetwork_ccode.cpp:114
.preheader.i:25  %tmp_22 = mul nsw i32 %tmp_21, %resArray2_load_2

ST_35: resArray1_addr_5 (223)  [1/1] 0.00ns  loc: ../NN_Code/NN_Code/neuralnetwork_ccode.cpp:70->../NN_Code/NN_Code/neuralnetwork_ccode.cpp:114
.preheader.i:26  %resArray1_addr_5 = getelementptr inbounds [70 x i32]* @resArray1, i32 0, i32 %tmp_23_mid2

ST_35: resArray1_load_4 (224)  [2/2] 3.25ns  loc: ../NN_Code/NN_Code/neuralnetwork_ccode.cpp:70->../NN_Code/NN_Code/neuralnetwork_ccode.cpp:114
.preheader.i:27  %resArray1_load_4 = load i32* %resArray1_addr_5, align 4


 <State 36>: 9.41ns
ST_36: StgValue_246 (197)  [1/1] 0.00ns
.preheader.i:0  call void (...)* @_ssdm_op_SpecLoopName([38 x i8]* @runLayer_outerloop_r)

ST_36: empty_11 (198)  [1/1] 0.00ns
.preheader.i:1  %empty_11 = call i32 (...)* @_ssdm_op_SpecLoopTripCount(i64 700, i64 700, i64 700)

ST_36: StgValue_248 (207)  [1/1] 0.00ns  loc: ../NN_Code/NN_Code/neuralnetwork_ccode.cpp:68->../NN_Code/NN_Code/neuralnetwork_ccode.cpp:114
.preheader.i:10  call void (...)* @_ssdm_op_SpecLoopName([19 x i8]* @p_str2) nounwind

ST_36: tmp_20 (208)  [1/1] 0.00ns  loc: ../NN_Code/NN_Code/neuralnetwork_ccode.cpp:68->../NN_Code/NN_Code/neuralnetwork_ccode.cpp:114
.preheader.i:11  %tmp_20 = call i32 (...)* @_ssdm_op_SpecRegionBegin([19 x i8]* @p_str2)

ST_36: StgValue_250 (209)  [1/1] 0.00ns  loc: ../NN_Code/NN_Code/neuralnetwork_ccode.cpp:69->../NN_Code/NN_Code/neuralnetwork_ccode.cpp:114
.preheader.i:12  call void (...)* @_ssdm_op_SpecPipeline(i32 -1, i32 1, i32 1, i32 0, [1 x i8]* @p_str) nounwind

ST_36: resArray1_load_4 (224)  [1/2] 3.25ns  loc: ../NN_Code/NN_Code/neuralnetwork_ccode.cpp:70->../NN_Code/NN_Code/neuralnetwork_ccode.cpp:114
.preheader.i:27  %resArray1_load_4 = load i32* %resArray1_addr_5, align 4

ST_36: tmp_23 (225)  [1/1] 2.90ns  loc: ../NN_Code/NN_Code/neuralnetwork_ccode.cpp:70->../NN_Code/NN_Code/neuralnetwork_ccode.cpp:114
.preheader.i:28  %tmp_23 = add nsw i32 %tmp_22, %resArray1_load_4

ST_36: StgValue_253 (226)  [1/1] 3.25ns  loc: ../NN_Code/NN_Code/neuralnetwork_ccode.cpp:70->../NN_Code/NN_Code/neuralnetwork_ccode.cpp:114
.preheader.i:29  store i32 %tmp_23, i32* %resArray1_addr_5, align 4

ST_36: empty_12 (227)  [1/1] 0.00ns  loc: ../NN_Code/NN_Code/neuralnetwork_ccode.cpp:71->../NN_Code/NN_Code/neuralnetwork_ccode.cpp:114
.preheader.i:30  %empty_12 = call i32 (...)* @_ssdm_op_SpecRegionEnd([19 x i8]* @p_str2, i32 %tmp_20)

ST_36: StgValue_255 (229)  [1/1] 0.00ns
.preheader.i:32  br label %.preheader.i.preheader


 <State 37>: 3.25ns
ST_37: max (231)  [2/2] 3.25ns  loc: ../NN_Code/NN_Code/neuralnetwork_ccode.cpp:92->../NN_Code/NN_Code/neuralnetwork_ccode.cpp:116
runLayer.exit:0  %max = load i32* getelementptr inbounds ([70 x i32]* @resArray1, i32 0, i32 0), align 4


 <State 38>: 4.84ns
ST_38: max (231)  [1/2] 3.25ns  loc: ../NN_Code/NN_Code/neuralnetwork_ccode.cpp:92->../NN_Code/NN_Code/neuralnetwork_ccode.cpp:116
runLayer.exit:0  %max = load i32* getelementptr inbounds ([70 x i32]* @resArray1, i32 0, i32 0), align 4

ST_38: StgValue_258 (232)  [1/1] 1.59ns  loc: ../NN_Code/NN_Code/neuralnetwork_ccode.cpp:95->../NN_Code/NN_Code/neuralnetwork_ccode.cpp:116
runLayer.exit:1  br label %9


 <State 39>: 3.25ns
ST_39: max_0_i (234)  [1/1] 0.00ns
:0  %max_0_i = phi i32 [ %max, %runLayer.exit ], [ %max_1_max_0_i, %._crit_edge.i32 ]

ST_39: max_index_0_i (235)  [1/1] 0.00ns  loc: ../NN_Code/NN_Code/neuralnetwork_ccode.cpp:96->../NN_Code/NN_Code/neuralnetwork_ccode.cpp:116
:1  %max_index_0_i = phi i8 [ 0, %runLayer.exit ], [ %max_index_max_index_s, %._crit_edge.i32 ]

ST_39: max_index (236)  [1/1] 0.00ns
:2  %max_index = phi i4 [ 1, %runLayer.exit ], [ %i_2, %._crit_edge.i32 ]

ST_39: max_index_cast (237)  [1/1] 0.00ns  loc: ../NN_Code/NN_Code/neuralnetwork_ccode.cpp:97->../NN_Code/NN_Code/neuralnetwork_ccode.cpp:116
:3  %max_index_cast = zext i4 %max_index to i8

ST_39: exitcond (238)  [1/1] 3.10ns  loc: ../NN_Code/NN_Code/neuralnetwork_ccode.cpp:95->../NN_Code/NN_Code/neuralnetwork_ccode.cpp:116
:4  %exitcond = icmp eq i4 %max_index, -6

ST_39: empty_13 (239)  [1/1] 0.00ns
:5  %empty_13 = call i32 (...)* @_ssdm_op_SpecLoopTripCount(i64 9, i64 9, i64 9)

ST_39: StgValue_265 (240)  [1/1] 0.00ns  loc: ../NN_Code/NN_Code/neuralnetwork_ccode.cpp:95->../NN_Code/NN_Code/neuralnetwork_ccode.cpp:116
:6  br i1 %exitcond, label %softmax_lite.exit, label %._crit_edge.i32

ST_39: tmp_24 (243)  [1/1] 0.00ns  loc: ../NN_Code/NN_Code/neuralnetwork_ccode.cpp:96->../NN_Code/NN_Code/neuralnetwork_ccode.cpp:116
._crit_edge.i32:1  %tmp_24 = zext i4 %max_index to i32

ST_39: resArray1_addr_6 (244)  [1/1] 0.00ns  loc: ../NN_Code/NN_Code/neuralnetwork_ccode.cpp:96->../NN_Code/NN_Code/neuralnetwork_ccode.cpp:116
._crit_edge.i32:2  %resArray1_addr_6 = getelementptr inbounds [70 x i32]* @resArray1, i32 0, i32 %tmp_24

ST_39: max_1 (245)  [2/2] 3.25ns  loc: ../NN_Code/NN_Code/neuralnetwork_ccode.cpp:96->../NN_Code/NN_Code/neuralnetwork_ccode.cpp:116
._crit_edge.i32:3  %max_1 = load i32* %resArray1_addr_6, align 4

ST_39: i_2 (249)  [1/1] 2.35ns  loc: ../NN_Code/NN_Code/neuralnetwork_ccode.cpp:95->../NN_Code/NN_Code/neuralnetwork_ccode.cpp:116
._crit_edge.i32:7  %i_2 = add i4 %max_index, 1

ST_39: StgValue_270 (252)  [1/1] 0.00ns  loc: ../NN_Code/NN_Code/neuralnetwork_ccode.cpp:116
softmax_lite.exit:0  ret i8 %max_index_0_i


 <State 40>: 3.25ns
ST_40: max_1 (245)  [1/2] 3.25ns  loc: ../NN_Code/NN_Code/neuralnetwork_ccode.cpp:96->../NN_Code/NN_Code/neuralnetwork_ccode.cpp:116
._crit_edge.i32:3  %max_1 = load i32* %resArray1_addr_6, align 4


 <State 41>: 5.33ns
ST_41: StgValue_272 (242)  [1/1] 0.00ns  loc: ../NN_Code/NN_Code/neuralnetwork_ccode.cpp:95->../NN_Code/NN_Code/neuralnetwork_ccode.cpp:116
._crit_edge.i32:0  call void (...)* @_ssdm_op_SpecLoopName([18 x i8]* @p_str4) nounwind

ST_41: tmp_25 (246)  [1/1] 3.26ns  loc: ../NN_Code/NN_Code/neuralnetwork_ccode.cpp:96->../NN_Code/NN_Code/neuralnetwork_ccode.cpp:116
._crit_edge.i32:4  %tmp_25 = icmp sgt i32 %max_1, %max_0_i

ST_41: max_1_max_0_i (247)  [1/1] 2.07ns  loc: ../NN_Code/NN_Code/neuralnetwork_ccode.cpp:96->../NN_Code/NN_Code/neuralnetwork_ccode.cpp:116
._crit_edge.i32:5  %max_1_max_0_i = select i1 %tmp_25, i32 %max_1, i32 %max_0_i

ST_41: max_index_max_index_s (248)  [1/1] 2.07ns  loc: ../NN_Code/NN_Code/neuralnetwork_ccode.cpp:96->../NN_Code/NN_Code/neuralnetwork_ccode.cpp:116
._crit_edge.i32:6  %max_index_max_index_s = select i1 %tmp_25, i8 %max_index_cast, i8 %max_index_0_i

ST_41: StgValue_276 (250)  [1/1] 0.00ns  loc: ../NN_Code/NN_Code/neuralnetwork_ccode.cpp:95->../NN_Code/NN_Code/neuralnetwork_ccode.cpp:116
._crit_edge.i32:8  br label %9



============================================================
+ Verbose Summary: Timing violations
============================================================
Target clock period: 8ns, clock uncertainty: 1ns.

 <State 1>: 1.59ns
The critical path consists of the following:
	multiplexor before 'phi' operation ('outNeurons') with incoming values : ('outNeurons', ../NN_Code/NN_Code/neuralnetwork_ccode.cpp:61->../NN_Code/NN_Code/neuralnetwork_ccode.cpp:110) [9]  (1.59 ns)

 <State 2>: 3.25ns
The critical path consists of the following:
	'phi' operation ('outNeurons') with incoming values : ('outNeurons', ../NN_Code/NN_Code/neuralnetwork_ccode.cpp:61->../NN_Code/NN_Code/neuralnetwork_ccode.cpp:110) [9]  (0 ns)
	'getelementptr' operation ('bias_addr', ../NN_Code/NN_Code/neuralnetwork_ccode.cpp:31->../NN_Code/NN_Code/neuralnetwork_ccode.cpp:62->../NN_Code/NN_Code/neuralnetwork_ccode.cpp:110) [16]  (0 ns)
	'load' operation ('bias_load', ../NN_Code/NN_Code/neuralnetwork_ccode.cpp:31->../NN_Code/NN_Code/neuralnetwork_ccode.cpp:62->../NN_Code/NN_Code/neuralnetwork_ccode.cpp:110) on array 'bias_s' [17]  (3.25 ns)

 <State 3>: 6.51ns
The critical path consists of the following:
	'load' operation ('bias_load', ../NN_Code/NN_Code/neuralnetwork_ccode.cpp:31->../NN_Code/NN_Code/neuralnetwork_ccode.cpp:62->../NN_Code/NN_Code/neuralnetwork_ccode.cpp:110) on array 'bias_s' [17]  (3.25 ns)
	'store' operation (../NN_Code/NN_Code/neuralnetwork_ccode.cpp:62->../NN_Code/NN_Code/neuralnetwork_ccode.cpp:110) of variable 'tmp_4', ../NN_Code/NN_Code/neuralnetwork_ccode.cpp:62->../NN_Code/NN_Code/neuralnetwork_ccode.cpp:110 on array 'resArray1' [20]  (3.25 ns)

 <State 4>: 4.98ns
The critical path consists of the following:
	'phi' operation ('inNeurons') with incoming values : ('inNeurons', ../NN_Code/NN_Code/neuralnetwork_ccode.cpp:67->../NN_Code/NN_Code/neuralnetwork_ccode.cpp:110) [27]  (0 ns)
	'icmp' operation ('exitcond2', ../NN_Code/NN_Code/neuralnetwork_ccode.cpp:67->../NN_Code/NN_Code/neuralnetwork_ccode.cpp:110) [34]  (2.91 ns)
	'select' operation ('tmp_6_mid2_v', ../NN_Code/NN_Code/neuralnetwork_ccode.cpp:65->../NN_Code/NN_Code/neuralnetwork_ccode.cpp:110) [37]  (2.07 ns)

 <State 5>: 9.63ns
The critical path consists of the following:
	'mul' operation ('neuronIndex_i', ../NN_Code/NN_Code/neuralnetwork_ccode.cpp:55->../NN_Code/NN_Code/neuralnetwork_ccode.cpp:70->../NN_Code/NN_Code/neuralnetwork_ccode.cpp:110) [45]  (3.36 ns)
	'add' operation ('tmp_49_i', ../NN_Code/NN_Code/neuralnetwork_ccode.cpp:55->../NN_Code/NN_Code/neuralnetwork_ccode.cpp:70->../NN_Code/NN_Code/neuralnetwork_ccode.cpp:110) [46]  (3.02 ns)
	'getelementptr' operation ('weights_addr', ../NN_Code/NN_Code/neuralnetwork_ccode.cpp:55->../NN_Code/NN_Code/neuralnetwork_ccode.cpp:70->../NN_Code/NN_Code/neuralnetwork_ccode.cpp:110) [48]  (0 ns)
	'load' operation ('weights_load', ../NN_Code/NN_Code/neuralnetwork_ccode.cpp:55->../NN_Code/NN_Code/neuralnetwork_ccode.cpp:70->../NN_Code/NN_Code/neuralnetwork_ccode.cpp:110) on array 'weights_s' [49]  (3.25 ns)

 <State 6>: 3.25ns
The critical path consists of the following:
	'load' operation ('weights_load', ../NN_Code/NN_Code/neuralnetwork_ccode.cpp:55->../NN_Code/NN_Code/neuralnetwork_ccode.cpp:70->../NN_Code/NN_Code/neuralnetwork_ccode.cpp:110) on array 'weights_s' [49]  (3.25 ns)

 <State 7>: 6.91ns
The critical path consists of the following:
	'mul' operation ('tmp_8', ../NN_Code/NN_Code/neuralnetwork_ccode.cpp:70->../NN_Code/NN_Code/neuralnetwork_ccode.cpp:110) [53]  (6.91 ns)

 <State 8>: 6.91ns
The critical path consists of the following:
	'mul' operation ('tmp_8', ../NN_Code/NN_Code/neuralnetwork_ccode.cpp:70->../NN_Code/NN_Code/neuralnetwork_ccode.cpp:110) [53]  (6.91 ns)

 <State 9>: 9.41ns
The critical path consists of the following:
	'load' operation ('resArray1_load', ../NN_Code/NN_Code/neuralnetwork_ccode.cpp:70->../NN_Code/NN_Code/neuralnetwork_ccode.cpp:110) on array 'resArray1' [55]  (3.25 ns)
	'add' operation ('tmp_1', ../NN_Code/NN_Code/neuralnetwork_ccode.cpp:70->../NN_Code/NN_Code/neuralnetwork_ccode.cpp:110) [56]  (2.9 ns)
	'store' operation (../NN_Code/NN_Code/neuralnetwork_ccode.cpp:70->../NN_Code/NN_Code/neuralnetwork_ccode.cpp:110) of variable 'tmp_1', ../NN_Code/NN_Code/neuralnetwork_ccode.cpp:70->../NN_Code/NN_Code/neuralnetwork_ccode.cpp:110 on array 'resArray1' [57]  (3.25 ns)

 <State 10>: 1.59ns
The critical path consists of the following:
	multiplexor before 'phi' operation ('i') with incoming values : ('i', ../NN_Code/NN_Code/neuralnetwork_ccode.cpp:81->../NN_Code/NN_Code/neuralnetwork_ccode.cpp:111) [64]  (1.59 ns)

 <State 11>: 3.25ns
The critical path consists of the following:
	'phi' operation ('i') with incoming values : ('i', ../NN_Code/NN_Code/neuralnetwork_ccode.cpp:81->../NN_Code/NN_Code/neuralnetwork_ccode.cpp:111) [64]  (0 ns)
	'getelementptr' operation ('resArray1_addr_2', ../NN_Code/NN_Code/neuralnetwork_ccode.cpp:83->../NN_Code/NN_Code/neuralnetwork_ccode.cpp:111) [72]  (0 ns)
	'load' operation ('resArray1_load_1', ../NN_Code/NN_Code/neuralnetwork_ccode.cpp:83->../NN_Code/NN_Code/neuralnetwork_ccode.cpp:111) on array 'resArray1' [73]  (3.25 ns)

 <State 12>: 3.25ns
The critical path consists of the following:
	'load' operation ('resArray1_load_1', ../NN_Code/NN_Code/neuralnetwork_ccode.cpp:83->../NN_Code/NN_Code/neuralnetwork_ccode.cpp:111) on array 'resArray1' [73]  (3.25 ns)

 <State 13>: 5.57ns
The critical path consists of the following:
	'phi' operation ('outNeurons') with incoming values : ('outNeurons', ../NN_Code/NN_Code/neuralnetwork_ccode.cpp:61->../NN_Code/NN_Code/neuralnetwork_ccode.cpp:112) [84]  (0 ns)
	'add' operation ('tmp_57_i', ../NN_Code/NN_Code/neuralnetwork_ccode.cpp:31->../NN_Code/NN_Code/neuralnetwork_ccode.cpp:62->../NN_Code/NN_Code/neuralnetwork_ccode.cpp:112) [92]  (2.32 ns)
	'getelementptr' operation ('bias_addr_1', ../NN_Code/NN_Code/neuralnetwork_ccode.cpp:31->../NN_Code/NN_Code/neuralnetwork_ccode.cpp:62->../NN_Code/NN_Code/neuralnetwork_ccode.cpp:112) [94]  (0 ns)
	'load' operation ('bias_load_1', ../NN_Code/NN_Code/neuralnetwork_ccode.cpp:31->../NN_Code/NN_Code/neuralnetwork_ccode.cpp:62->../NN_Code/NN_Code/neuralnetwork_ccode.cpp:112) on array 'bias_s' [95]  (3.25 ns)

 <State 14>: 3.25ns
The critical path consists of the following:
	'load' operation ('bias_load_1', ../NN_Code/NN_Code/neuralnetwork_ccode.cpp:31->../NN_Code/NN_Code/neuralnetwork_ccode.cpp:62->../NN_Code/NN_Code/neuralnetwork_ccode.cpp:112) on array 'bias_s' [95]  (3.25 ns)

 <State 15>: 5.58ns
The critical path consists of the following:
	'add' operation ('tmp_60_i', ../NN_Code/NN_Code/neuralnetwork_ccode.cpp:31->../NN_Code/NN_Code/neuralnetwork_ccode.cpp:62->../NN_Code/NN_Code/neuralnetwork_ccode.cpp:112) [100]  (2.33 ns)
	'store' operation (../NN_Code/NN_Code/neuralnetwork_ccode.cpp:62->../NN_Code/NN_Code/neuralnetwork_ccode.cpp:112) of variable 'tmp_6', ../NN_Code/NN_Code/neuralnetwork_ccode.cpp:62->../NN_Code/NN_Code/neuralnetwork_ccode.cpp:112 on array 'resArray2' [103]  (3.25 ns)

 <State 16>: 4.98ns
The critical path consists of the following:
	'phi' operation ('inNeurons') with incoming values : ('inNeurons', ../NN_Code/NN_Code/neuralnetwork_ccode.cpp:67->../NN_Code/NN_Code/neuralnetwork_ccode.cpp:112) [110]  (0 ns)
	'icmp' operation ('exitcond3', ../NN_Code/NN_Code/neuralnetwork_ccode.cpp:67->../NN_Code/NN_Code/neuralnetwork_ccode.cpp:112) [117]  (2.91 ns)
	'select' operation ('inNeurons_0_i6_mid2', ../NN_Code/NN_Code/neuralnetwork_ccode.cpp:67->../NN_Code/NN_Code/neuralnetwork_ccode.cpp:112) [118]  (2.07 ns)

 <State 17>: 2.34ns
The critical path consists of the following:
	'add' operation ('tmp23_cast_mid2_v', ../NN_Code/NN_Code/neuralnetwork_ccode.cpp:55->../NN_Code/NN_Code/neuralnetwork_ccode.cpp:70->../NN_Code/NN_Code/neuralnetwork_ccode.cpp:112) [123]  (2.34 ns)

 <State 18>: 9.63ns
The critical path consists of the following:
	'mul' operation ('neuronIndex_i3', ../NN_Code/NN_Code/neuralnetwork_ccode.cpp:55->../NN_Code/NN_Code/neuralnetwork_ccode.cpp:70->../NN_Code/NN_Code/neuralnetwork_ccode.cpp:112) [130]  (3.36 ns)
	'add' operation ('tmp_49_i9', ../NN_Code/NN_Code/neuralnetwork_ccode.cpp:55->../NN_Code/NN_Code/neuralnetwork_ccode.cpp:70->../NN_Code/NN_Code/neuralnetwork_ccode.cpp:112) [131]  (3.02 ns)
	'getelementptr' operation ('weights_addr_1', ../NN_Code/NN_Code/neuralnetwork_ccode.cpp:55->../NN_Code/NN_Code/neuralnetwork_ccode.cpp:70->../NN_Code/NN_Code/neuralnetwork_ccode.cpp:112) [133]  (0 ns)
	'load' operation ('weights_load_1', ../NN_Code/NN_Code/neuralnetwork_ccode.cpp:55->../NN_Code/NN_Code/neuralnetwork_ccode.cpp:70->../NN_Code/NN_Code/neuralnetwork_ccode.cpp:112) on array 'weights_s' [134]  (3.25 ns)

 <State 19>: 3.25ns
The critical path consists of the following:
	'load' operation ('weights_load_1', ../NN_Code/NN_Code/neuralnetwork_ccode.cpp:55->../NN_Code/NN_Code/neuralnetwork_ccode.cpp:70->../NN_Code/NN_Code/neuralnetwork_ccode.cpp:112) on array 'weights_s' [134]  (3.25 ns)

 <State 20>: 6.91ns
The critical path consists of the following:
	'mul' operation ('tmp_13', ../NN_Code/NN_Code/neuralnetwork_ccode.cpp:70->../NN_Code/NN_Code/neuralnetwork_ccode.cpp:112) [138]  (6.91 ns)

 <State 21>: 6.91ns
The critical path consists of the following:
	'mul' operation ('tmp_13', ../NN_Code/NN_Code/neuralnetwork_ccode.cpp:70->../NN_Code/NN_Code/neuralnetwork_ccode.cpp:112) [138]  (6.91 ns)

 <State 22>: 9.41ns
The critical path consists of the following:
	'load' operation ('resArray2_load', ../NN_Code/NN_Code/neuralnetwork_ccode.cpp:70->../NN_Code/NN_Code/neuralnetwork_ccode.cpp:112) on array 'resArray2' [140]  (3.25 ns)
	'add' operation ('tmp_14', ../NN_Code/NN_Code/neuralnetwork_ccode.cpp:70->../NN_Code/NN_Code/neuralnetwork_ccode.cpp:112) [141]  (2.9 ns)
	'store' operation (../NN_Code/NN_Code/neuralnetwork_ccode.cpp:70->../NN_Code/NN_Code/neuralnetwork_ccode.cpp:112) of variable 'tmp_14', ../NN_Code/NN_Code/neuralnetwork_ccode.cpp:70->../NN_Code/NN_Code/neuralnetwork_ccode.cpp:112 on array 'resArray2' [142]  (3.25 ns)

 <State 23>: 1.59ns
The critical path consists of the following:
	multiplexor before 'phi' operation ('i') with incoming values : ('i', ../NN_Code/NN_Code/neuralnetwork_ccode.cpp:81->../NN_Code/NN_Code/neuralnetwork_ccode.cpp:113) [149]  (1.59 ns)

 <State 24>: 3.25ns
The critical path consists of the following:
	'phi' operation ('i') with incoming values : ('i', ../NN_Code/NN_Code/neuralnetwork_ccode.cpp:81->../NN_Code/NN_Code/neuralnetwork_ccode.cpp:113) [149]  (0 ns)
	'getelementptr' operation ('resArray2_addr_2', ../NN_Code/NN_Code/neuralnetwork_ccode.cpp:83->../NN_Code/NN_Code/neuralnetwork_ccode.cpp:113) [157]  (0 ns)
	'load' operation ('resArray2_load_1', ../NN_Code/NN_Code/neuralnetwork_ccode.cpp:83->../NN_Code/NN_Code/neuralnetwork_ccode.cpp:113) on array 'resArray2' [158]  (3.25 ns)

 <State 25>: 3.25ns
The critical path consists of the following:
	'load' operation ('resArray2_load_1', ../NN_Code/NN_Code/neuralnetwork_ccode.cpp:83->../NN_Code/NN_Code/neuralnetwork_ccode.cpp:113) on array 'resArray2' [158]  (3.25 ns)

 <State 26>: 5.57ns
The critical path consists of the following:
	'phi' operation ('outNeurons') with incoming values : ('outNeurons', ../NN_Code/NN_Code/neuralnetwork_ccode.cpp:61->../NN_Code/NN_Code/neuralnetwork_ccode.cpp:114) [169]  (0 ns)
	'add' operation ('tmp_57_i1', ../NN_Code/NN_Code/neuralnetwork_ccode.cpp:31->../NN_Code/NN_Code/neuralnetwork_ccode.cpp:62->../NN_Code/NN_Code/neuralnetwork_ccode.cpp:114) [177]  (2.32 ns)
	'getelementptr' operation ('bias_addr_2', ../NN_Code/NN_Code/neuralnetwork_ccode.cpp:31->../NN_Code/NN_Code/neuralnetwork_ccode.cpp:62->../NN_Code/NN_Code/neuralnetwork_ccode.cpp:114) [179]  (0 ns)
	'load' operation ('bias_load_2', ../NN_Code/NN_Code/neuralnetwork_ccode.cpp:31->../NN_Code/NN_Code/neuralnetwork_ccode.cpp:62->../NN_Code/NN_Code/neuralnetwork_ccode.cpp:114) on array 'bias_s' [180]  (3.25 ns)

 <State 27>: 3.25ns
The critical path consists of the following:
	'load' operation ('bias_load_2', ../NN_Code/NN_Code/neuralnetwork_ccode.cpp:31->../NN_Code/NN_Code/neuralnetwork_ccode.cpp:62->../NN_Code/NN_Code/neuralnetwork_ccode.cpp:114) on array 'bias_s' [180]  (3.25 ns)

 <State 28>: 6.43ns
The critical path consists of the following:
	'mul' operation ('tmp_60_i1', ../NN_Code/NN_Code/neuralnetwork_ccode.cpp:31->../NN_Code/NN_Code/neuralnetwork_ccode.cpp:62->../NN_Code/NN_Code/neuralnetwork_ccode.cpp:114) [182]  (6.43 ns)

 <State 29>: 3.25ns
The critical path consists of the following:
	'store' operation (../NN_Code/NN_Code/neuralnetwork_ccode.cpp:62->../NN_Code/NN_Code/neuralnetwork_ccode.cpp:114) of variable 'tmp_18', ../NN_Code/NN_Code/neuralnetwork_ccode.cpp:62->../NN_Code/NN_Code/neuralnetwork_ccode.cpp:114 on array 'resArray1' [185]  (3.25 ns)

 <State 30>: 4.98ns
The critical path consists of the following:
	'phi' operation ('inNeurons') with incoming values : ('inNeurons', ../NN_Code/NN_Code/neuralnetwork_ccode.cpp:67->../NN_Code/NN_Code/neuralnetwork_ccode.cpp:114) [192]  (0 ns)
	'icmp' operation ('exitcond5', ../NN_Code/NN_Code/neuralnetwork_ccode.cpp:67->../NN_Code/NN_Code/neuralnetwork_ccode.cpp:114) [199]  (2.91 ns)
	'select' operation ('inNeurons_0_i_mid2', ../NN_Code/NN_Code/neuralnetwork_ccode.cpp:67->../NN_Code/NN_Code/neuralnetwork_ccode.cpp:114) [200]  (2.07 ns)

 <State 31>: 4.25ns
The critical path consists of the following:
	'add' operation ('neuronIndex', ../NN_Code/NN_Code/neuralnetwork_ccode.cpp:53->../NN_Code/NN_Code/neuralnetwork_ccode.cpp:70->../NN_Code/NN_Code/neuralnetwork_ccode.cpp:114) [213]  (2.32 ns)
	'add' operation ('tmp_49_i1', ../NN_Code/NN_Code/neuralnetwork_ccode.cpp:55->../NN_Code/NN_Code/neuralnetwork_ccode.cpp:70->../NN_Code/NN_Code/neuralnetwork_ccode.cpp:114) [215]  (1.92 ns)

 <State 32>: 3.25ns
The critical path consists of the following:
	'getelementptr' operation ('resArray2_addr_3', ../NN_Code/NN_Code/neuralnetwork_ccode.cpp:70->../NN_Code/NN_Code/neuralnetwork_ccode.cpp:114) [220]  (0 ns)
	'load' operation ('resArray2_load_2', ../NN_Code/NN_Code/neuralnetwork_ccode.cpp:70->../NN_Code/NN_Code/neuralnetwork_ccode.cpp:114) on array 'resArray2' [221]  (3.25 ns)

 <State 33>: 3.25ns
The critical path consists of the following:
	'load' operation ('weights_load_2', ../NN_Code/NN_Code/neuralnetwork_ccode.cpp:55->../NN_Code/NN_Code/neuralnetwork_ccode.cpp:70->../NN_Code/NN_Code/neuralnetwork_ccode.cpp:114) on array 'weights_s' [218]  (3.25 ns)

 <State 34>: 6.91ns
The critical path consists of the following:
	'mul' operation ('tmp_22', ../NN_Code/NN_Code/neuralnetwork_ccode.cpp:70->../NN_Code/NN_Code/neuralnetwork_ccode.cpp:114) [222]  (6.91 ns)

 <State 35>: 6.91ns
The critical path consists of the following:
	'mul' operation ('tmp_22', ../NN_Code/NN_Code/neuralnetwork_ccode.cpp:70->../NN_Code/NN_Code/neuralnetwork_ccode.cpp:114) [222]  (6.91 ns)

 <State 36>: 9.41ns
The critical path consists of the following:
	'load' operation ('resArray1_load_4', ../NN_Code/NN_Code/neuralnetwork_ccode.cpp:70->../NN_Code/NN_Code/neuralnetwork_ccode.cpp:114) on array 'resArray1' [224]  (3.25 ns)
	'add' operation ('tmp_23', ../NN_Code/NN_Code/neuralnetwork_ccode.cpp:70->../NN_Code/NN_Code/neuralnetwork_ccode.cpp:114) [225]  (2.9 ns)
	'store' operation (../NN_Code/NN_Code/neuralnetwork_ccode.cpp:70->../NN_Code/NN_Code/neuralnetwork_ccode.cpp:114) of variable 'tmp_23', ../NN_Code/NN_Code/neuralnetwork_ccode.cpp:70->../NN_Code/NN_Code/neuralnetwork_ccode.cpp:114 on array 'resArray1' [226]  (3.25 ns)

 <State 37>: 3.25ns
The critical path consists of the following:
	'load' operation ('max', ../NN_Code/NN_Code/neuralnetwork_ccode.cpp:92->../NN_Code/NN_Code/neuralnetwork_ccode.cpp:116) on array 'resArray1' [231]  (3.25 ns)

 <State 38>: 4.84ns
The critical path consists of the following:
	'load' operation ('max', ../NN_Code/NN_Code/neuralnetwork_ccode.cpp:92->../NN_Code/NN_Code/neuralnetwork_ccode.cpp:116) on array 'resArray1' [231]  (3.25 ns)
	multiplexor before 'phi' operation ('max') with incoming values : ('max', ../NN_Code/NN_Code/neuralnetwork_ccode.cpp:92->../NN_Code/NN_Code/neuralnetwork_ccode.cpp:116) ('max_1_max_0_i', ../NN_Code/NN_Code/neuralnetwork_ccode.cpp:96->../NN_Code/NN_Code/neuralnetwork_ccode.cpp:116) [234]  (1.59 ns)

 <State 39>: 3.25ns
The critical path consists of the following:
	'phi' operation ('i') with incoming values : ('i', ../NN_Code/NN_Code/neuralnetwork_ccode.cpp:95->../NN_Code/NN_Code/neuralnetwork_ccode.cpp:116) [236]  (0 ns)
	'getelementptr' operation ('resArray1_addr_6', ../NN_Code/NN_Code/neuralnetwork_ccode.cpp:96->../NN_Code/NN_Code/neuralnetwork_ccode.cpp:116) [244]  (0 ns)
	'load' operation ('max', ../NN_Code/NN_Code/neuralnetwork_ccode.cpp:96->../NN_Code/NN_Code/neuralnetwork_ccode.cpp:116) on array 'resArray1' [245]  (3.25 ns)

 <State 40>: 3.25ns
The critical path consists of the following:
	'load' operation ('max', ../NN_Code/NN_Code/neuralnetwork_ccode.cpp:96->../NN_Code/NN_Code/neuralnetwork_ccode.cpp:116) on array 'resArray1' [245]  (3.25 ns)

 <State 41>: 5.33ns
The critical path consists of the following:
	'icmp' operation ('tmp_25', ../NN_Code/NN_Code/neuralnetwork_ccode.cpp:96->../NN_Code/NN_Code/neuralnetwork_ccode.cpp:116) [246]  (3.26 ns)
	'select' operation ('max_index_max_index_s', ../NN_Code/NN_Code/neuralnetwork_ccode.cpp:96->../NN_Code/NN_Code/neuralnetwork_ccode.cpp:116) [248]  (2.07 ns)


============================================================
+ Verbose Summary: Binding
============================================================
N/A
* FSMD analyzer results:
  - Output states:
 - Input state : 
  - Chain level:
	State 1
	State 2
	State 3
	State 4
	State 5
	State 6
	State 7
	State 8
	State 9
	State 10
	State 11
	State 12
	State 13
	State 14
	State 15
	State 16
	State 17
	State 18
	State 19
	State 20
	State 21
	State 22
	State 23
	State 24
	State 25
	State 26
	State 27
	State 28
	State 29
	State 30
	State 31
	State 32
	State 33
	State 34
	State 35
	State 36
	State 37
	State 38
	State 39
	State 40
	State 41


============================================================
+ Verbose Summary: Datapath Resource usage 
============================================================
N/A
