
*** Running vivado
    with args -log design_1_NeuralNetwork_0_0.vds -m64 -product Vivado -mode batch -messageDb vivado.pb -notrace -source design_1_NeuralNetwork_0_0.tcl


****** Vivado v2017.2 (64-bit)
  **** SW Build 1909853 on Thu Jun 15 18:39:09 MDT 2017
  **** IP Build 1909766 on Thu Jun 15 19:58:00 MDT 2017
    ** Copyright 1986-2017 Xilinx, Inc. All Rights Reserved.

source design_1_NeuralNetwork_0_0.tcl -notrace
Command: synth_design -top design_1_NeuralNetwork_0_0 -part xc7z010clg400-1 -mode out_of_context
Starting synth_design
Attempting to get a license for feature 'Synthesis' and/or device 'xc7z010-clg400'
INFO: [Common 17-349] Got license for feature 'Synthesis' and/or device 'xc7z010-clg400'
INFO: Launching helper process for spawning children vivado processes
INFO: Helper process launched with PID 14352 
---------------------------------------------------------------------------------
Starting RTL Elaboration : Time (s): cpu = 00:00:07 ; elapsed = 00:00:07 . Memory (MB): peak = 307.609 ; gain = 79.031
---------------------------------------------------------------------------------
INFO: [Synth 8-638] synthesizing module 'design_1_NeuralNetwork_0_0' [c:/Users/jespe/Desktop/Uni_Civil_9_Semester/Embedded_course/ERTS_final_project/Vivado_project/project_1/project_1.srcs/sources_1/bd/design_1/ip/design_1_NeuralNetwork_0_0/synth/design_1_NeuralNetwork_0_0.vhd:81]
	Parameter C_S_AXI_NNIO_ADDR_WIDTH bound to: 10 - type: integer 
	Parameter C_S_AXI_NNIO_DATA_WIDTH bound to: 32 - type: integer 
INFO: [Synth 8-3491] module 'NeuralNetwork' declared at 'c:/Users/jespe/Desktop/Uni_Civil_9_Semester/Embedded_course/ERTS_final_project/Vivado_project/project_1/project_1.srcs/sources_1/bd/design_1/ipshared/e952/hdl/vhdl/NeuralNetwork.vhd:12' bound to instance 'U0' of component 'NeuralNetwork' [c:/Users/jespe/Desktop/Uni_Civil_9_Semester/Embedded_course/ERTS_final_project/Vivado_project/project_1/project_1.srcs/sources_1/bd/design_1/ip/design_1_NeuralNetwork_0_0/synth/design_1_NeuralNetwork_0_0.vhd:140]
INFO: [Synth 8-638] synthesizing module 'NeuralNetwork' [c:/Users/jespe/Desktop/Uni_Civil_9_Semester/Embedded_course/ERTS_final_project/Vivado_project/project_1/project_1.srcs/sources_1/bd/design_1/ipshared/e952/hdl/vhdl/NeuralNetwork.vhd:40]
	Parameter C_S_AXI_NNIO_ADDR_WIDTH bound to: 10 - type: integer 
	Parameter C_S_AXI_NNIO_DATA_WIDTH bound to: 32 - type: integer 
WARNING: [Synth 8-5640] Port 'input_r_address0' is missing in component declaration [c:/Users/jespe/Desktop/Uni_Civil_9_Semester/Embedded_course/ERTS_final_project/Vivado_project/project_1/project_1.srcs/sources_1/bd/design_1/ipshared/e952/hdl/vhdl/NeuralNetwork.vhd:56]
WARNING: [Synth 8-5640] Port 'input_r_ce0' is missing in component declaration [c:/Users/jespe/Desktop/Uni_Civil_9_Semester/Embedded_course/ERTS_final_project/Vivado_project/project_1/project_1.srcs/sources_1/bd/design_1/ipshared/e952/hdl/vhdl/NeuralNetwork.vhd:56]
WARNING: [Synth 8-5640] Port 'input_r_we0' is missing in component declaration [c:/Users/jespe/Desktop/Uni_Civil_9_Semester/Embedded_course/ERTS_final_project/Vivado_project/project_1/project_1.srcs/sources_1/bd/design_1/ipshared/e952/hdl/vhdl/NeuralNetwork.vhd:56]
WARNING: [Synth 8-5640] Port 'input_r_d0' is missing in component declaration [c:/Users/jespe/Desktop/Uni_Civil_9_Semester/Embedded_course/ERTS_final_project/Vivado_project/project_1/project_1.srcs/sources_1/bd/design_1/ipshared/e952/hdl/vhdl/NeuralNetwork.vhd:56]
	Parameter C_S_AXI_ADDR_WIDTH bound to: 10 - type: integer 
	Parameter C_S_AXI_DATA_WIDTH bound to: 32 - type: integer 
INFO: [Synth 8-3491] module 'NeuralNetwork_NNIO_s_axi' declared at 'c:/Users/jespe/Desktop/Uni_Civil_9_Semester/Embedded_course/ERTS_final_project/Vivado_project/project_1/project_1.srcs/sources_1/bd/design_1/ipshared/e952/hdl/vhdl/NeuralNetwork_NNIO_s_axi.vhd:12' bound to instance 'NeuralNetwork_NNIO_s_axi_U' of component 'NeuralNetwork_NNIO_s_axi' [c:/Users/jespe/Desktop/Uni_Civil_9_Semester/Embedded_course/ERTS_final_project/Vivado_project/project_1/project_1.srcs/sources_1/bd/design_1/ipshared/e952/hdl/vhdl/NeuralNetwork.vhd:92]
INFO: [Synth 8-638] synthesizing module 'NeuralNetwork_NNIO_s_axi' [c:/Users/jespe/Desktop/Uni_Civil_9_Semester/Embedded_course/ERTS_final_project/Vivado_project/project_1/project_1.srcs/sources_1/bd/design_1/ipshared/e952/hdl/vhdl/NeuralNetwork_NNIO_s_axi.vhd:77]
	Parameter C_S_AXI_ADDR_WIDTH bound to: 10 - type: integer 
	Parameter C_S_AXI_DATA_WIDTH bound to: 32 - type: integer 
	Parameter BYTES bound to: 4 - type: integer 
	Parameter DEPTH bound to: 80 - type: integer 
	Parameter AWIDTH bound to: 7 - type: integer 
INFO: [Synth 8-3491] module 'NeuralNetwork_NNIO_s_axi_ram' declared at 'c:/Users/jespe/Desktop/Uni_Civil_9_Semester/Embedded_course/ERTS_final_project/Vivado_project/project_1/project_1.srcs/sources_1/bd/design_1/ipshared/e952/hdl/vhdl/NeuralNetwork_NNIO_s_axi.vhd:470' bound to instance 'int_input_r' of component 'NeuralNetwork_NNIO_s_axi_ram' [c:/Users/jespe/Desktop/Uni_Civil_9_Semester/Embedded_course/ERTS_final_project/Vivado_project/project_1/project_1.srcs/sources_1/bd/design_1/ipshared/e952/hdl/vhdl/NeuralNetwork_NNIO_s_axi.vhd:165]
INFO: [Synth 8-638] synthesizing module 'NeuralNetwork_NNIO_s_axi_ram' [c:/Users/jespe/Desktop/Uni_Civil_9_Semester/Embedded_course/ERTS_final_project/Vivado_project/project_1/project_1.srcs/sources_1/bd/design_1/ipshared/e952/hdl/vhdl/NeuralNetwork_NNIO_s_axi.vhd:493]
	Parameter BYTES bound to: 4 - type: integer 
	Parameter DEPTH bound to: 80 - type: integer 
	Parameter AWIDTH bound to: 7 - type: integer 
WARNING: [Synth 8-6014] Unused sequential element gen_write[0].mem_reg was removed. 
WARNING: [Synth 8-6014] Unused sequential element gen_write[0].mem_reg was removed. 
WARNING: [Synth 8-6014] Unused sequential element gen_write[2].mem_reg was removed. 
WARNING: [Synth 8-6014] Unused sequential element gen_write[2].mem_reg was removed. 
WARNING: [Synth 8-6014] Unused sequential element gen_write[3].mem_reg was removed. 
WARNING: [Synth 8-6014] Unused sequential element gen_write[3].mem_reg was removed. 
INFO: [Synth 8-256] done synthesizing module 'NeuralNetwork_NNIO_s_axi_ram' (1#1) [c:/Users/jespe/Desktop/Uni_Civil_9_Semester/Embedded_course/ERTS_final_project/Vivado_project/project_1/project_1.srcs/sources_1/bd/design_1/ipshared/e952/hdl/vhdl/NeuralNetwork_NNIO_s_axi.vhd:493]
INFO: [Synth 8-256] done synthesizing module 'NeuralNetwork_NNIO_s_axi' (2#1) [c:/Users/jespe/Desktop/Uni_Civil_9_Semester/Embedded_course/ERTS_final_project/Vivado_project/project_1/project_1.srcs/sources_1/bd/design_1/ipshared/e952/hdl/vhdl/NeuralNetwork_NNIO_s_axi.vhd:77]
INFO: [Synth 8-256] done synthesizing module 'NeuralNetwork' (3#1) [c:/Users/jespe/Desktop/Uni_Civil_9_Semester/Embedded_course/ERTS_final_project/Vivado_project/project_1/project_1.srcs/sources_1/bd/design_1/ipshared/e952/hdl/vhdl/NeuralNetwork.vhd:40]
INFO: [Synth 8-256] done synthesizing module 'design_1_NeuralNetwork_0_0' (4#1) [c:/Users/jespe/Desktop/Uni_Civil_9_Semester/Embedded_course/ERTS_final_project/Vivado_project/project_1/project_1.srcs/sources_1/bd/design_1/ip/design_1_NeuralNetwork_0_0/synth/design_1_NeuralNetwork_0_0.vhd:81]
---------------------------------------------------------------------------------
Finished RTL Elaboration : Time (s): cpu = 00:00:09 ; elapsed = 00:00:09 . Memory (MB): peak = 347.941 ; gain = 119.363
---------------------------------------------------------------------------------

Report Check Netlist: 
+------+------------------+-------+---------+-------+------------------+
|      |Item              |Errors |Warnings |Status |Description       |
+------+------------------+-------+---------+-------+------------------+
|1     |multi_driven_nets |      0|        0|Passed |Multi driven nets |
+------+------------------+-------+---------+-------+------------------+
WARNING: [Synth 8-3295] tying undriven pin NeuralNetwork_NNIO_s_axi_U:input_r_address0[6] to constant 0 [c:/Users/jespe/Desktop/Uni_Civil_9_Semester/Embedded_course/ERTS_final_project/Vivado_project/project_1/project_1.srcs/sources_1/bd/design_1/ipshared/e952/hdl/vhdl/NeuralNetwork.vhd:92]
WARNING: [Synth 8-3295] tying undriven pin NeuralNetwork_NNIO_s_axi_U:input_r_address0[5] to constant 0 [c:/Users/jespe/Desktop/Uni_Civil_9_Semester/Embedded_course/ERTS_final_project/Vivado_project/project_1/project_1.srcs/sources_1/bd/design_1/ipshared/e952/hdl/vhdl/NeuralNetwork.vhd:92]
WARNING: [Synth 8-3295] tying undriven pin NeuralNetwork_NNIO_s_axi_U:input_r_address0[4] to constant 0 [c:/Users/jespe/Desktop/Uni_Civil_9_Semester/Embedded_course/ERTS_final_project/Vivado_project/project_1/project_1.srcs/sources_1/bd/design_1/ipshared/e952/hdl/vhdl/NeuralNetwork.vhd:92]
WARNING: [Synth 8-3295] tying undriven pin NeuralNetwork_NNIO_s_axi_U:input_r_address0[3] to constant 0 [c:/Users/jespe/Desktop/Uni_Civil_9_Semester/Embedded_course/ERTS_final_project/Vivado_project/project_1/project_1.srcs/sources_1/bd/design_1/ipshared/e952/hdl/vhdl/NeuralNetwork.vhd:92]
WARNING: [Synth 8-3295] tying undriven pin NeuralNetwork_NNIO_s_axi_U:input_r_address0[2] to constant 0 [c:/Users/jespe/Desktop/Uni_Civil_9_Semester/Embedded_course/ERTS_final_project/Vivado_project/project_1/project_1.srcs/sources_1/bd/design_1/ipshared/e952/hdl/vhdl/NeuralNetwork.vhd:92]
WARNING: [Synth 8-3295] tying undriven pin NeuralNetwork_NNIO_s_axi_U:input_r_address0[1] to constant 0 [c:/Users/jespe/Desktop/Uni_Civil_9_Semester/Embedded_course/ERTS_final_project/Vivado_project/project_1/project_1.srcs/sources_1/bd/design_1/ipshared/e952/hdl/vhdl/NeuralNetwork.vhd:92]
WARNING: [Synth 8-3295] tying undriven pin NeuralNetwork_NNIO_s_axi_U:input_r_address0[0] to constant 0 [c:/Users/jespe/Desktop/Uni_Civil_9_Semester/Embedded_course/ERTS_final_project/Vivado_project/project_1/project_1.srcs/sources_1/bd/design_1/ipshared/e952/hdl/vhdl/NeuralNetwork.vhd:92]
WARNING: [Synth 8-3295] tying undriven pin NeuralNetwork_NNIO_s_axi_U:input_r_ce0 to constant 0 [c:/Users/jespe/Desktop/Uni_Civil_9_Semester/Embedded_course/ERTS_final_project/Vivado_project/project_1/project_1.srcs/sources_1/bd/design_1/ipshared/e952/hdl/vhdl/NeuralNetwork.vhd:92]
WARNING: [Synth 8-3295] tying undriven pin NeuralNetwork_NNIO_s_axi_U:input_r_we0 to constant 0 [c:/Users/jespe/Desktop/Uni_Civil_9_Semester/Embedded_course/ERTS_final_project/Vivado_project/project_1/project_1.srcs/sources_1/bd/design_1/ipshared/e952/hdl/vhdl/NeuralNetwork.vhd:92]
WARNING: [Synth 8-3295] tying undriven pin NeuralNetwork_NNIO_s_axi_U:input_r_d0[31] to constant 0 [c:/Users/jespe/Desktop/Uni_Civil_9_Semester/Embedded_course/ERTS_final_project/Vivado_project/project_1/project_1.srcs/sources_1/bd/design_1/ipshared/e952/hdl/vhdl/NeuralNetwork.vhd:92]
WARNING: [Synth 8-3295] tying undriven pin NeuralNetwork_NNIO_s_axi_U:input_r_d0[30] to constant 0 [c:/Users/jespe/Desktop/Uni_Civil_9_Semester/Embedded_course/ERTS_final_project/Vivado_project/project_1/project_1.srcs/sources_1/bd/design_1/ipshared/e952/hdl/vhdl/NeuralNetwork.vhd:92]
WARNING: [Synth 8-3295] tying undriven pin NeuralNetwork_NNIO_s_axi_U:input_r_d0[29] to constant 0 [c:/Users/jespe/Desktop/Uni_Civil_9_Semester/Embedded_course/ERTS_final_project/Vivado_project/project_1/project_1.srcs/sources_1/bd/design_1/ipshared/e952/hdl/vhdl/NeuralNetwork.vhd:92]
WARNING: [Synth 8-3295] tying undriven pin NeuralNetwork_NNIO_s_axi_U:input_r_d0[28] to constant 0 [c:/Users/jespe/Desktop/Uni_Civil_9_Semester/Embedded_course/ERTS_final_project/Vivado_project/project_1/project_1.srcs/sources_1/bd/design_1/ipshared/e952/hdl/vhdl/NeuralNetwork.vhd:92]
WARNING: [Synth 8-3295] tying undriven pin NeuralNetwork_NNIO_s_axi_U:input_r_d0[27] to constant 0 [c:/Users/jespe/Desktop/Uni_Civil_9_Semester/Embedded_course/ERTS_final_project/Vivado_project/project_1/project_1.srcs/sources_1/bd/design_1/ipshared/e952/hdl/vhdl/NeuralNetwork.vhd:92]
WARNING: [Synth 8-3295] tying undriven pin NeuralNetwork_NNIO_s_axi_U:input_r_d0[26] to constant 0 [c:/Users/jespe/Desktop/Uni_Civil_9_Semester/Embedded_course/ERTS_final_project/Vivado_project/project_1/project_1.srcs/sources_1/bd/design_1/ipshared/e952/hdl/vhdl/NeuralNetwork.vhd:92]
WARNING: [Synth 8-3295] tying undriven pin NeuralNetwork_NNIO_s_axi_U:input_r_d0[25] to constant 0 [c:/Users/jespe/Desktop/Uni_Civil_9_Semester/Embedded_course/ERTS_final_project/Vivado_project/project_1/project_1.srcs/sources_1/bd/design_1/ipshared/e952/hdl/vhdl/NeuralNetwork.vhd:92]
WARNING: [Synth 8-3295] tying undriven pin NeuralNetwork_NNIO_s_axi_U:input_r_d0[24] to constant 0 [c:/Users/jespe/Desktop/Uni_Civil_9_Semester/Embedded_course/ERTS_final_project/Vivado_project/project_1/project_1.srcs/sources_1/bd/design_1/ipshared/e952/hdl/vhdl/NeuralNetwork.vhd:92]
WARNING: [Synth 8-3295] tying undriven pin NeuralNetwork_NNIO_s_axi_U:input_r_d0[23] to constant 0 [c:/Users/jespe/Desktop/Uni_Civil_9_Semester/Embedded_course/ERTS_final_project/Vivado_project/project_1/project_1.srcs/sources_1/bd/design_1/ipshared/e952/hdl/vhdl/NeuralNetwork.vhd:92]
WARNING: [Synth 8-3295] tying undriven pin NeuralNetwork_NNIO_s_axi_U:input_r_d0[22] to constant 0 [c:/Users/jespe/Desktop/Uni_Civil_9_Semester/Embedded_course/ERTS_final_project/Vivado_project/project_1/project_1.srcs/sources_1/bd/design_1/ipshared/e952/hdl/vhdl/NeuralNetwork.vhd:92]
WARNING: [Synth 8-3295] tying undriven pin NeuralNetwork_NNIO_s_axi_U:input_r_d0[21] to constant 0 [c:/Users/jespe/Desktop/Uni_Civil_9_Semester/Embedded_course/ERTS_final_project/Vivado_project/project_1/project_1.srcs/sources_1/bd/design_1/ipshared/e952/hdl/vhdl/NeuralNetwork.vhd:92]
WARNING: [Synth 8-3295] tying undriven pin NeuralNetwork_NNIO_s_axi_U:input_r_d0[20] to constant 0 [c:/Users/jespe/Desktop/Uni_Civil_9_Semester/Embedded_course/ERTS_final_project/Vivado_project/project_1/project_1.srcs/sources_1/bd/design_1/ipshared/e952/hdl/vhdl/NeuralNetwork.vhd:92]
WARNING: [Synth 8-3295] tying undriven pin NeuralNetwork_NNIO_s_axi_U:input_r_d0[19] to constant 0 [c:/Users/jespe/Desktop/Uni_Civil_9_Semester/Embedded_course/ERTS_final_project/Vivado_project/project_1/project_1.srcs/sources_1/bd/design_1/ipshared/e952/hdl/vhdl/NeuralNetwork.vhd:92]
WARNING: [Synth 8-3295] tying undriven pin NeuralNetwork_NNIO_s_axi_U:input_r_d0[18] to constant 0 [c:/Users/jespe/Desktop/Uni_Civil_9_Semester/Embedded_course/ERTS_final_project/Vivado_project/project_1/project_1.srcs/sources_1/bd/design_1/ipshared/e952/hdl/vhdl/NeuralNetwork.vhd:92]
WARNING: [Synth 8-3295] tying undriven pin NeuralNetwork_NNIO_s_axi_U:input_r_d0[17] to constant 0 [c:/Users/jespe/Desktop/Uni_Civil_9_Semester/Embedded_course/ERTS_final_project/Vivado_project/project_1/project_1.srcs/sources_1/bd/design_1/ipshared/e952/hdl/vhdl/NeuralNetwork.vhd:92]
WARNING: [Synth 8-3295] tying undriven pin NeuralNetwork_NNIO_s_axi_U:input_r_d0[16] to constant 0 [c:/Users/jespe/Desktop/Uni_Civil_9_Semester/Embedded_course/ERTS_final_project/Vivado_project/project_1/project_1.srcs/sources_1/bd/design_1/ipshared/e952/hdl/vhdl/NeuralNetwork.vhd:92]
WARNING: [Synth 8-3295] tying undriven pin NeuralNetwork_NNIO_s_axi_U:input_r_d0[15] to constant 0 [c:/Users/jespe/Desktop/Uni_Civil_9_Semester/Embedded_course/ERTS_final_project/Vivado_project/project_1/project_1.srcs/sources_1/bd/design_1/ipshared/e952/hdl/vhdl/NeuralNetwork.vhd:92]
WARNING: [Synth 8-3295] tying undriven pin NeuralNetwork_NNIO_s_axi_U:input_r_d0[14] to constant 0 [c:/Users/jespe/Desktop/Uni_Civil_9_Semester/Embedded_course/ERTS_final_project/Vivado_project/project_1/project_1.srcs/sources_1/bd/design_1/ipshared/e952/hdl/vhdl/NeuralNetwork.vhd:92]
WARNING: [Synth 8-3295] tying undriven pin NeuralNetwork_NNIO_s_axi_U:input_r_d0[13] to constant 0 [c:/Users/jespe/Desktop/Uni_Civil_9_Semester/Embedded_course/ERTS_final_project/Vivado_project/project_1/project_1.srcs/sources_1/bd/design_1/ipshared/e952/hdl/vhdl/NeuralNetwork.vhd:92]
WARNING: [Synth 8-3295] tying undriven pin NeuralNetwork_NNIO_s_axi_U:input_r_d0[12] to constant 0 [c:/Users/jespe/Desktop/Uni_Civil_9_Semester/Embedded_course/ERTS_final_project/Vivado_project/project_1/project_1.srcs/sources_1/bd/design_1/ipshared/e952/hdl/vhdl/NeuralNetwork.vhd:92]
WARNING: [Synth 8-3295] tying undriven pin NeuralNetwork_NNIO_s_axi_U:input_r_d0[11] to constant 0 [c:/Users/jespe/Desktop/Uni_Civil_9_Semester/Embedded_course/ERTS_final_project/Vivado_project/project_1/project_1.srcs/sources_1/bd/design_1/ipshared/e952/hdl/vhdl/NeuralNetwork.vhd:92]
WARNING: [Synth 8-3295] tying undriven pin NeuralNetwork_NNIO_s_axi_U:input_r_d0[10] to constant 0 [c:/Users/jespe/Desktop/Uni_Civil_9_Semester/Embedded_course/ERTS_final_project/Vivado_project/project_1/project_1.srcs/sources_1/bd/design_1/ipshared/e952/hdl/vhdl/NeuralNetwork.vhd:92]
WARNING: [Synth 8-3295] tying undriven pin NeuralNetwork_NNIO_s_axi_U:input_r_d0[9] to constant 0 [c:/Users/jespe/Desktop/Uni_Civil_9_Semester/Embedded_course/ERTS_final_project/Vivado_project/project_1/project_1.srcs/sources_1/bd/design_1/ipshared/e952/hdl/vhdl/NeuralNetwork.vhd:92]
WARNING: [Synth 8-3295] tying undriven pin NeuralNetwork_NNIO_s_axi_U:input_r_d0[8] to constant 0 [c:/Users/jespe/Desktop/Uni_Civil_9_Semester/Embedded_course/ERTS_final_project/Vivado_project/project_1/project_1.srcs/sources_1/bd/design_1/ipshared/e952/hdl/vhdl/NeuralNetwork.vhd:92]
WARNING: [Synth 8-3295] tying undriven pin NeuralNetwork_NNIO_s_axi_U:input_r_d0[7] to constant 0 [c:/Users/jespe/Desktop/Uni_Civil_9_Semester/Embedded_course/ERTS_final_project/Vivado_project/project_1/project_1.srcs/sources_1/bd/design_1/ipshared/e952/hdl/vhdl/NeuralNetwork.vhd:92]
WARNING: [Synth 8-3295] tying undriven pin NeuralNetwork_NNIO_s_axi_U:input_r_d0[6] to constant 0 [c:/Users/jespe/Desktop/Uni_Civil_9_Semester/Embedded_course/ERTS_final_project/Vivado_project/project_1/project_1.srcs/sources_1/bd/design_1/ipshared/e952/hdl/vhdl/NeuralNetwork.vhd:92]
WARNING: [Synth 8-3295] tying undriven pin NeuralNetwork_NNIO_s_axi_U:input_r_d0[5] to constant 0 [c:/Users/jespe/Desktop/Uni_Civil_9_Semester/Embedded_course/ERTS_final_project/Vivado_project/project_1/project_1.srcs/sources_1/bd/design_1/ipshared/e952/hdl/vhdl/NeuralNetwork.vhd:92]
WARNING: [Synth 8-3295] tying undriven pin NeuralNetwork_NNIO_s_axi_U:input_r_d0[4] to constant 0 [c:/Users/jespe/Desktop/Uni_Civil_9_Semester/Embedded_course/ERTS_final_project/Vivado_project/project_1/project_1.srcs/sources_1/bd/design_1/ipshared/e952/hdl/vhdl/NeuralNetwork.vhd:92]
WARNING: [Synth 8-3295] tying undriven pin NeuralNetwork_NNIO_s_axi_U:input_r_d0[3] to constant 0 [c:/Users/jespe/Desktop/Uni_Civil_9_Semester/Embedded_course/ERTS_final_project/Vivado_project/project_1/project_1.srcs/sources_1/bd/design_1/ipshared/e952/hdl/vhdl/NeuralNetwork.vhd:92]
WARNING: [Synth 8-3295] tying undriven pin NeuralNetwork_NNIO_s_axi_U:input_r_d0[2] to constant 0 [c:/Users/jespe/Desktop/Uni_Civil_9_Semester/Embedded_course/ERTS_final_project/Vivado_project/project_1/project_1.srcs/sources_1/bd/design_1/ipshared/e952/hdl/vhdl/NeuralNetwork.vhd:92]
WARNING: [Synth 8-3295] tying undriven pin NeuralNetwork_NNIO_s_axi_U:input_r_d0[1] to constant 0 [c:/Users/jespe/Desktop/Uni_Civil_9_Semester/Embedded_course/ERTS_final_project/Vivado_project/project_1/project_1.srcs/sources_1/bd/design_1/ipshared/e952/hdl/vhdl/NeuralNetwork.vhd:92]
WARNING: [Synth 8-3295] tying undriven pin NeuralNetwork_NNIO_s_axi_U:input_r_d0[0] to constant 0 [c:/Users/jespe/Desktop/Uni_Civil_9_Semester/Embedded_course/ERTS_final_project/Vivado_project/project_1/project_1.srcs/sources_1/bd/design_1/ipshared/e952/hdl/vhdl/NeuralNetwork.vhd:92]
---------------------------------------------------------------------------------
Finished RTL Optimization Phase 1 : Time (s): cpu = 00:00:09 ; elapsed = 00:00:09 . Memory (MB): peak = 347.941 ; gain = 119.363
---------------------------------------------------------------------------------
INFO: [Device 21-403] Loading part xc7z010clg400-1
INFO: [Project 1-570] Preparing netlist for logic optimization

Processing XDC Constraints
Initializing timing engine
Parsing XDC File [c:/Users/jespe/Desktop/Uni_Civil_9_Semester/Embedded_course/ERTS_final_project/Vivado_project/project_1/project_1.srcs/sources_1/bd/design_1/ip/design_1_NeuralNetwork_0_0/constraints/NeuralNetwork_ooc.xdc] for cell 'U0'
Finished Parsing XDC File [c:/Users/jespe/Desktop/Uni_Civil_9_Semester/Embedded_course/ERTS_final_project/Vivado_project/project_1/project_1.srcs/sources_1/bd/design_1/ip/design_1_NeuralNetwork_0_0/constraints/NeuralNetwork_ooc.xdc] for cell 'U0'
Parsing XDC File [C:/Users/jespe/Desktop/Uni_Civil_9_Semester/Embedded_course/ERTS_final_project/Vivado_project/project_1/project_1.runs/design_1_NeuralNetwork_0_0_synth_1/dont_touch.xdc]
Finished Parsing XDC File [C:/Users/jespe/Desktop/Uni_Civil_9_Semester/Embedded_course/ERTS_final_project/Vivado_project/project_1/project_1.runs/design_1_NeuralNetwork_0_0_synth_1/dont_touch.xdc]
Completed Processing XDC Constraints

INFO: [Project 1-111] Unisim Transformation Summary:
No Unisim elements were transformed.

Constraint Validation Runtime : Time (s): cpu = 00:00:00 ; elapsed = 00:00:00.046 . Memory (MB): peak = 645.926 ; gain = 0.000
---------------------------------------------------------------------------------
Finished Constraint Validation : Time (s): cpu = 00:00:29 ; elapsed = 00:00:30 . Memory (MB): peak = 645.926 ; gain = 417.348
---------------------------------------------------------------------------------
---------------------------------------------------------------------------------
Start Loading Part and Timing Information
---------------------------------------------------------------------------------
Loading part: xc7z010clg400-1
---------------------------------------------------------------------------------
Finished Loading Part and Timing Information : Time (s): cpu = 00:00:29 ; elapsed = 00:00:30 . Memory (MB): peak = 645.926 ; gain = 417.348
---------------------------------------------------------------------------------
---------------------------------------------------------------------------------
Start Applying 'set_property' XDC Constraints
---------------------------------------------------------------------------------
Applied set_property DONT_TOUCH = true for U0. (constraint file  C:/Users/jespe/Desktop/Uni_Civil_9_Semester/Embedded_course/ERTS_final_project/Vivado_project/project_1/project_1.runs/design_1_NeuralNetwork_0_0_synth_1/dont_touch.xdc, line 9).
---------------------------------------------------------------------------------
Finished applying 'set_property' XDC Constraints : Time (s): cpu = 00:00:29 ; elapsed = 00:00:30 . Memory (MB): peak = 645.926 ; gain = 417.348
---------------------------------------------------------------------------------
INFO: [Synth 8-802] inferred FSM for state register 'wstate_reg' in module 'NeuralNetwork_NNIO_s_axi'
WARNING: [Synth 8-6014] Unused sequential element wstate_reg was removed.  [c:/Users/jespe/Desktop/Uni_Civil_9_Semester/Embedded_course/ERTS_final_project/Vivado_project/project_1/project_1.srcs/sources_1/bd/design_1/ipshared/e952/hdl/vhdl/NeuralNetwork_NNIO_s_axi.vhd:202]
INFO: [Synth 8-5544] ROM "ARREADY_t" won't be mapped to Block RAM because address size (3) smaller than threshold (5)
INFO: [Synth 8-5544] ROM "BVALID" won't be mapped to Block RAM because address size (3) smaller than threshold (5)
INFO: [Synth 8-5544] ROM "WREADY_t" won't be mapped to Block RAM because address size (3) smaller than threshold (5)
INFO: [Synth 8-5544] ROM "AWREADY_t" won't be mapped to Block RAM because address size (3) smaller than threshold (5)
INFO: [Synth 8-5544] ROM "wnext" won't be mapped to Block RAM because address size (1) smaller than threshold (5)
INFO: [Synth 8-5544] ROM "wnext" won't be mapped to Block RAM because address size (1) smaller than threshold (5)
INFO: [Synth 8-3971] The signal gen_write[1].mem_reg was recognized as a true dual port RAM template.
WARNING: [Synth 8-6014] Unused sequential element wstate_reg was removed.  [c:/Users/jespe/Desktop/Uni_Civil_9_Semester/Embedded_course/ERTS_final_project/Vivado_project/project_1/project_1.srcs/sources_1/bd/design_1/ipshared/e952/hdl/vhdl/NeuralNetwork_NNIO_s_axi.vhd:202]
WARNING: [Synth 8-6014] Unused sequential element wstate_reg was removed.  [c:/Users/jespe/Desktop/Uni_Civil_9_Semester/Embedded_course/ERTS_final_project/Vivado_project/project_1/project_1.srcs/sources_1/bd/design_1/ipshared/e952/hdl/vhdl/NeuralNetwork_NNIO_s_axi.vhd:202]
---------------------------------------------------------------------------------------------------
                   State |                     New Encoding |                Previous Encoding 
---------------------------------------------------------------------------------------------------
                  iSTATE |                             0001 |                              011
*
                  wridle |                             0010 |                              000
                  wrdata |                             0100 |                              001
                  wrresp |                             1000 |                              010
---------------------------------------------------------------------------------------------------
INFO: [Synth 8-3354] encoded FSM with state register 'wstate_reg' using encoding 'one-hot' in module 'NeuralNetwork_NNIO_s_axi'
WARNING: [Synth 8-6014] Unused sequential element wstate_reg was removed.  [c:/Users/jespe/Desktop/Uni_Civil_9_Semester/Embedded_course/ERTS_final_project/Vivado_project/project_1/project_1.srcs/sources_1/bd/design_1/ipshared/e952/hdl/vhdl/NeuralNetwork_NNIO_s_axi.vhd:202]
---------------------------------------------------------------------------------
Finished RTL Optimization Phase 2 : Time (s): cpu = 00:00:29 ; elapsed = 00:00:31 . Memory (MB): peak = 645.926 ; gain = 417.348
---------------------------------------------------------------------------------

Report RTL Partitions: 
+-+--------------+------------+----------+
| |RTL Partition |Replication |Instances |
+-+--------------+------------+----------+
+-+--------------+------------+----------+
---------------------------------------------------------------------------------
Start RTL Component Statistics 
---------------------------------------------------------------------------------
Detailed RTL Component Info : 
+---XORs : 
	   2 Input      1 Bit         XORs := 1     
+---Registers : 
	               32 Bit    Registers := 3     
	               10 Bit    Registers := 1     
	                8 Bit    Registers := 1     
	                3 Bit    Registers := 1     
	                1 Bit    Registers := 8     
+---RAMs : 
	               2K Bit         RAMs := 1     
+---Muxes : 
	   2 Input     32 Bit        Muxes := 14    
	   6 Input     32 Bit        Muxes := 1     
	   2 Input      8 Bit        Muxes := 2     
	   2 Input      7 Bit        Muxes := 1     
	   7 Input      4 Bit        Muxes := 1     
	   5 Input      3 Bit        Muxes := 1     
	   2 Input      1 Bit        Muxes := 4     
---------------------------------------------------------------------------------
Finished RTL Component Statistics 
---------------------------------------------------------------------------------
---------------------------------------------------------------------------------
Start RTL Hierarchical Component Statistics 
---------------------------------------------------------------------------------
Hierarchical RTL Component report 
Module NeuralNetwork_NNIO_s_axi_ram 
Detailed RTL Component Info : 
+---Registers : 
	               32 Bit    Registers := 2     
+---RAMs : 
	               2K Bit         RAMs := 1     
+---Muxes : 
	   2 Input     32 Bit        Muxes := 12    
	   2 Input      8 Bit        Muxes := 2     
Module NeuralNetwork_NNIO_s_axi 
Detailed RTL Component Info : 
+---XORs : 
	   2 Input      1 Bit         XORs := 1     
+---Registers : 
	               32 Bit    Registers := 1     
	               10 Bit    Registers := 1     
	                8 Bit    Registers := 1     
	                3 Bit    Registers := 1     
	                1 Bit    Registers := 8     
+---Muxes : 
	   6 Input     32 Bit        Muxes := 1     
	   2 Input     32 Bit        Muxes := 2     
	   2 Input      7 Bit        Muxes := 1     
	   7 Input      4 Bit        Muxes := 1     
	   5 Input      3 Bit        Muxes := 1     
	   2 Input      1 Bit        Muxes := 4     
---------------------------------------------------------------------------------
Finished RTL Hierarchical Component Statistics
---------------------------------------------------------------------------------
---------------------------------------------------------------------------------
Start Part Resource Summary
---------------------------------------------------------------------------------
Part Resources:
DSPs: 80 (col length:40)
BRAMs: 120 (col length: RAMB18 40 RAMB36 20)
---------------------------------------------------------------------------------
Finished Part Resource Summary
---------------------------------------------------------------------------------
---------------------------------------------------------------------------------
Start Cross Boundary and Area Optimization
---------------------------------------------------------------------------------
WARNING: [Synth 8-6014] Unused sequential element NeuralNetwork_NNIO_s_axi_U/int_input_r/q0_reg was removed.  [c:/Users/jespe/Desktop/Uni_Civil_9_Semester/Embedded_course/ERTS_final_project/Vivado_project/project_1/project_1.srcs/sources_1/bd/design_1/ipshared/e952/hdl/vhdl/NeuralNetwork_NNIO_s_axi.vhd:528]
INFO: [Synth 8-3971] The signal NeuralNetwork_NNIO_s_axi_U/int_input_r/gen_write[1].mem_reg was recognized as a true dual port RAM template.
INFO: [Synth 8-3886] merging instance 'U0/NeuralNetwork_NNIO_s_axi_U/int_ap_return_reg[0]' (FDRE) to 'U0/NeuralNetwork_NNIO_s_axi_U/int_ap_return_reg[2]'
INFO: [Synth 8-3886] merging instance 'U0/NeuralNetwork_NNIO_s_axi_U/int_ap_return_reg[2]' (FDRE) to 'U0/NeuralNetwork_NNIO_s_axi_U/int_ap_return_reg[3]'
INFO: [Synth 8-3886] merging instance 'U0/NeuralNetwork_NNIO_s_axi_U/int_ap_return_reg[3]' (FDRE) to 'U0/NeuralNetwork_NNIO_s_axi_U/int_ap_return_reg[4]'
INFO: [Synth 8-3886] merging instance 'U0/NeuralNetwork_NNIO_s_axi_U/int_ap_return_reg[4]' (FDRE) to 'U0/NeuralNetwork_NNIO_s_axi_U/int_ap_return_reg[5]'
INFO: [Synth 8-3886] merging instance 'U0/NeuralNetwork_NNIO_s_axi_U/int_ap_return_reg[5]' (FDRE) to 'U0/NeuralNetwork_NNIO_s_axi_U/int_ap_return_reg[6]'
INFO: [Synth 8-3886] merging instance 'U0/NeuralNetwork_NNIO_s_axi_U/int_ap_return_reg[6]' (FDRE) to 'U0/NeuralNetwork_NNIO_s_axi_U/int_ap_return_reg[7]'
INFO: [Synth 8-3333] propagating constant 0 across sequential element (U0/\NeuralNetwork_NNIO_s_axi_U/int_ap_return_reg[7] )
INFO: [Synth 8-3333] propagating constant 1 across sequential element (U0/\NeuralNetwork_NNIO_s_axi_U/rstate_reg[2] )
WARNING: [Synth 8-3332] Sequential element (i_0) is unused and will be removed from module NeuralNetwork.
WARNING: [Synth 8-3332] Sequential element (i_2) is unused and will be removed from module NeuralNetwork.
WARNING: [Synth 8-3332] Sequential element (i_4) is unused and will be removed from module NeuralNetwork.
WARNING: [Synth 8-3332] Sequential element (i_6) is unused and will be removed from module NeuralNetwork.
WARNING: [Synth 8-3332] Sequential element (i_8) is unused and will be removed from module NeuralNetwork.
WARNING: [Synth 8-3332] Sequential element (i_10) is unused and will be removed from module NeuralNetwork.
WARNING: [Synth 8-3332] Sequential element (i_12) is unused and will be removed from module NeuralNetwork.
WARNING: [Synth 8-3332] Sequential element (i_14) is unused and will be removed from module NeuralNetwork.
WARNING: [Synth 8-3332] Sequential element (i_16) is unused and will be removed from module NeuralNetwork.
WARNING: [Synth 8-3332] Sequential element (i_18) is unused and will be removed from module NeuralNetwork.
WARNING: [Synth 8-3332] Sequential element (i_20) is unused and will be removed from module NeuralNetwork.
WARNING: [Synth 8-3332] Sequential element (i_22) is unused and will be removed from module NeuralNetwork.
WARNING: [Synth 8-3332] Sequential element (i_24) is unused and will be removed from module NeuralNetwork.
WARNING: [Synth 8-3332] Sequential element (i_26) is unused and will be removed from module NeuralNetwork.
WARNING: [Synth 8-3332] Sequential element (i_28) is unused and will be removed from module NeuralNetwork.
WARNING: [Synth 8-3332] Sequential element (i_30) is unused and will be removed from module NeuralNetwork.
WARNING: [Synth 8-3332] Sequential element (i_32) is unused and will be removed from module NeuralNetwork.
WARNING: [Synth 8-3332] Sequential element (i_34) is unused and will be removed from module NeuralNetwork.
WARNING: [Synth 8-3332] Sequential element (i_36) is unused and will be removed from module NeuralNetwork.
WARNING: [Synth 8-3332] Sequential element (i_38) is unused and will be removed from module NeuralNetwork.
WARNING: [Synth 8-3332] Sequential element (i_40) is unused and will be removed from module NeuralNetwork.
WARNING: [Synth 8-3332] Sequential element (i_42) is unused and will be removed from module NeuralNetwork.
WARNING: [Synth 8-3332] Sequential element (i_44) is unused and will be removed from module NeuralNetwork.
WARNING: [Synth 8-3332] Sequential element (i_46) is unused and will be removed from module NeuralNetwork.
WARNING: [Synth 8-3332] Sequential element (i_48) is unused and will be removed from module NeuralNetwork.
WARNING: [Synth 8-3332] Sequential element (i_50) is unused and will be removed from module NeuralNetwork.
WARNING: [Synth 8-3332] Sequential element (i_52) is unused and will be removed from module NeuralNetwork.
WARNING: [Synth 8-3332] Sequential element (i_54) is unused and will be removed from module NeuralNetwork.
WARNING: [Synth 8-3332] Sequential element (i_56) is unused and will be removed from module NeuralNetwork.
WARNING: [Synth 8-3332] Sequential element (i_58) is unused and will be removed from module NeuralNetwork.
WARNING: [Synth 8-3332] Sequential element (i_60) is unused and will be removed from module NeuralNetwork.
WARNING: [Synth 8-3332] Sequential element (i_62) is unused and will be removed from module NeuralNetwork.
WARNING: [Synth 8-3332] Sequential element (i_64) is unused and will be removed from module NeuralNetwork.
WARNING: [Synth 8-3332] Sequential element (NeuralNetwork_NNIO_s_axi_U/rstate_reg[2]) is unused and will be removed from module NeuralNetwork.
WARNING: [Synth 8-3332] Sequential element (NeuralNetwork_NNIO_s_axi_U/int_ap_return_reg[7]) is unused and will be removed from module NeuralNetwork.
---------------------------------------------------------------------------------
Finished Cross Boundary and Area Optimization : Time (s): cpu = 00:00:31 ; elapsed = 00:00:32 . Memory (MB): peak = 645.926 ; gain = 417.348
---------------------------------------------------------------------------------
---------------------------------------------------------------------------------
Start ROM, RAM, DSP and Shift Register Reporting
---------------------------------------------------------------------------------

Block RAM: Preliminary Mapping  Report (see note below)
+------------------------------+----------------------+------------------------+---+---+------------------------+---+---+------------------+--------+--------+
|Module Name                   | RTL Object           | PORT A (Depth x Width) | W | R | PORT B (Depth x Width) | W | R | Ports driving FF | RAMB18 | RAMB36 | 
+------------------------------+----------------------+------------------------+---+---+------------------------+---+---+------------------+--------+--------+
|NeuralNetwork_NNIO_s_axi_ram: | gen_write[1].mem_reg | 128 x 32(READ_FIRST)   | W | R | 128 x 32(READ_FIRST)   | W | R | Port A and B     | 0      | 1      | 
+------------------------------+----------------------+------------------------+---+---+------------------------+---+---+------------------+--------+--------+

Note: The table above is a preliminary report that shows the Block RAMs at the current stage of the synthesis flow. Some Block RAMs may be reimplemented as non Block RAM primitives later in the synthesis flow. Multiple instantiated Block RAMs are reported only once. 
---------------------------------------------------------------------------------
Finished ROM, RAM, DSP and Shift Register Reporting
---------------------------------------------------------------------------------

Report RTL Partitions: 
+-+--------------+------------+----------+
| |RTL Partition |Replication |Instances |
+-+--------------+------------+----------+
+-+--------------+------------+----------+
---------------------------------------------------------------------------------
Start Applying XDC Timing Constraints
---------------------------------------------------------------------------------
---------------------------------------------------------------------------------
Finished Applying XDC Timing Constraints : Time (s): cpu = 00:00:57 ; elapsed = 00:01:00 . Memory (MB): peak = 645.926 ; gain = 417.348
---------------------------------------------------------------------------------
---------------------------------------------------------------------------------
Start Timing Optimization
---------------------------------------------------------------------------------
---------------------------------------------------------------------------------
Finished Timing Optimization : Time (s): cpu = 00:00:57 ; elapsed = 00:01:00 . Memory (MB): peak = 645.926 ; gain = 417.348
---------------------------------------------------------------------------------

Report RTL Partitions: 
+-+--------------+------------+----------+
| |RTL Partition |Replication |Instances |
+-+--------------+------------+----------+
+-+--------------+------------+----------+
---------------------------------------------------------------------------------
Start Technology Mapping
---------------------------------------------------------------------------------
INFO: [Synth 8-4480] The timing for the instance U0/NeuralNetwork_NNIO_s_axi_U/int_input_r/gen_write[1].mem_reg (implemented as a block RAM) might be sub-optimal as no optional output register could be merged into the block ram. Providing additional output register may help in improving timing.
---------------------------------------------------------------------------------
Finished Technology Mapping : Time (s): cpu = 00:00:57 ; elapsed = 00:01:00 . Memory (MB): peak = 645.926 ; gain = 417.348
---------------------------------------------------------------------------------

Report RTL Partitions: 
+-+--------------+------------+----------+
| |RTL Partition |Replication |Instances |
+-+--------------+------------+----------+
+-+--------------+------------+----------+
---------------------------------------------------------------------------------
Start IO Insertion
---------------------------------------------------------------------------------
---------------------------------------------------------------------------------
Start Flattening Before IO Insertion
---------------------------------------------------------------------------------
---------------------------------------------------------------------------------
Finished Flattening Before IO Insertion
---------------------------------------------------------------------------------
---------------------------------------------------------------------------------
Start Final Netlist Cleanup
---------------------------------------------------------------------------------
---------------------------------------------------------------------------------
Finished Final Netlist Cleanup
---------------------------------------------------------------------------------
---------------------------------------------------------------------------------
Finished IO Insertion : Time (s): cpu = 00:00:59 ; elapsed = 00:01:01 . Memory (MB): peak = 645.926 ; gain = 417.348
---------------------------------------------------------------------------------

Report Check Netlist: 
+------+------------------+-------+---------+-------+------------------+
|      |Item              |Errors |Warnings |Status |Description       |
+------+------------------+-------+---------+-------+------------------+
|1     |multi_driven_nets |      0|        0|Passed |Multi driven nets |
+------+------------------+-------+---------+-------+------------------+
---------------------------------------------------------------------------------
Start Renaming Generated Instances
---------------------------------------------------------------------------------
---------------------------------------------------------------------------------
Finished Renaming Generated Instances : Time (s): cpu = 00:00:59 ; elapsed = 00:01:01 . Memory (MB): peak = 645.926 ; gain = 417.348
---------------------------------------------------------------------------------

Report RTL Partitions: 
+-+--------------+------------+----------+
| |RTL Partition |Replication |Instances |
+-+--------------+------------+----------+
+-+--------------+------------+----------+
---------------------------------------------------------------------------------
Start Rebuilding User Hierarchy
---------------------------------------------------------------------------------
---------------------------------------------------------------------------------
Finished Rebuilding User Hierarchy : Time (s): cpu = 00:00:59 ; elapsed = 00:01:02 . Memory (MB): peak = 645.926 ; gain = 417.348
---------------------------------------------------------------------------------
---------------------------------------------------------------------------------
Start Renaming Generated Ports
---------------------------------------------------------------------------------
---------------------------------------------------------------------------------
Finished Renaming Generated Ports : Time (s): cpu = 00:00:59 ; elapsed = 00:01:02 . Memory (MB): peak = 645.926 ; gain = 417.348
---------------------------------------------------------------------------------
---------------------------------------------------------------------------------
Start Handling Custom Attributes
---------------------------------------------------------------------------------
---------------------------------------------------------------------------------
Finished Handling Custom Attributes : Time (s): cpu = 00:00:59 ; elapsed = 00:01:02 . Memory (MB): peak = 645.926 ; gain = 417.348
---------------------------------------------------------------------------------
---------------------------------------------------------------------------------
Start Renaming Generated Nets
---------------------------------------------------------------------------------
---------------------------------------------------------------------------------
Finished Renaming Generated Nets : Time (s): cpu = 00:00:59 ; elapsed = 00:01:02 . Memory (MB): peak = 645.926 ; gain = 417.348
---------------------------------------------------------------------------------
---------------------------------------------------------------------------------
Start Writing Synthesis Report
---------------------------------------------------------------------------------

Report BlackBoxes: 
+-+--------------+----------+
| |BlackBox name |Instances |
+-+--------------+----------+
+-+--------------+----------+

Report Cell Usage: 
+------+---------+------+
|      |Cell     |Count |
+------+---------+------+
|1     |LUT1     |     1|
|2     |LUT2     |     5|
|3     |LUT3     |    35|
|4     |LUT4     |     6|
|5     |LUT5     |    20|
|6     |LUT6     |     9|
|7     |RAMB36E1 |     1|
|8     |FDRE     |    88|
|9     |FDSE     |     2|
+------+---------+------+

Report Instance Areas: 
+------+-------------------------------+-----------------------------+------+
|      |Instance                       |Module                       |Cells |
+------+-------------------------------+-----------------------------+------+
|1     |top                            |                             |   167|
|2     |  U0                           |NeuralNetwork                |   167|
|3     |    NeuralNetwork_NNIO_s_axi_U |NeuralNetwork_NNIO_s_axi     |   134|
|4     |      int_input_r              |NeuralNetwork_NNIO_s_axi_ram |    44|
+------+-------------------------------+-----------------------------+------+
---------------------------------------------------------------------------------
Finished Writing Synthesis Report : Time (s): cpu = 00:00:59 ; elapsed = 00:01:02 . Memory (MB): peak = 645.926 ; gain = 417.348
---------------------------------------------------------------------------------
Synthesis finished with 0 errors, 0 critical warnings and 40 warnings.
Synthesis Optimization Runtime : Time (s): cpu = 00:00:38 ; elapsed = 00:00:49 . Memory (MB): peak = 645.926 ; gain = 119.363
Synthesis Optimization Complete : Time (s): cpu = 00:00:59 ; elapsed = 00:01:02 . Memory (MB): peak = 645.926 ; gain = 417.348
INFO: [Project 1-571] Translating synthesized netlist
INFO: [Netlist 29-17] Analyzing 1 Unisim elements for replacement
INFO: [Netlist 29-28] Unisim Transformation completed in 1 CPU seconds
INFO: [Project 1-570] Preparing netlist for logic optimization
INFO: [Opt 31-138] Pushed 0 inverter(s) to 0 load pin(s).
INFO: [Project 1-111] Unisim Transformation Summary:
No Unisim elements were transformed.

40 Infos, 91 Warnings, 0 Critical Warnings and 0 Errors encountered.
synth_design completed successfully
synth_design: Time (s): cpu = 00:01:01 ; elapsed = 00:01:06 . Memory (MB): peak = 645.926 ; gain = 417.973
INFO: [Common 17-1381] The checkpoint 'C:/Users/jespe/Desktop/Uni_Civil_9_Semester/Embedded_course/ERTS_final_project/Vivado_project/project_1/project_1.runs/design_1_NeuralNetwork_0_0_synth_1/design_1_NeuralNetwork_0_0.dcp' has been generated.
